#
# There is insufficient memory for the Java Runtime Environment to continue.
# Native memory allocation (mmap) failed to map 14680064 bytes. Error detail: G1 virtual space
# Possible reasons:
#   The system is out of physical RAM or swap space
#   This process is running with CompressedOops enabled, and the Java Heap may be blocking the growth of the native heap
# Possible solutions:
#   Reduce memory load on the system
#   Increase physical memory or swap space
#   Check if swap backing store is full
#   Decrease Java heap size (-Xmx/-Xms)
#   Decrease number of Java threads
#   Decrease Java thread stack sizes (-Xss)
#   Set larger code cache with -XX:ReservedCodeCacheSize=
#   JVM is running with Zero Based Compressed Oops mode in which the Java heap is
#     placed in the first 32GB address space. The Java Heap base address is the
#     maximum limit for the native heap growth. Please use -XX:HeapBaseMinAddress
#     to set the Java Heap base and to place the Java Heap above 32GB virtual address.
# This output file may be truncated or incomplete.
#
#  Out of Memory Error (os_windows.cpp:3736), pid=3164, tid=21652
#
# JRE version: OpenJDK Runtime Environment Microsoft-11933218 (21.0.8+9) (build 21.0.8+9-LTS)
# Java VM: OpenJDK 64-Bit Server VM Microsoft-11933218 (21.0.8+9-LTS, mixed mode, sharing, tiered, compressed oops, compressed class ptrs, g1 gc, windows-amd64)
# No core dump will be written. Minidumps are not enabled by default on client versions of Windows
#

---------------  S U M M A R Y ------------

Command Line: -Dcom.sun.management.jmxremote -Dcom.sun.management.jmxremote.port=9001 -Dcom.sun.management.jmxremote.authenticate=false -Dcom.sun.management.jmxremote.ssl=false -Djava.rmi.server.hostname=127.0.0.1 com.uniminuto.clinica.ClinicaApplication --spring.application.admin.enabled=true --spring.application.admin.jmx-name=org.springframework.boot:type=Admin,name=SpringApplication

Host: 12th Gen Intel(R) Core(TM) i5-1235U, 12 cores, 11G,  Windows 11 , 64 bit Build 26100 (10.0.26100.5074)
Time: Fri Oct 24 18:44:53 2025 Hora est. Pac璗ico, Sudam廨ica elapsed time: 164.398843 seconds (0d 0h 2m 44s)

---------------  T H R E A D  ---------------

Current thread (0x000001d9b85a98a0):  VMThread "VM Thread"          [id=21652, stack(0x000000c457000000,0x000000c457100000) (1024K)]

Stack: [0x000000c457000000,0x000000c457100000]
Native frames: (J=compiled Java code, j=interpreted, Vv=VM code, C=native code)
V  [jvm.dll+0x6e1729]
V  [jvm.dll+0x8bf47b]
V  [jvm.dll+0x8c19aa]
V  [jvm.dll+0x8c2083]
V  [jvm.dll+0x289fd6]
V  [jvm.dll+0x6de085]
V  [jvm.dll+0x6d218a]
V  [jvm.dll+0x366f6e]
V  [jvm.dll+0x36ee1b]
V  [jvm.dll+0x3c06b9]
V  [jvm.dll+0x3c095b]
V  [jvm.dll+0x33a8b7]
V  [jvm.dll+0x33a947]
V  [jvm.dll+0x37f68c]
V  [jvm.dll+0x37de6e]
V  [jvm.dll+0x33a011]
V  [jvm.dll+0x37d4da]
V  [jvm.dll+0x8c7def]
V  [jvm.dll+0x8c92fc]
V  [jvm.dll+0x8c9874]
V  [jvm.dll+0x8c9973]
V  [jvm.dll+0x86975d]
V  [jvm.dll+0x6dff2d]
C  [ucrtbase.dll+0x37b0]
C  [KERNEL32.DLL+0x2e8d7]
C  [ntdll.dll+0x8d9c]

VM_Operation (0x000000c4567fba00): G1CollectForAllocation, mode: safepoint, requested by thread 0x000001d9fe70edc0


---------------  P R O C E S S  ---------------

Threads class SMR info:
_java_thread_list=0x000001d9808a2b40, length=27, elements={
0x000001d9b85c0d40, 0x000001d9b85c1890, 0x000001d9b85c6760, 0x000001d9b85c7d20,
0x000001d9b85cc880, 0x000001d9b85cd480, 0x000001d9b85c9eb0, 0x000001d9b85cded0,
0x000001d9b86eb4d0, 0x000001d9b8807420, 0x000001d9fe2e41c0, 0x000001d9fe4391f0,
0x000001d9fe43a140, 0x000001d9fe703b90, 0x000001d9fe70e0a0, 0x000001d9822692e0,
0x000001d982713e10, 0x000001d982715850, 0x000001d9fe70da10, 0x000001d9fe70edc0,
0x000001d9b8706d30, 0x000001d9809c24e0, 0x000001d9fe70ccf0, 0x000001d9fe70c660,
0x000001d9fe70f450, 0x000001d9fe70fae0, 0x000001d9fe70d380
}

Java Threads: ( => current thread )
  0x000001d9b85c0d40 JavaThread "Reference Handler"          daemon [_thread_blocked, id=20252, stack(0x000000c457100000,0x000000c457200000) (1024K)]
  0x000001d9b85c1890 JavaThread "Finalizer"                  daemon [_thread_blocked, id=16960, stack(0x000000c457200000,0x000000c457300000) (1024K)]
  0x000001d9b85c6760 JavaThread "Signal Dispatcher"          daemon [_thread_blocked, id=9516, stack(0x000000c457300000,0x000000c457400000) (1024K)]
  0x000001d9b85c7d20 JavaThread "Attach Listener"            daemon [_thread_blocked, id=10188, stack(0x000000c457400000,0x000000c457500000) (1024K)]
  0x000001d9b85cc880 JavaThread "Service Thread"             daemon [_thread_blocked, id=20660, stack(0x000000c457500000,0x000000c457600000) (1024K)]
  0x000001d9b85cd480 JavaThread "Monitor Deflation Thread"   daemon [_thread_blocked, id=19620, stack(0x000000c457600000,0x000000c457700000) (1024K)]
  0x000001d9b85c9eb0 JavaThread "C2 CompilerThread0"         daemon [_thread_blocked, id=20432, stack(0x000000c457700000,0x000000c457800000) (1024K)]
  0x000001d9b85cded0 JavaThread "C1 CompilerThread0"         daemon [_thread_blocked, id=6404, stack(0x000000c457800000,0x000000c457900000) (1024K)]
  0x000001d9b86eb4d0 JavaThread "Common-Cleaner"             daemon [_thread_blocked, id=21884, stack(0x000000c457900000,0x000000c457a00000) (1024K)]
  0x000001d9b8807420 JavaThread "Notification Thread"        daemon [_thread_blocked, id=2348, stack(0x000000c457b00000,0x000000c457c00000) (1024K)]
  0x000001d9fe2e41c0 JavaThread "RMI TCP Accept-0"           daemon [_thread_in_native, id=12204, stack(0x000000c457d00000,0x000000c457e00000) (1024K)]
  0x000001d9fe4391f0 JavaThread "RMI TCP Accept-9001"        daemon [_thread_in_native, id=1956, stack(0x000000c457e00000,0x000000c457f00000) (1024K)]
  0x000001d9fe43a140 JavaThread "RMI TCP Accept-0"           daemon [_thread_in_native, id=24172, stack(0x000000c457f00000,0x000000c458000000) (1024K)]
  0x000001d9fe703b90 JavaThread "RMI Scheduler(0)"           daemon [_thread_blocked, id=23696, stack(0x000000c458a00000,0x000000c458b00000) (1024K)]
  0x000001d9fe70e0a0 JavaThread "mysql-cj-abandoned-connection-cleanup" daemon [_thread_blocked, id=22228, stack(0x000000c459400000,0x000000c459500000) (1024K)]
  0x000001d9822692e0 JavaThread "Live Reload Server"         daemon [_thread_in_native, id=15260, stack(0x000000c459a00000,0x000000c459b00000) (1024K)]
  0x000001d982713e10 JavaThread "DestroyJavaVM"                     [_thread_blocked, id=20712, stack(0x000000c456900000,0x000000c456a00000) (1024K)]
  0x000001d982715850 JavaThread "File Watcher"               daemon [_thread_blocked, id=23500, stack(0x000000c456800000,0x000000c456900000) (1024K)]
  0x000001d9fe70da10 JavaThread "Thread-7"                          [_thread_blocked, id=13672, stack(0x000000c456600000,0x000000c456700000) (1024K)]
  0x000001d9fe70edc0 JavaThread "restartedMain"                     [_thread_blocked, id=20380, stack(0x000000c456700000,0x000000c456800000) (1024K)]
  0x000001d9b8706d30 JavaThread "C2 CompilerThread1"         daemon [_thread_blocked, id=22292, stack(0x000000c457a00000,0x000000c457b00000) (1024K)]
  0x000001d9809c24e0 JavaThread "C2 CompilerThread2"         daemon [_thread_blocked, id=18096, stack(0x000000c458900000,0x000000c458a00000) (1024K)]
  0x000001d9fe70ccf0 JavaThread "Catalina-utility-1"                [_thread_blocked, id=10912, stack(0x000000c458b00000,0x000000c458c00000) (1024K)]
  0x000001d9fe70c660 JavaThread "Catalina-utility-2"                [_thread_blocked, id=22752, stack(0x000000c458c00000,0x000000c458d00000) (1024K)]
  0x000001d9fe70f450 JavaThread "container-1"                       [_thread_blocked, id=22868, stack(0x000000c458d00000,0x000000c458e00000) (1024K)]
  0x000001d9fe70fae0 JavaThread "HikariPool-3 housekeeper"   daemon [_thread_blocked, id=23440, stack(0x000000c458e00000,0x000000c458f00000) (1024K)]
  0x000001d9fe70d380 JavaThread "HikariPool-3 connection adder" daemon [_thread_blocked, id=1560, stack(0x000000c458f00000,0x000000c459000000) (1024K)]
Total: 27

Other Threads:
=>0x000001d9b85a98a0 VMThread "VM Thread"                           [id=21652, stack(0x000000c457000000,0x000000c457100000) (1024K)]
  0x000001d9b85969e0 WatcherThread "VM Periodic Task Thread"        [id=20732, stack(0x000000c456f00000,0x000000c457000000) (1024K)]
  0x000001d998260ea0 WorkerThread "GC Thread#0"                     [id=10624, stack(0x000000c456a00000,0x000000c456b00000) (1024K)]
  0x000001d9fe688ea0 WorkerThread "GC Thread#1"                     [id=24300, stack(0x000000c458000000,0x000000c458100000) (1024K)]
  0x000001d9fe689240 WorkerThread "GC Thread#2"                     [id=23308, stack(0x000000c458100000,0x000000c458200000) (1024K)]
  0x000001d9fe8eb6e0 WorkerThread "GC Thread#3"                     [id=11028, stack(0x000000c458200000,0x000000c458300000) (1024K)]
  0x000001d9fe942010 WorkerThread "GC Thread#4"                     [id=1436, stack(0x000000c458300000,0x000000c458400000) (1024K)]
  0x000001d9fe9423b0 WorkerThread "GC Thread#5"                     [id=22156, stack(0x000000c458400000,0x000000c458500000) (1024K)]
  0x000001d9fe8aa120 WorkerThread "GC Thread#6"                     [id=22244, stack(0x000000c458500000,0x000000c458600000) (1024K)]
  0x000001d9fe8aa4c0 WorkerThread "GC Thread#7"                     [id=13840, stack(0x000000c458600000,0x000000c458700000) (1024K)]
  0x000001d9fe8aac70 WorkerThread "GC Thread#8"                     [id=1760, stack(0x000000c458700000,0x000000c458800000) (1024K)]
  0x000001d9fe8ab010 WorkerThread "GC Thread#9"                     [id=23768, stack(0x000000c458800000,0x000000c458900000) (1024K)]
  0x000001d99826e9a0 ConcurrentGCThread "G1 Main Marker"            [id=17776, stack(0x000000c456b00000,0x000000c456c00000) (1024K)]
  0x000001d9982704b0 WorkerThread "G1 Conc#0"                       [id=18980, stack(0x000000c456c00000,0x000000c456d00000) (1024K)]
  0x000001d9feae5d00 WorkerThread "G1 Conc#1"                       [id=5520, stack(0x000000c459100000,0x000000c459200000) (1024K)]
  0x000001d9feae60a0 WorkerThread "G1 Conc#2"                       [id=21772, stack(0x000000c459200000,0x000000c459300000) (1024K)]
  0x000001d9b84608b0 ConcurrentGCThread "G1 Refine#0"               [id=16976, stack(0x000000c456d00000,0x000000c456e00000) (1024K)]
  0x000001d9b8461420 ConcurrentGCThread "G1 Service"                [id=14556, stack(0x000000c456e00000,0x000000c456f00000) (1024K)]
Total: 18

Threads with active compile tasks:
C2 CompilerThread0  164425 9060       4       org.springframework.data.repository.core.support.RepositoryComposition$RepositoryFragments::methods (15 bytes)
C2 CompilerThread1  164425 9042       4       org.springframework.data.repository.core.support.RepositoryComposition::getMethod (20 bytes)
C2 CompilerThread2  164425 9029       4       org.springframework.data.repository.core.support.RepositoryComposition$RepositoryFragments::findMethod (83 bytes)
Total: 3

VM state: at safepoint (normal execution)

VM Mutex/Monitor currently owned by a thread:  ([mutex/lock_event])
[0x00007ffb9c28a7c8] Threads_lock - owner thread: 0x000001d9b85a98a0
[0x00007ffb9c28a8c8] Heap_lock - owner thread: 0x000001d9fe70edc0

Heap address: 0x0000000744e00000, size: 2994 MB, Compressed Oops mode: Zero based, Oop shift amount: 3

CDS archive(s) mapped at: [0x000001d9b9000000-0x000001d9b9c80000-0x000001d9b9c80000), size 13107200, SharedBaseAddress: 0x000001d9b9000000, ArchiveRelocationMode: 1.
Compressed class space mapped at: 0x000001d9ba000000-0x000001d9fa000000, reserved size: 1073741824
Narrow klass base: 0x000001d9b9000000, Narrow klass shift: 0, Narrow klass range: 0x100000000

GC Precious Log:
 CardTable entry size: 512
 Card Set container configuration: InlinePtr #cards 4 size 8 Array Of Cards #cards 16 size 48 Howl #buckets 8 coarsen threshold 3686 Howl Bitmap #cards 512 size 80 coarsen threshold 460 Card regions per heap region 1 cards per card region 4096
 CPUs: 12 total, 12 available
 Memory: 11973M
 Large Page Support: Disabled
 NUMA Support: Disabled
 Compressed Oops: Enabled (Zero based)
 Heap Region Size: 2M
 Heap Min Capacity: 8M
 Heap Initial Capacity: 188M
 Heap Max Capacity: 2994M
 Pre-touch: Disabled
 Parallel Workers: 10
 Concurrent Workers: 3
 Concurrent Refinement Workers: 10
 Periodic GC: Disabled

Heap:
 garbage-first heap   total 71680K, used 29336K [0x0000000744e00000, 0x0000000800000000)
  region size 2048K, 3 young (6144K), 3 survivors (6144K)
 Metaspace       used 72054K, committed 72640K, reserved 1114112K
  class space    used 9458K, committed 9728K, reserved 1048576K

Heap Regions: E=young(eden), S=young(survivor), O=old, HS=humongous(starts), HC=humongous(continues), CS=collection set, F=free, TAMS=top-at-mark-start, PB=parsable bottom
|   0|0x0000000744e00000, 0x0000000745000000, 0x0000000745000000|100%| O|  |TAMS 0x0000000744e00000| PB 0x0000000744e00000| Untracked 
|   1|0x0000000745000000, 0x0000000745200000, 0x0000000745200000|100%| O|  |TAMS 0x0000000745000000| PB 0x0000000745000000| Untracked 
|   2|0x0000000745200000, 0x0000000745400000, 0x0000000745400000|100%| O|  |TAMS 0x0000000745200000| PB 0x0000000745200000| Untracked 
|   3|0x0000000745400000, 0x00000007455ffff0, 0x0000000745600000| 99%| O|  |TAMS 0x0000000745400000| PB 0x0000000745400000| Untracked 
|   4|0x0000000745600000, 0x00000007457fffe0, 0x0000000745800000| 99%| O|  |TAMS 0x0000000745600000| PB 0x0000000745600000| Untracked 
|   5|0x0000000745800000, 0x00000007459fffb8, 0x0000000745a00000| 99%| O|  |TAMS 0x0000000745800000| PB 0x0000000745800000| Untracked 
|   6|0x0000000745a00000, 0x0000000745bffff8, 0x0000000745c00000| 99%| O|  |TAMS 0x0000000745a00000| PB 0x0000000745a00000| Untracked 
|   7|0x0000000745c00000, 0x0000000745dffff8, 0x0000000745e00000| 99%| O|  |TAMS 0x0000000745c00000| PB 0x0000000745c00000| Untracked 
|   8|0x0000000745e00000, 0x0000000745ffffd0, 0x0000000746000000| 99%| O|  |TAMS 0x0000000745e00000| PB 0x0000000745e00000| Untracked 
|   9|0x0000000746000000, 0x00000007461ffff0, 0x0000000746200000| 99%| O|  |TAMS 0x0000000746000000| PB 0x0000000746000000| Untracked 
|  10|0x0000000746200000, 0x00000007463b2c00, 0x0000000746400000| 84%| O|  |TAMS 0x0000000746200000| PB 0x0000000746200000| Untracked 
|  11|0x0000000746400000, 0x00000007465fffd0, 0x0000000746600000| 99%| O|  |TAMS 0x0000000746400000| PB 0x0000000746400000| Untracked 
|  12|0x0000000746600000, 0x0000000746600000, 0x0000000746800000|  0%| F|  |TAMS 0x0000000746600000| PB 0x0000000746600000| Untracked 
|  13|0x0000000746800000, 0x0000000746822448, 0x0000000746a00000|  6%| O|Cm|TAMS 0x0000000746800000| PB 0x0000000746800000| Complete 
|  14|0x0000000746a00000, 0x0000000746a00000, 0x0000000746c00000|  0%| F|  |TAMS 0x0000000746a00000| PB 0x0000000746a00000| Untracked 
|  15|0x0000000746c00000, 0x0000000746c00000, 0x0000000746e00000|  0%| F|  |TAMS 0x0000000746c00000| PB 0x0000000746c00000| Untracked 
|  16|0x0000000746e00000, 0x0000000746e00000, 0x0000000747000000|  0%| F|  |TAMS 0x0000000746e00000| PB 0x0000000746e00000| Untracked 
|  17|0x0000000747000000, 0x00000007470d1270, 0x0000000747200000| 40%| S|CS|TAMS 0x0000000747000000| PB 0x0000000747000000| Complete 
|  18|0x0000000747200000, 0x0000000747400000, 0x0000000747400000|100%| S|CS|TAMS 0x0000000747200000| PB 0x0000000747200000| Complete 
|  19|0x0000000747400000, 0x0000000747600000, 0x0000000747600000|100%| S|CS|TAMS 0x0000000747400000| PB 0x0000000747400000| Complete 
|  20|0x0000000747600000, 0x0000000747600000, 0x0000000747800000|  0%| F|  |TAMS 0x0000000747600000| PB 0x0000000747600000| Untracked 
|  21|0x0000000747800000, 0x0000000747800000, 0x0000000747a00000|  0%| F|  |TAMS 0x0000000747800000| PB 0x0000000747800000| Untracked 
|  22|0x0000000747a00000, 0x0000000747a00000, 0x0000000747c00000|  0%| F|  |TAMS 0x0000000747a00000| PB 0x0000000747a00000| Untracked 
|  23|0x0000000747c00000, 0x0000000747c00000, 0x0000000747e00000|  0%| F|  |TAMS 0x0000000747c00000| PB 0x0000000747c00000| Untracked 
|  24|0x0000000747e00000, 0x0000000747e00000, 0x0000000748000000|  0%| F|  |TAMS 0x0000000747e00000| PB 0x0000000747e00000| Untracked 
|  25|0x0000000748000000, 0x0000000748000000, 0x0000000748200000|  0%| F|  |TAMS 0x0000000748000000| PB 0x0000000748000000| Untracked 
|  26|0x0000000748200000, 0x0000000748200000, 0x0000000748400000|  0%| F|  |TAMS 0x0000000748200000| PB 0x0000000748200000| Untracked 
|  27|0x0000000748400000, 0x0000000748400000, 0x0000000748600000|  0%| F|  |TAMS 0x0000000748400000| PB 0x0000000748400000| Untracked 
|  28|0x0000000748600000, 0x0000000748600000, 0x0000000748800000|  0%| F|  |TAMS 0x0000000748600000| PB 0x0000000748600000| Untracked 
|  29|0x0000000748800000, 0x0000000748800000, 0x0000000748a00000|  0%| F|  |TAMS 0x0000000748800000| PB 0x0000000748800000| Untracked 
|  30|0x0000000748a00000, 0x0000000748a00000, 0x0000000748c00000|  0%| F|  |TAMS 0x0000000748a00000| PB 0x0000000748a00000| Untracked 
|  72|0x000000074de00000, 0x000000074de00000, 0x000000074e000000|  0%| F|  |TAMS 0x000000074de00000| PB 0x000000074de00000| Untracked 
|  73|0x000000074e000000, 0x000000074e000000, 0x000000074e200000|  0%| F|  |TAMS 0x000000074e000000| PB 0x000000074e000000| Untracked 
|  74|0x000000074e200000, 0x000000074e200000, 0x000000074e400000|  0%| F|  |TAMS 0x000000074e200000| PB 0x000000074e200000| Untracked 
|  93|0x0000000750800000, 0x0000000750800000, 0x0000000750a00000|  0%| F|  |TAMS 0x0000000750800000| PB 0x0000000750800000| Untracked 

Card table byte_map: [0x000001d9b2430000,0x000001d9b2a10000] _byte_map_base: 0x000001d9aea09000

Marking Bits: (CMBitMap*) 0x000001d9982615a0
 Bits: [0x000001d9b2a10000, 0x000001d9b58d8000)

Polling page: 0x000001d998170000

Metaspace:

Usage:
  Non-class:     61.13 MB used.
      Class:      9.24 MB used.
       Both:     70.37 MB used.

Virtual space:
  Non-class space:       64.00 MB reserved,      61.44 MB ( 96%) committed,  1 nodes.
      Class space:        1.00 GB reserved,       9.50 MB ( <1%) committed,  1 nodes.
             Both:        1.06 GB reserved,      70.94 MB (  7%) committed. 

Chunk freelists:
   Non-Class:  2.53 MB
       Class:  6.42 MB
        Both:  8.95 MB

MaxMetaspaceSize: unlimited
CompressedClassSpaceSize: 1.00 GB
Initial GC threshold: 21.00 MB
Current GC threshold: 117.50 MB
CDS: on
 - commit_granule_bytes: 65536.
 - commit_granule_words: 8192.
 - virtual_space_node_default_size: 8388608.
 - enlarge_chunks_in_place: 1.
 - use_allocation_guard: 0.


Internal statistics:

num_allocs_failed_limit: 9.
num_arena_births: 710.
num_arena_deaths: 4.
num_vsnodes_births: 2.
num_vsnodes_deaths: 0.
num_space_committed: 1135.
num_space_uncommitted: 0.
num_chunks_returned_to_freelist: 13.
num_chunks_taken_from_freelist: 3063.
num_chunk_merges: 9.
num_chunk_splits: 2227.
num_chunks_enlarged: 1806.
num_inconsistent_stats: 0.

CodeHeap 'non-profiled nmethods': size=120000Kb used=4841Kb max_used=4893Kb free=115158Kb
 bounds [0x000001d9a9ca0000, 0x000001d9aa170000, 0x000001d9b11d0000]
CodeHeap 'profiled nmethods': size=120000Kb used=11630Kb max_used=12965Kb free=108369Kb
 bounds [0x000001d9a21d0000, 0x000001d9a2ea0000, 0x000001d9a9700000]
CodeHeap 'non-nmethods': size=5760Kb used=1706Kb max_used=1785Kb free=4053Kb
 bounds [0x000001d9a9700000, 0x000001d9a9970000, 0x000001d9a9ca0000]
CodeCache: size=245760Kb, used=18177Kb, max_used=19643Kb, free=227580Kb
 total_blobs=6484, nmethods=5756, adapters=631, full_count=0
Compilation: enabled, stopped_count=0, restarted_count=0

Compilation events (20 events):
Event: 163.316 Thread 0x000001d9b85cded0 9101       2       org.springframework.data.util.TypeDiscoverer::<init> (102 bytes)
Event: 163.318 Thread 0x000001d9b85cded0 nmethod 9101 0x000001d9a2c74090 code [0x000001d9a2c74300, 0x000001d9a2c74dc8]
Event: 163.318 Thread 0x000001d9b8706d30 nmethod 9047 0x000001d9a9dd5c10 code [0x000001d9a9dd5e40, 0x000001d9a9dd6610]
Event: 163.318 Thread 0x000001d9b85cded0 9100       1       org.hibernate.internal.JdbcSessionContextImpl::getObserver (5 bytes)
Event: 163.318 Thread 0x000001d9b85cded0 nmethod 9100 0x000001d9a9dd5910 code [0x000001d9a9dd5aa0, 0x000001d9a9dd5b70]
Event: 163.319 Thread 0x000001d9b8706d30 9072       4       java.lang.Iterable::spliterator (11 bytes)
Event: 163.323 Thread 0x000001d9b8706d30 nmethod 9072 0x000001d9a9dd5010 code [0x000001d9a9dd51e0, 0x000001d9a9dd5530]
Event: 163.323 Thread 0x000001d9b8706d30 9052       4       org.springframework.data.repository.core.support.RepositoryComposition$RepositoryFragments$$Lambda/0x000001d9ba7e2850::<init> (15 bytes)
Event: 163.326 Thread 0x000001d9b85cded0 9102 %     3       org.springframework.data.repository.core.support.DefaultRepositoryInformation::getQueryMethods @ 22 (77 bytes)
Event: 163.327 Thread 0x000001d9b8706d30 nmethod 9052 0x000001d9a9fdc810 code [0x000001d9a9fdc9a0, 0x000001d9a9fdcc10]
Event: 163.327 Thread 0x000001d9b8706d30 9076       4       org.springframework.data.util.Streamable::stream (11 bytes)
Event: 163.329 Thread 0x000001d9b85cded0 nmethod 9102% 0x000001d9a26c4990 code [0x000001d9a26c4d00, 0x000001d9a26c62f0]
Event: 163.333 Thread 0x000001d9b85c9eb0 nmethod 9048 0x000001d9a9fdb790 code [0x000001d9a9fdb9c0, 0x000001d9a9fdc228]
Event: 163.333 Thread 0x000001d9b85c9eb0 9044       4       org.springframework.data.repository.core.support.RepositoryComposition$RepositoryFragments::iterator (10 bytes)
Event: 163.335 Thread 0x000001d9b85c9eb0 nmethod 9044 0x000001d9a9fdb390 code [0x000001d9a9fdb520, 0x000001d9a9fdb680]
Event: 163.335 Thread 0x000001d9b85c9eb0 9060       4       org.springframework.data.repository.core.support.RepositoryComposition$RepositoryFragments::methods (15 bytes)
Event: 163.337 Thread 0x000001d9b8706d30 nmethod 9076 0x000001d9a9fdaa10 code [0x000001d9a9fdabe0, 0x000001d9a9fdb0d8]
Event: 163.337 Thread 0x000001d9b8706d30 9070       4       java.util.Collections::singletonSpliterator (9 bytes)
Event: 163.338 Thread 0x000001d9b8706d30 nmethod 9070 0x000001d9a9fda710 code [0x000001d9a9fda8a0, 0x000001d9a9fda978]
Event: 163.338 Thread 0x000001d9b8706d30 9042       4       org.springframework.data.repository.core.support.RepositoryComposition::getMethod (20 bytes)

GC Heap History (20 events):
Event: 4.553 GC heap after
{Heap after GC invocations=15 (full 0):
 garbage-first heap   total 59392K, used 25942K [0x0000000744e00000, 0x0000000800000000)
  region size 2048K, 2 young (4096K), 2 survivors (4096K)
 Metaspace       used 59322K, committed 59840K, reserved 1114112K
  class space    used 7895K, committed 8128K, reserved 1048576K
}
Event: 4.626 GC heap before
{Heap before GC invocations=15 (full 0):
 garbage-first heap   total 59392K, used 48470K [0x0000000744e00000, 0x0000000800000000)
  region size 2048K, 13 young (26624K), 2 survivors (4096K)
 Metaspace       used 59515K, committed 59968K, reserved 1114112K
  class space    used 7903K, committed 8128K, reserved 1048576K
}
Event: 4.629 GC heap after
{Heap after GC invocations=16 (full 0):
 garbage-first heap   total 59392K, used 26589K [0x0000000744e00000, 0x0000000800000000)
  region size 2048K, 1 young (2048K), 1 survivors (2048K)
 Metaspace       used 59515K, committed 59968K, reserved 1114112K
  class space    used 7903K, committed 8128K, reserved 1048576K
}
Event: 4.722 GC heap before
{Heap before GC invocations=16 (full 0):
 garbage-first heap   total 59392K, used 36829K [0x0000000744e00000, 0x0000000800000000)
  region size 2048K, 7 young (14336K), 1 survivors (2048K)
 Metaspace       used 60003K, committed 60480K, reserved 1114112K
  class space    used 7974K, committed 8192K, reserved 1048576K
}
Event: 4.724 GC heap after
{Heap after GC invocations=17 (full 0):
 garbage-first heap   total 59392K, used 27135K [0x0000000744e00000, 0x0000000800000000)
  region size 2048K, 2 young (4096K), 2 survivors (4096K)
 Metaspace       used 60003K, committed 60480K, reserved 1114112K
  class space    used 7974K, committed 8192K, reserved 1048576K
}
Event: 5.184 GC heap before
{Heap before GC invocations=18 (full 0):
 garbage-first heap   total 59392K, used 49663K [0x0000000744e00000, 0x0000000800000000)
  region size 2048K, 13 young (26624K), 2 survivors (4096K)
 Metaspace       used 62924K, committed 63424K, reserved 1114112K
  class space    used 8422K, committed 8640K, reserved 1048576K
}
Event: 5.189 GC heap after
{Heap after GC invocations=19 (full 0):
 garbage-first heap   total 71680K, used 29669K [0x0000000744e00000, 0x0000000800000000)
  region size 2048K, 2 young (4096K), 2 survivors (4096K)
 Metaspace       used 62924K, committed 63424K, reserved 1114112K
  class space    used 8422K, committed 8640K, reserved 1048576K
}
Event: 89.180 GC heap before
{Heap before GC invocations=19 (full 0):
 garbage-first heap   total 71680K, used 58341K [0x0000000744e00000, 0x0000000800000000)
  region size 2048K, 17 young (34816K), 2 survivors (4096K)
 Metaspace       used 68666K, committed 69248K, reserved 1114112K
  class space    used 9145K, committed 9408K, reserved 1048576K
}
Event: 89.190 GC heap after
{Heap after GC invocations=20 (full 0):
 garbage-first heap   total 71680K, used 31126K [0x0000000744e00000, 0x0000000800000000)
  region size 2048K, 3 young (6144K), 3 survivors (6144K)
 Metaspace       used 68666K, committed 69248K, reserved 1114112K
  class space    used 9145K, committed 9408K, reserved 1048576K
}
Event: 147.467 GC heap before
{Heap before GC invocations=20 (full 0):
 garbage-first heap   total 71680K, used 39318K [0x0000000744e00000, 0x0000000800000000)
  region size 2048K, 8 young (16384K), 3 survivors (6144K)
 Metaspace       used 69939K, committed 70464K, reserved 1114112K
  class space    used 9295K, committed 9536K, reserved 1048576K
}
Event: 147.520 GC heap after
{Heap after GC invocations=21 (full 1):
 garbage-first heap   total 71680K, used 24893K [0x0000000744e00000, 0x0000000800000000)
  region size 2048K, 0 young (0K), 0 survivors (0K)
 Metaspace       used 69939K, committed 70464K, reserved 1114112K
  class space    used 9295K, committed 9536K, reserved 1048576K
}
Event: 157.036 GC heap before
{Heap before GC invocations=21 (full 1):
 garbage-first heap   total 71680K, used 59709K [0x0000000744e00000, 0x0000000800000000)
  region size 2048K, 18 young (36864K), 0 survivors (0K)
 Metaspace       used 70458K, committed 71040K, reserved 1114112K
  class space    used 9335K, committed 9600K, reserved 1048576K
}
Event: 157.040 GC heap after
{Heap after GC invocations=22 (full 1):
 garbage-first heap   total 71680K, used 26941K [0x0000000744e00000, 0x0000000800000000)
  region size 2048K, 1 young (2048K), 1 survivors (2048K)
 Metaspace       used 70458K, committed 71040K, reserved 1114112K
  class space    used 9335K, committed 9600K, reserved 1048576K
}
Event: 157.994 GC heap before
{Heap before GC invocations=23 (full 1):
 garbage-first heap   total 71680K, used 61757K [0x0000000744e00000, 0x0000000800000000)
  region size 2048K, 18 young (36864K), 1 survivors (2048K)
 Metaspace       used 70745K, committed 71296K, reserved 1114112K
  class space    used 9339K, committed 9600K, reserved 1048576K
}
Event: 157.998 GC heap after
{Heap after GC invocations=24 (full 1):
 garbage-first heap   total 71680K, used 28697K [0x0000000744e00000, 0x0000000800000000)
  region size 2048K, 2 young (4096K), 2 survivors (4096K)
 Metaspace       used 70745K, committed 71296K, reserved 1114112K
  class space    used 9339K, committed 9600K, reserved 1048576K
}
Event: 161.637 GC heap before
{Heap before GC invocations=24 (full 1):
 garbage-first heap   total 71680K, used 40985K [0x0000000744e00000, 0x0000000800000000)
  region size 2048K, 9 young (18432K), 2 survivors (4096K)
 Metaspace       used 71320K, committed 71936K, reserved 1114112K
  class space    used 9413K, committed 9664K, reserved 1048576K
}
Event: 161.711 GC heap after
{Heap after GC invocations=25 (full 2):
 garbage-first heap   total 71680K, used 24403K [0x0000000744e00000, 0x0000000800000000)
  region size 2048K, 0 young (0K), 0 survivors (0K)
 Metaspace       used 71315K, committed 71936K, reserved 1114112K
  class space    used 9412K, committed 9664K, reserved 1048576K
}
Event: 162.659 GC heap before
{Heap before GC invocations=25 (full 2):
 garbage-first heap   total 71680K, used 61267K [0x0000000744e00000, 0x0000000800000000)
  region size 2048K, 18 young (36864K), 0 survivors (0K)
 Metaspace       used 71668K, committed 72192K, reserved 1114112K
  class space    used 9442K, committed 9664K, reserved 1048576K
}
Event: 162.663 GC heap after
{Heap after GC invocations=26 (full 2):
 garbage-first heap   total 71680K, used 27649K [0x0000000744e00000, 0x0000000800000000)
  region size 2048K, 2 young (4096K), 2 survivors (4096K)
 Metaspace       used 71668K, committed 72192K, reserved 1114112K
  class space    used 9442K, committed 9664K, reserved 1048576K
}
Event: 163.340 GC heap before
{Heap before GC invocations=27 (full 2):
 garbage-first heap   total 71680K, used 58369K [0x0000000744e00000, 0x0000000800000000)
  region size 2048K, 17 young (34816K), 2 survivors (4096K)
 Metaspace       used 72054K, committed 72640K, reserved 1114112K
  class space    used 9458K, committed 9728K, reserved 1048576K
}

Dll operation events (11 events):
Event: 0.007 Loaded shared library C:\Users\santi\.jdks\ms-21.0.8\bin\java.dll
Event: 0.029 Loaded shared library C:\Users\santi\.jdks\ms-21.0.8\bin\jsvml.dll
Event: 0.071 Loaded shared library C:\Users\santi\.jdks\ms-21.0.8\bin\jimage.dll
Event: 0.075 Loaded shared library C:\Users\santi\.jdks\ms-21.0.8\bin\net.dll
Event: 0.076 Loaded shared library C:\Users\santi\.jdks\ms-21.0.8\bin\nio.dll
Event: 0.079 Loaded shared library C:\Users\santi\.jdks\ms-21.0.8\bin\zip.dll
Event: 0.107 Loaded shared library C:\Users\santi\.jdks\ms-21.0.8\bin\management.dll
Event: 0.124 Loaded shared library C:\Users\santi\.jdks\ms-21.0.8\bin\management_ext.dll
Event: 0.294 Loaded shared library C:\Users\santi\.jdks\ms-21.0.8\bin\extnet.dll
Event: 0.343 Loaded shared library C:\Users\santi\.jdks\ms-21.0.8\bin\verify.dll
Event: 2.533 Loaded shared library C:\Users\santi\.jdks\ms-21.0.8\bin\sunmscapi.dll

Deoptimization events (20 events):
Event: 162.519 Thread 0x000001d9fe70edc0 Uncommon trap: trap_request=0xffffff6e fr.pc=0x000001d9a9eef58c relative=0x00000000000000ec
Event: 162.519 Thread 0x000001d9fe70edc0 Uncommon trap: reason=loop_limit_check action=maybe_recompile pc=0x000001d9a9eef58c method=org.springframework.boot.context.properties.source.ConfigurationPropertyName.elementsEqual(Lorg/springframework/boot/context/properties/source/ConfigurationProperty
Event: 162.519 Thread 0x000001d9fe70edc0 DEOPT PACKING pc=0x000001d9a9eef58c sp=0x000000c4567fc0d0
Event: 162.519 Thread 0x000001d9fe70edc0 DEOPT UNPACKING pc=0x000001d9a97546a2 sp=0x000000c4567fc058 mode 2
Event: 162.521 Thread 0x000001d9fe70edc0 DEOPT PACKING pc=0x000001d9a26b6e08 sp=0x000000c4567fbcf0
Event: 162.521 Thread 0x000001d9fe70edc0 DEOPT UNPACKING pc=0x000001d9a9754e42 sp=0x000000c4567fb150 mode 0
Event: 162.563 Thread 0x000001d9fe70edc0 DEOPT PACKING pc=0x000001d9a2a4c02d sp=0x000000c4567fe230
Event: 162.563 Thread 0x000001d9fe70edc0 DEOPT UNPACKING pc=0x000001d9a9754e42 sp=0x000000c4567fd7f0 mode 0
Event: 162.566 Thread 0x000001d9fe70edc0 DEOPT PACKING pc=0x000001d9a2a4c02d sp=0x000000c4567fe230
Event: 162.566 Thread 0x000001d9fe70edc0 DEOPT UNPACKING pc=0x000001d9a9754e42 sp=0x000000c4567fd7f0 mode 0
Event: 162.569 Thread 0x000001d9fe70edc0 DEOPT PACKING pc=0x000001d9a2a4c02d sp=0x000000c4567fe230
Event: 162.569 Thread 0x000001d9fe70edc0 DEOPT UNPACKING pc=0x000001d9a9754e42 sp=0x000000c4567fd7f0 mode 0
Event: 162.609 Thread 0x000001d9fe70edc0 DEOPT PACKING pc=0x000001d9a24760e6 sp=0x000000c4567fd390
Event: 162.609 Thread 0x000001d9fe70edc0 DEOPT UNPACKING pc=0x000001d9a9754e42 sp=0x000000c4567fc910 mode 0
Event: 162.938 Thread 0x000001d9fe70d380 DEOPT PACKING pc=0x000001d9a2a2fa5b sp=0x000000c458ffdb40
Event: 162.938 Thread 0x000001d9fe70d380 DEOPT UNPACKING pc=0x000001d9a9754e42 sp=0x000000c458ffcfc8 mode 0
Event: 163.169 Thread 0x000001d9fe70edc0 Uncommon trap: trap_request=0xffffff45 fr.pc=0x000001d9a9e24a00 relative=0x0000000000000520
Event: 163.169 Thread 0x000001d9fe70edc0 Uncommon trap: reason=unstable_if action=reinterpret pc=0x000001d9a9e24a00 method=java.util.WeakHashMap.expungeStaleEntries()V @ 66 c2
Event: 163.169 Thread 0x000001d9fe70edc0 DEOPT PACKING pc=0x000001d9a9e24a00 sp=0x000000c4567fc590
Event: 163.169 Thread 0x000001d9fe70edc0 DEOPT UNPACKING pc=0x000001d9a97546a2 sp=0x000000c4567fc510 mode 2

Classes loaded (20 events):
Event: 163.211 Loading class java/lang/ObjectCustomizer
Event: 163.211 Loading class java/lang/ObjectCustomizer done
Event: 163.211 Loading class java/lang/ObjectCustomizer
Event: 163.211 Loading class java/lang/ObjectCustomizer done
Event: 163.221 Loading class java/lang/ObjectCustomizer
Event: 163.221 Loading class java/lang/ObjectCustomizer done
Event: 163.221 Loading class java/lang/ObjectCustomizer
Event: 163.221 Loading class java/lang/ObjectCustomizer done
Event: 163.229 Loading class java/lang/ObjectCustomizer
Event: 163.229 Loading class java/lang/ObjectCustomizer done
Event: 163.229 Loading class java/lang/ObjectCustomizer
Event: 163.229 Loading class java/lang/ObjectCustomizer done
Event: 163.237 Loading class java/lang/ObjectCustomizer
Event: 163.237 Loading class java/lang/ObjectCustomizer done
Event: 163.237 Loading class java/lang/ObjectCustomizer
Event: 163.237 Loading class java/lang/ObjectCustomizer done
Event: 163.243 Loading class java/lang/ObjectCustomizer
Event: 163.243 Loading class java/lang/ObjectCustomizer done
Event: 163.244 Loading class java/lang/ObjectCustomizer
Event: 163.244 Loading class java/lang/ObjectCustomizer done

Classes unloaded (2 events):
Event: 161.662 Thread 0x000001d9b85a98a0 Unloading class 0x000001d9ba969000 'org/apache/catalina/loader/JdbcLeakPrevention'
Event: 161.662 Thread 0x000001d9b85a98a0 Unloading class 0x000001d9ba968000 'org/apache/catalina/loader/JdbcLeakPrevention'

Classes redefined (0 events):
No events

Internal exceptions (20 events):
Event: 163.164 Thread 0x000001d9fe70edc0 Exception <a 'java/lang/ClassNotFoundException'{0x000000074854a230}: org/springframework/beans/factory/AwareCustomizer> (0x000000074854a230) 
thrown [s\src\hotspot\share\classfile\systemDictionary.cpp, line 312]
Event: 163.165 Thread 0x000001d9fe70edc0 Exception <a 'java/lang/ClassNotFoundException'{0x000000074854e340}: org/springframework/beans/factory/BeanFactoryAwareCustomizer> (0x000000074854e340) 
thrown [s\src\hotspot\share\classfile\systemDictionary.cpp, line 312]
Event: 163.166 Thread 0x000001d9fe70edc0 Exception <a 'java/lang/ClassNotFoundException'{0x0000000748553ab0}: org/springframework/beans/factory/AwareCustomizer> (0x0000000748553ab0) 
thrown [s\src\hotspot\share\classfile\systemDictionary.cpp, line 312]
Event: 163.167 Thread 0x000001d9fe70edc0 Exception <a 'java/lang/ClassNotFoundException'{0x0000000748557d40}: org/springframework/context/ApplicationEventPublisherAwareCustomizer> (0x0000000748557d40) 
thrown [s\src\hotspot\share\classfile\systemDictionary.cpp, line 312]
Event: 163.168 Thread 0x000001d9fe70edc0 Exception <a 'java/lang/ClassNotFoundException'{0x000000074855d1a8}: org/springframework/beans/factory/AwareCustomizer> (0x000000074855d1a8) 
thrown [s\src\hotspot\share\classfile\systemDictionary.cpp, line 312]
Event: 163.172 Thread 0x000001d9fe70edc0 Exception <a 'java/lang/ClassNotFoundException'{0x000000074857de18}: java/lang/ObjectCustomizer> (0x000000074857de18) 
thrown [s\src\hotspot\share\classfile\systemDictionary.cpp, line 312]
Event: 163.172 Thread 0x000001d9fe70edc0 Exception <a 'java/lang/ClassNotFoundException'{0x0000000748585358}: org/springframework/core/io/support/PropertiesLoaderSupportCustomizer> (0x0000000748585358) 
thrown [s\src\hotspot\share\classfile\systemDictionary.cpp, line 312]
Event: 163.173 Thread 0x000001d9fe70edc0 Exception <a 'java/lang/ClassNotFoundException'{0x0000000748591ec0}: org/springframework/beans/factory/config/PropertiesFactoryBeanCustomizer> (0x0000000748591ec0) 
thrown [s\src\hotspot\share\classfile\systemDictionary.cpp, line 312]
Event: 163.175 Thread 0x000001d9fe70edc0 Exception <a 'java/lang/ClassNotFoundException'{0x00000007485a6120}: org/springframework/beans/factory/FactoryBeanCustomizer> (0x00000007485a6120) 
thrown [s\src\hotspot\share\classfile\systemDictionary.cpp, line 312]
Event: 163.175 Thread 0x000001d9fe70edc0 Exception <a 'java/lang/ClassNotFoundException'{0x00000007485ad8a8}: org/springframework/beans/factory/InitializingBeanCustomizer> (0x00000007485ad8a8) 
thrown [s\src\hotspot\share\classfile\systemDictionary.cpp, line 312]
Event: 163.211 Thread 0x000001d9fe70edc0 Exception <a 'java/lang/ClassNotFoundException'{0x00000007483da758}: java/lang/ObjectCustomizer> (0x00000007483da758) 
thrown [s\src\hotspot\share\classfile\systemDictionary.cpp, line 312]
Event: 163.213 Thread 0x000001d9fe70edc0 Exception <a 'java/lang/ClassNotFoundException'{0x00000007483e24c0}: com/uniminuto/clinica/entity/CitaCustomizer> (0x00000007483e24c0) 
thrown [s\src\hotspot\share\classfile\systemDictionary.cpp, line 312]
Event: 163.221 Thread 0x000001d9fe70edc0 Exception <a 'java/lang/ClassNotFoundException'{0x00000007480270f8}: java/lang/ObjectCustomizer> (0x00000007480270f8) 
thrown [s\src\hotspot\share\classfile\systemDictionary.cpp, line 312]
Event: 163.222 Thread 0x000001d9fe70edc0 Exception <a 'java/lang/ClassNotFoundException'{0x000000074802ef70}: com/uniminuto/clinica/entity/PacienteCustomizer> (0x000000074802ef70) 
thrown [s\src\hotspot\share\classfile\systemDictionary.cpp, line 312]
Event: 163.229 Thread 0x000001d9fe70edc0 Exception <a 'java/lang/ClassNotFoundException'{0x000000074809e100}: java/lang/ObjectCustomizer> (0x000000074809e100) 
thrown [s\src\hotspot\share\classfile\systemDictionary.cpp, line 312]
Event: 163.230 Thread 0x000001d9fe70edc0 Exception <a 'java/lang/ClassNotFoundException'{0x00000007480a5ed8}: com/uniminuto/clinica/entity/UsuarioCustomizer> (0x00000007480a5ed8) 
thrown [s\src\hotspot\share\classfile\systemDictionary.cpp, line 312]
Event: 163.237 Thread 0x000001d9fe70edc0 Exception <a 'java/lang/ClassNotFoundException'{0x0000000748100d98}: java/lang/ObjectCustomizer> (0x0000000748100d98) 
thrown [s\src\hotspot\share\classfile\systemDictionary.cpp, line 312]
Event: 163.238 Thread 0x000001d9fe70edc0 Exception <a 'java/lang/ClassNotFoundException'{0x0000000748108b60}: com/uniminuto/clinica/entity/MedicoCustomizer> (0x0000000748108b60) 
thrown [s\src\hotspot\share\classfile\systemDictionary.cpp, line 312]
Event: 163.244 Thread 0x000001d9fe70edc0 Exception <a 'java/lang/ClassNotFoundException'{0x00000007481649b8}: java/lang/ObjectCustomizer> (0x00000007481649b8) 
thrown [s\src\hotspot\share\classfile\systemDictionary.cpp, line 312]
Event: 163.244 Thread 0x000001d9fe70edc0 Exception <a 'java/lang/ClassNotFoundException'{0x000000074816c990}: com/uniminuto/clinica/entity/EspecializacionCustomizer> (0x000000074816c990) 
thrown [s\src\hotspot\share\classfile\systemDictionary.cpp, line 312]

ZGC Phase Switch (0 events):
No events

VM Operations (20 events):
Event: 158.209 Executing VM operation: HandshakeAllThreads (Deoptimize) done
Event: 158.218 Executing VM operation: HandshakeAllThreads (Deoptimize)
Event: 158.218 Executing VM operation: HandshakeAllThreads (Deoptimize) done
Event: 159.227 Executing VM operation: Cleanup
Event: 159.227 Executing VM operation: Cleanup done
Event: 161.637 Executing VM operation: G1CollectFull (System.gc())
Event: 161.711 Executing VM operation: G1CollectFull (System.gc()) done
Event: 162.529 Executing VM operation: ICBufferFull
Event: 162.529 Executing VM operation: ICBufferFull done
Event: 162.658 Executing VM operation: G1CollectForAllocation (G1 Evacuation Pause)
Event: 162.663 Executing VM operation: G1CollectForAllocation (G1 Evacuation Pause) done
Event: 162.694 Executing VM operation: G1PauseRemark
Event: 162.706 Executing VM operation: G1PauseRemark done
Event: 162.716 Executing VM operation: G1PauseCleanup
Event: 162.717 Executing VM operation: G1PauseCleanup done
Event: 163.012 Executing VM operation: ICBufferFull
Event: 163.013 Executing VM operation: ICBufferFull done
Event: 163.171 Executing VM operation: ICBufferFull
Event: 163.171 Executing VM operation: ICBufferFull done
Event: 163.340 Executing VM operation: G1CollectForAllocation (G1 Evacuation Pause)

Memory protections (0 events):
No events

Nmethod flushes (20 events):
Event: 162.705 Thread 0x000001d9b85a98a0 flushing  nmethod 0x000001d9a25b4d90
Event: 162.705 Thread 0x000001d9b85a98a0 flushing  nmethod 0x000001d9a25b7710
Event: 162.705 Thread 0x000001d9b85a98a0 flushing  nmethod 0x000001d9a25b9c10
Event: 162.705 Thread 0x000001d9b85a98a0 flushing  nmethod 0x000001d9a25ba090
Event: 162.705 Thread 0x000001d9b85a98a0 flushing  nmethod 0x000001d9a25ba390
Event: 162.705 Thread 0x000001d9b85a98a0 flushing  nmethod 0x000001d9a25d5c10
Event: 162.705 Thread 0x000001d9b85a98a0 flushing  nmethod 0x000001d9a25d6790
Event: 162.705 Thread 0x000001d9b85a98a0 flushing  nmethod 0x000001d9a271be10
Event: 162.705 Thread 0x000001d9b85a98a0 flushing  nmethod 0x000001d9a271c190
Event: 162.705 Thread 0x000001d9b85a98a0 flushing  nmethod 0x000001d9a2898b90
Event: 162.705 Thread 0x000001d9b85a98a0 flushing  nmethod 0x000001d9a289cb10
Event: 162.705 Thread 0x000001d9b85a98a0 flushing  nmethod 0x000001d9a289e110
Event: 162.705 Thread 0x000001d9b85a98a0 flushing  nmethod 0x000001d9a295bb10
Event: 162.705 Thread 0x000001d9b85a98a0 flushing  nmethod 0x000001d9a2977510
Event: 162.705 Thread 0x000001d9b85a98a0 flushing  nmethod 0x000001d9a297bc10
Event: 162.705 Thread 0x000001d9b85a98a0 flushing  nmethod 0x000001d9a2aa0310
Event: 162.705 Thread 0x000001d9b85a98a0 flushing  nmethod 0x000001d9a2da1b90
Event: 162.705 Thread 0x000001d9b85a98a0 flushing  nmethod 0x000001d9a2da7e10
Event: 162.705 Thread 0x000001d9b85a98a0 flushing  nmethod 0x000001d9a2dab510
Event: 162.705 Thread 0x000001d9b85a98a0 flushing  nmethod 0x000001d9a2dbc310

Events (20 events):
Event: 161.630 Thread 0x000001d982719360 Thread exited: 0x000001d982719360
Event: 161.630 Thread 0x000001d982717290 Thread exited: 0x000001d982717290
Event: 161.630 Thread 0x000001d982714b30 Thread exited: 0x000001d982714b30
Event: 161.631 Thread 0x000001d982717920 Thread exited: 0x000001d982717920
Event: 161.633 Thread 0x000001d9fe70da10 Thread added: 0x000001d9fe70fae0
Event: 161.633 Thread 0x000001d982718640 Thread exited: 0x000001d982718640
Event: 161.634 Thread 0x000001d9827144a0 Thread exited: 0x000001d9827144a0
Event: 161.637 Thread 0x000001d9fe70fae0 Thread exited: 0x000001d9fe70fae0
Event: 161.712 Thread 0x000001d9fe70da10 Thread added: 0x000001d9fe70c660
Event: 161.712 Thread 0x000001d9fe70c660 Thread exited: 0x000001d9fe70c660
Event: 161.713 Thread 0x000001d9fe70da10 Thread added: 0x000001d9fe70edc0
Event: 161.734 Thread 0x000001d9b85cded0 Thread added: 0x000001d9b8706d30
Event: 161.755 Thread 0x000001d9b85cded0 Thread added: 0x000001d9809c24e0
Event: 161.872 Thread 0x000001d9fe70edc0 Thread added: 0x000001d9fe70d380
Event: 161.909 Thread 0x000001d9fe70d380 Thread exited: 0x000001d9fe70d380
Event: 162.656 Thread 0x000001d9fe70edc0 Thread added: 0x000001d9fe70ccf0
Event: 162.656 Thread 0x000001d9fe70edc0 Thread added: 0x000001d9fe70c660
Event: 162.657 Thread 0x000001d9fe70edc0 Thread added: 0x000001d9fe70f450
Event: 162.809 Thread 0x000001d9fe70edc0 Thread added: 0x000001d9fe70fae0
Event: 162.922 Thread 0x000001d9fe70fae0 Thread added: 0x000001d9fe70d380


Dynamic libraries:
0x00007ff70dc60000 - 0x00007ff70dc6e000 	C:\Users\santi\.jdks\ms-21.0.8\bin\java.exe
0x00007ffc220c0000 - 0x00007ffc22329000 	C:\WINDOWS\SYSTEM32\ntdll.dll
0x00007ffc215d0000 - 0x00007ffc21699000 	C:\WINDOWS\System32\KERNEL32.DLL
0x00007ffc1f620000 - 0x00007ffc1fa13000 	C:\WINDOWS\System32\KERNELBASE.dll
0x00007ffc1f430000 - 0x00007ffc1f57b000 	C:\WINDOWS\System32\ucrtbase.dll
0x00007ffc1e8f0000 - 0x00007ffc1e908000 	C:\Users\santi\.jdks\ms-21.0.8\bin\jli.dll
0x00007ffc21260000 - 0x00007ffc21424000 	C:\WINDOWS\System32\USER32.dll
0x00007ffc191d0000 - 0x00007ffc191ee000 	C:\Users\santi\.jdks\ms-21.0.8\bin\VCRUNTIME140.dll
0x00007ffc1fc30000 - 0x00007ffc1fc57000 	C:\WINDOWS\System32\win32u.dll
0x00007ffc204d0000 - 0x00007ffc204fb000 	C:\WINDOWS\System32\GDI32.dll
0x00007ffc1f250000 - 0x00007ffc1f37d000 	C:\WINDOWS\System32\gdi32full.dll
0x00007ffc1f380000 - 0x00007ffc1f423000 	C:\WINDOWS\System32\msvcp_win.dll
0x00007ffc1e400000 - 0x00007ffc1e693000 	C:\WINDOWS\WinSxS\amd64_microsoft.windows.common-controls_6595b64144ccf1df_6.0.26100.5074_none_3e0d6f78e32fd63f\COMCTL32.dll
0x00007ffc20320000 - 0x00007ffc203c9000 	C:\WINDOWS\System32\msvcrt.dll
0x00007ffc20050000 - 0x00007ffc2007f000 	C:\WINDOWS\System32\IMM32.DLL
0x000000005bf70000 - 0x000000005bf7c000 	C:\Program Files (x86)\360\Total Security\safemon\SafeWrapper.dll
0x00007ffc217a0000 - 0x00007ffc21854000 	C:\WINDOWS\System32\ADVAPI32.dll
0x00007ffc20090000 - 0x00007ffc20136000 	C:\WINDOWS\System32\sechost.dll
0x00007ffc21860000 - 0x00007ffc21978000 	C:\WINDOWS\System32\RPCRT4.dll
0x00007ffbe2420000 - 0x00007ffbe24cc000 	C:\Program Files (x86)\360\Total Security\safemon\libzdtp64.dll
0x00007ffc20500000 - 0x00007ffc20c4d000 	C:\WINDOWS\System32\SHELL32.dll
0x00007ffc1fd20000 - 0x00007ffc1fe8c000 	C:\WINDOWS\System32\wintypes.dll
0x00007ffc20d90000 - 0x00007ffc2110b000 	C:\WINDOWS\System32\combase.dll
0x00007ffc1ffc0000 - 0x00007ffc20022000 	C:\WINDOWS\System32\SHLWAPI.dll
0x00007ffc1ed50000 - 0x00007ffc1ed5b000 	C:\WINDOWS\SYSTEM32\VERSION.dll
0x00007ffc1e960000 - 0x00007ffc1e96c000 	C:\Users\santi\.jdks\ms-21.0.8\bin\vcruntime140_1.dll
0x00007ffc07dc0000 - 0x00007ffc07e49000 	C:\Users\santi\.jdks\ms-21.0.8\bin\msvcp140.dll
0x00007ffb9b5c0000 - 0x00007ffb9c36c000 	C:\Users\santi\.jdks\ms-21.0.8\bin\server\jvm.dll
0x00007ffc211e0000 - 0x00007ffc21254000 	C:\WINDOWS\System32\WS2_32.dll
0x00007ffc13720000 - 0x00007ffc13755000 	C:\WINDOWS\SYSTEM32\WINMM.dll
0x00007ffc1f0b0000 - 0x00007ffc1f10e000 	C:\WINDOWS\SYSTEM32\POWRPROF.dll
0x00007ffc1f090000 - 0x00007ffc1f0a4000 	C:\WINDOWS\SYSTEM32\UMPDC.dll
0x00007ffc1d690000 - 0x00007ffc1d6ab000 	C:\WINDOWS\SYSTEM32\kernel.appcore.dll
0x00007ffc1e8e0000 - 0x00007ffc1e8ea000 	C:\Users\santi\.jdks\ms-21.0.8\bin\jimage.dll
0x00007ffc1e9d0000 - 0x00007ffc1ec12000 	C:\WINDOWS\SYSTEM32\DBGHELP.DLL
0x00007ffc20cb0000 - 0x00007ffc20d87000 	C:\WINDOWS\System32\OLEAUT32.dll
0x00007ffc1e8a0000 - 0x00007ffc1e8dd000 	C:\WINDOWS\SYSTEM32\dbgcore.DLL
0x00007ffc1f580000 - 0x00007ffc1f619000 	C:\WINDOWS\System32\bcryptPrimitives.dll
0x00007ffc191a0000 - 0x00007ffc191c1000 	C:\Users\santi\.jdks\ms-21.0.8\bin\java.dll
0x00007ffc1c530000 - 0x00007ffc1cd89000 	C:\WINDOWS\SYSTEM32\windows.storage.dll
0x00007ffc1fe90000 - 0x00007ffc1ff80000 	C:\WINDOWS\System32\SHCORE.dll
0x00007ffc1f170000 - 0x00007ffc1f199000 	C:\WINDOWS\SYSTEM32\profapi.dll
0x00007ffbf1750000 - 0x00007ffbf1826000 	C:\Users\santi\.jdks\ms-21.0.8\bin\jsvml.dll
0x00007ffc19180000 - 0x00007ffc19191000 	C:\Users\santi\.jdks\ms-21.0.8\bin\net.dll
0x00007ffc0e0e0000 - 0x00007ffc0e1ff000 	C:\WINDOWS\SYSTEM32\WINHTTP.dll
0x00007ffc1dbd0000 - 0x00007ffc1dc3b000 	C:\WINDOWS\system32\mswsock.dll
0x00007ffc13300000 - 0x00007ffc13316000 	C:\Users\santi\.jdks\ms-21.0.8\bin\nio.dll
0x00007ffc0bc40000 - 0x00007ffc0bc58000 	C:\Users\santi\.jdks\ms-21.0.8\bin\zip.dll
0x00007ffc0bc30000 - 0x00007ffc0bc3a000 	C:\Users\santi\.jdks\ms-21.0.8\bin\management.dll
0x00007ffc0bc20000 - 0x00007ffc0bc2c000 	C:\Users\santi\.jdks\ms-21.0.8\bin\management_ext.dll
0x00007ffc216a0000 - 0x00007ffc216a8000 	C:\WINDOWS\System32\PSAPI.DLL
0x00007ffbf7b60000 - 0x00007ffbf7b78000 	C:\WINDOWS\system32\napinsp.dll
0x00007ffc1d160000 - 0x00007ffc1d286000 	C:\WINDOWS\SYSTEM32\DNSAPI.dll
0x00007ffc1d0d0000 - 0x00007ffc1d104000 	C:\WINDOWS\SYSTEM32\IPHLPAPI.DLL
0x00007ffc21ff0000 - 0x00007ffc21ffa000 	C:\WINDOWS\System32\NSI.dll
0x00007ffbf7b40000 - 0x00007ffbf7b52000 	C:\WINDOWS\System32\winrnr.dll
0x00007ffbf7ad0000 - 0x00007ffbf7af8000 	C:\WINDOWS\system32\nlansp_c.dll
0x00007ffbf7ab0000 - 0x00007ffbf7ac6000 	C:\WINDOWS\system32\wshbth.dll
0x00007ffc0e090000 - 0x00007ffc0e09b000 	C:\Windows\System32\rasadhlp.dll
0x00007ffc13760000 - 0x00007ffc137e6000 	C:\WINDOWS\System32\fwpuclnt.dll
0x00007ffc1ed20000 - 0x00007ffc1ed3b000 	C:\WINDOWS\SYSTEM32\CRYPTSP.dll
0x00007ffc1dce0000 - 0x00007ffc1dd1b000 	C:\WINDOWS\system32\rsaenh.dll
0x00007ffc1dc70000 - 0x00007ffc1dc9b000 	C:\WINDOWS\SYSTEM32\USERENV.dll
0x00007ffc1f140000 - 0x00007ffc1f166000 	C:\WINDOWS\SYSTEM32\bcrypt.dll
0x00007ffc1e160000 - 0x00007ffc1e16c000 	C:\WINDOWS\SYSTEM32\CRYPTBASE.dll
0x00007ffc16ba0000 - 0x00007ffc16ba9000 	C:\Users\santi\.jdks\ms-21.0.8\bin\extnet.dll
0x00007ffc19170000 - 0x00007ffc19180000 	C:\Users\santi\.jdks\ms-21.0.8\bin\verify.dll
0x00007ffc0bb40000 - 0x00007ffc0bb4e000 	C:\Users\santi\.jdks\ms-21.0.8\bin\sunmscapi.dll
0x00007ffc1fab0000 - 0x00007ffc1fc27000 	C:\WINDOWS\System32\CRYPT32.dll
0x00007ffc1e2c0000 - 0x00007ffc1e2f0000 	C:\WINDOWS\SYSTEM32\ncrypt.dll
0x00007ffc1e270000 - 0x00007ffc1e2af000 	C:\WINDOWS\SYSTEM32\NTASN1.dll
0x00007ffbeeb30000 - 0x00007ffbeeb38000 	C:\WINDOWS\system32\wshunix.dll

JVMTI agents: none

dbghelp: loaded successfully - version: 4.0.5 - missing functions: none
symbol engine: initialized successfully - sym options: 0x614 - pdb path: .;C:\Users\santi\.jdks\ms-21.0.8\bin;C:\WINDOWS\SYSTEM32;C:\WINDOWS\WinSxS\amd64_microsoft.windows.common-controls_6595b64144ccf1df_6.0.26100.5074_none_3e0d6f78e32fd63f;C:\Program Files (x86)\360\Total Security\safemon;C:\Users\santi\.jdks\ms-21.0.8\bin\server

VM Arguments:
jvm_args: -Dcom.sun.management.jmxremote -Dcom.sun.management.jmxremote.port=9001 -Dcom.sun.management.jmxremote.authenticate=false -Dcom.sun.management.jmxremote.ssl=false -Djava.rmi.server.hostname=127.0.0.1 
java_command: com.uniminuto.clinica.ClinicaApplication --spring.application.admin.enabled=true --spring.application.admin.jmx-name=org.springframework.boot:type=Admin,name=SpringApplication
java_class_path (initial): C:\Users\santi\75318-backend-1\target\classes;C:\Users\santi\.m2\repository\org\aspectj\aspectjweaver\1.9.7\aspectjweaver-1.9.7.jar;C:\Users\santi\.m2\repository\com\zaxxer\HikariCP\4.0.3\HikariCP-4.0.3.jar;C:\Users\santi\.m2\repository\org\springframework\spring-jdbc\5.3.31\spring-jdbc-5.3.31.jar;C:\Users\santi\.m2\repository\jakarta\transaction\jakarta.transaction-api\1.3.3\jakarta.transaction-api-1.3.3.jar;C:\Users\santi\.m2\repository\jakarta\persistence\jakarta.persistence-api\2.2.3\jakarta.persistence-api-2.2.3.jar;C:\Users\santi\.m2\repository\org\hibernate\hibernate-core\5.6.15.Final\hibernate-core-5.6.15.Final.jar;C:\Users\santi\.m2\repository\org\jboss\logging\jboss-logging\3.4.3.Final\jboss-logging-3.4.3.Final.jar;C:\Users\santi\.m2\repository\net\bytebuddy\byte-buddy\1.12.23\byte-buddy-1.12.23.jar;C:\Users\santi\.m2\repository\antlr\antlr\2.7.7\antlr-2.7.7.jar;C:\Users\santi\.m2\repository\org\jboss\jandex\2.4.2.Final\jandex-2.4.2.Final.jar;C:\Users\santi\.m2\repository\com\fasterxml\classmate\1.5.1\classmate-1.5.1.jar;C:\Users\santi\.m2\repository\org\hibernate\common\hibernate-commons-annotations\5.1.2.Final\hibernate-commons-annotations-5.1.2.Final.jar;C:\Users\santi\.m2\repository\org\glassfish\jaxb\jaxb-runtime\2.3.9\jaxb-runtime-2.3.9.jar;C:\Users\santi\.m2\repository\org\glassfish\jaxb\txw2\2.3.9\txw2-2.3.9.jar;C:\Users\santi\.m2\repository\com\sun\istack\istack-commons-runtime\3.0.12\istack-commons-runtime-3.0.12.jar;C:\Users\santi\.m2\repository\com\sun\activation\jakarta.activation\1.2.2\jakarta.activation-1.2.2.jar;C:\Users\santi\.m2\repository\org\springframework\spring-aspects\5.3.31\spring-aspects-5.3.31.jar;C:\Users\santi\.m2\repository\org\springframework\boot\spring-boot\2.7.18\spring-boot-2.7.18.jar;C:\Users\santi\.m2\repository\org\springframework\boot\spring-boot-autoconfigure\2.7.18\spring-boot-autoconfigure-2.7.18.jar;C:\Users\santi\.m2\repository\ch\qos\logback\logback-classic\1.2.12\logback-classic-1.2.12.jar;C:\Users\santi\.m2\repository\ch\qos\logback\logback-core\1.2.12\logback-core-1.2.12.jar;C:\Users\santi\.m2\repository\org\apache\logging\log4j\log4j-to-slf4j\2.17.2\log4j-to-slf4j-2.17.2.jar;C:\Users\santi\.m2\repository\org\apache\logging\log4j\log4j-api\2.17.2\log4j-api-2.17.2.jar;C:\Users\santi\.m2\repository\org\slf4j\jul-to-slf4j\1.7.36\jul-to-slf4j-1.7.36.jar;C:\Users\santi\.m2\repository\jakarta\annotation\jakarta.annotation-api\1.3.5\jakarta.annotation-api-1.3.5.jar;C:\Users\santi\.m2\repository\org\springframework\spring-core\5.3.31\spring-core-5.3.31.jar;C:\Users\santi\.m2\repository\org\springframework\spring-jcl\5.3.31\spring-jcl-5.3.31.jar;C:\Users\santi\.m2\repository\org\yaml\snakeyaml\1.30\snakeyaml-1.30.jar;C:\Users\santi\.m2\repository\com\fasterxml\jackson\core\jackson-databind\2.13.5\jackson-databind-2.13.5.jar;C:\Users\santi\.m2\repository\com\fasterxml\jackson\core\jackson-annotations\2.13.5\jackson-annotations-2.13.5.jar;C:\Users\santi\.m2\repository\com\fasterxml\jackson\core\jackson-core\2.13.5\jackson-core-2.13.5.jar;C:\Users\santi\.m2\repository\com\fasterxml\jackson\datatype\jackson-datatype-jdk8\2.13.5\jackson-datatype-jdk8-2.13.5.jar;C:\Users\santi\.m2\repository\com\fasterxml\jackson\datatype\jackson-datatype-jsr310\2.13.5\jackson-datatype-jsr310-2.13.5.jar;C:\Users\santi\.m2\repository\com\fasterxml\jackson\module\jackson-module-parameter-names\2.13.5\jackson-module-parameter-names-2.13.5.jar;C:\Users\santi\.m2\repository\org\apache\tomcat\embed\tomcat-embed-core\9.0.83\tomcat-embed-core-9.0.83.jar;C:\Users\santi\.m2\repository\org\apache\tomcat\embed\tomcat-embed-websocket\9.0.83\tomcat-embed-websocket-9.0.83.jar;C:\Users\santi\.m2\repository\org\springframework\spring-web\5.3.31\spring-web-5.3.31.jar;C:\Users\santi\.m2\repository\org\springframework\spring-webmvc\5.3.31\spring-webmvc-5.3.31.jar;C:\Users\santi\.m2\repository\org\springframework\spring-expression\5.3.31\spring-expression-5.3.31.jar;C:\Users\santi\.m2\repository\org\apache\tomcat\embed\tomcat-embed-el\9.0.83\tomcat-embed-el-9.0.83.jar;C:\Users\santi\.m2\repository\org\hibernate\validator\hibernate-validator\6.2.5.Final\hibernate-validator-6.2.5.Final.jar;C:\Users\santi\.m2\repository\jakarta\validation\jakarta.validation-api\2.0.2\jakarta.validation-api-2.0.2.jar;C:\Users\santi\.m2\repository\com\mysql\mysql-connector-j\8.0.33\mysql-connector-j-8.0.33.jar;C:\Users\santi\.m2\repository\jakarta\xml\bind\jakarta.xml.bind-api\2.3.3\jakarta.xml.bind-api-2.3.3.jar;C:\Users\santi\.m2\repository\jakarta\activation\jakarta.activation-api\1.2.2\jakarta.activation-api-1.2.2.jar;C:\Users\santi\.m2\repository\javax\validation\validation-api\2.0.1.Final\validation-api-2.0.1.Final.jar;C:\Users\santi\.m2\repository\org\springframework\boot\spring-boot-devtools\2.7.18\spring-boot-devtools-2.7.18.jar;C:\Users\santi\.m2\repository\org\springframework\data\spring-data-jpa\2.7.18\spring-data-jpa-2.7.18.jar;C:\Users\santi\.m2\repository\org\springframework\data\spring-data-commons\2.7.18\spring-data-commons-2.7.18.jar;C:\Users\santi\.m2\repository\org\springframework\spring-orm\5.3.31\spring-orm-5.3.31.jar;C:\Users\santi\.m2\repository\org\springframework\spring-context\5.3.31\spring-context-5.3.31.jar;C:\Users\santi\.m2\repository\org\springframework\spring-aop\5.3.31\spring-aop-5.3.31.jar;C:\Users\santi\.m2\repository\org\springframework\spring-tx\5.3.31\spring-tx-5.3.31.jar;C:\Users\santi\.m2\repository\org\springframework\spring-beans\5.3.31\spring-beans-5.3.31.jar;C:\Users\santi\.m2\repository\org\slf4j\slf4j-api\1.7.36\slf4j-api-1.7.36.jar;C:\Users\santi\.m2\repository\org\springframework\security\spring-security-config\5.7.11\spring-security-config-5.7.11.jar;C:\Users\santi\.m2\repository\org\springframework\security\spring-security-web\5.7.11\spring-security-web-5.7.11.jar;C:\Users\santi\.m2\repository\org\springframework\security\spring-security-core\5.7.11\spring-security-core-5.7.11.jar;C:\Users\santi\.m2\repository\org\springframework\security\spring-security-crypto\5.7.11\spring-security-crypto-5.7.11.jar
Launcher Type: SUN_STANDARD

[Global flags]
     intx CICompilerCount                          = 4                                         {product} {ergonomic}
     uint ConcGCThreads                            = 3                                         {product} {ergonomic}
     uint G1ConcRefinementThreads                  = 10                                        {product} {ergonomic}
   size_t G1HeapRegionSize                         = 2097152                                   {product} {ergonomic}
    uintx GCDrainStackTargetSize                   = 64                                        {product} {ergonomic}
   size_t InitialHeapSize                          = 197132288                                 {product} {ergonomic}
     bool ManagementServer                         = true                                      {product} {command line}
   size_t MarkStackSize                            = 4194304                                   {product} {ergonomic}
   size_t MaxHeapSize                              = 3139436544                                {product} {ergonomic}
   size_t MaxNewSize                               = 1883242496                                {product} {ergonomic}
   size_t MinHeapDeltaBytes                        = 2097152                                   {product} {ergonomic}
   size_t MinHeapSize                              = 8388608                                   {product} {ergonomic}
    uintx NonNMethodCodeHeapSize                   = 5839372                                {pd product} {ergonomic}
    uintx NonProfiledCodeHeapSize                  = 122909434                              {pd product} {ergonomic}
    uintx ProfiledCodeHeapSize                     = 122909434                              {pd product} {ergonomic}
    uintx ReservedCodeCacheSize                    = 251658240                              {pd product} {ergonomic}
     bool SegmentedCodeCache                       = true                                      {product} {ergonomic}
   size_t SoftMaxHeapSize                          = 3139436544                             {manageable} {ergonomic}
     bool UseCompressedOops                        = true                           {product lp64_product} {ergonomic}
     bool UseG1GC                                  = true                                      {product} {ergonomic}
     bool UseLargePagesIndividualAllocation        = false                                  {pd product} {ergonomic}

Logging:
Log output configuration:
 #0: stdout all=warning uptime,level,tags foldmultilines=false
 #1: stderr all=off uptime,level,tags foldmultilines=false

Environment Variables:
JAVA_HOME=C:\Users\santi\.jdks\ms-21.0.8
PATH=C:\Program Files (x86)\Common Files\Oracle\Java\java8path;C:\Program Files (x86)\Common Files\Oracle\Java\javapath;C:\WINDOWS\system32;C:\WINDOWS;C:\WINDOWS\System32\Wbem;C:\WINDOWS\System32\WindowsPowerShell\v1.0\;C:\WINDOWS\System32\OpenSSH\;C:\Program Files\dotnet\;C:\Program Files\Git\cmd;C:\Users\santi\AppData\Local\Microsoft\WindowsApps\python.exe;C:\Program Files\nodejs\;C:\Users\santi\AppData\Local\Programs\Python\Python313\Scripts\;C:\Users\santi\AppData\Local\Programs\Python\Python313\;C:\Users\santi\AppData\Local\Programs\Python\Launcher\;C:\Users\santi\AppData\Local\Microsoft\WindowsApps;C:\Users\santi\AppData\Local\Programs\Microsoft VS Code\bin;C:\ProgramData\santi\GitHubDesktop\bin;C:\Users\santi\AppData\Roaming\npm
USERNAME=santi
OS=Windows_NT
PROCESSOR_IDENTIFIER=Intel64 Family 6 Model 154 Stepping 4, GenuineIntel
TMP=C:\Users\santi\AppData\Local\Temp
TEMP=C:\Users\santi\AppData\Local\Temp




Periodic native trim disabled

---------------  S Y S T E M  ---------------

OS:
 Windows 11 , 64 bit Build 26100 (10.0.26100.5074)
OS uptime: 2 days 18:24 hours
Hyper-V role detected

CPU: total 12 (initial active 12) (6 cores per cpu, 2 threads per core) family 6 model 154 stepping 4 microcode 0x42c, cx8, cmov, fxsr, ht, mmx, 3dnowpref, sse, sse2, sse3, ssse3, sse4.1, sse4.2, popcnt, lzcnt, tsc, tscinvbit, avx, avx2, aes, erms, clmul, bmi1, bmi2, adx, sha, fma, vzeroupper, clflush, clflushopt, clwb, hv, serialize, rdtscp, rdpid, fsrm, f16c, cet_ibt, cet_ss
Processor Information for processor 0
  Max Mhz: 1300, Current Mhz: 1300, Mhz Limit: 1300
Processor Information for processor 1
  Max Mhz: 1300, Current Mhz: 1300, Mhz Limit: 1300
Processor Information for processor 2
  Max Mhz: 1300, Current Mhz: 1300, Mhz Limit: 1300
Processor Information for processor 3
  Max Mhz: 1300, Current Mhz: 1300, Mhz Limit: 1300
Processor Information for processor 4
  Max Mhz: 1300, Current Mhz: 900, Mhz Limit: 897
Processor Information for processor 5
  Max Mhz: 1300, Current Mhz: 900, Mhz Limit: 897
Processor Information for processor 6
  Max Mhz: 1300, Current Mhz: 900, Mhz Limit: 897
Processor Information for processor 7
  Max Mhz: 1300, Current Mhz: 900, Mhz Limit: 897
Processor Information for processor 8
  Max Mhz: 1300, Current Mhz: 900, Mhz Limit: 897
Processor Information for processor 9
  Max Mhz: 1300, Current Mhz: 900, Mhz Limit: 897
Processor Information for processor 10
  Max Mhz: 1300, Current Mhz: 900, Mhz Limit: 897
Processor Information for processor 11
  Max Mhz: 1300, Current Mhz: 900, Mhz Limit: 897

Memory: 4k page, system-wide physical 11973M (1054M free)
TotalPageFile size 16069M (AvailPageFile size 5M)
current process WorkingSet (physical memory assigned to process): 278M, peak: 302M
current process commit charge ("private bytes"): 314M, peak: 344M

vm_info: OpenJDK 64-Bit Server VM (21.0.8+9-LTS) for windows-amd64 JRE (21.0.8+9-LTS), built on 2025-07-10T20:22:44Z by "MicrosoftCorporation" with unknown MS VC++:1944

END.
