#
# There is insufficient memory for the Java Runtime Environment to continue.
# Native memory allocation (malloc) failed to allocate 1255376 bytes. Error detail: Chunk::new
# Possible reasons:
#   The system is out of physical RAM or swap space
#   This process is running with CompressedOops enabled, and the Java Heap may be blocking the growth of the native heap
# Possible solutions:
#   Reduce memory load on the system
#   Increase physical memory or swap space
#   Check if swap backing store is full
#   Decrease Java heap size (-Xmx/-Xms)
#   Decrease number of Java threads
#   Decrease Java thread stack sizes (-Xss)
#   Set larger code cache with -XX:ReservedCodeCacheSize=
#   JVM is running with Zero Based Compressed Oops mode in which the Java heap is
#     placed in the first 32GB address space. The Java Heap base address is the
#     maximum limit for the native heap growth. Please use -XX:HeapBaseMinAddress
#     to set the Java Heap base and to place the Java Heap above 32GB virtual address.
# This output file may be truncated or incomplete.
#
#  Out of Memory Error (arena.cpp:168), pid=12040, tid=22868
#
# JRE version: OpenJDK Runtime Environment Microsoft-11933218 (21.0.8+9) (build 21.0.8+9-LTS)
# Java VM: OpenJDK 64-Bit Server VM Microsoft-11933218 (21.0.8+9-LTS, mixed mode, sharing, tiered, compressed oops, compressed class ptrs, g1 gc, windows-amd64)
# No core dump will be written. Minidumps are not enabled by default on client versions of Windows
#

---------------  S U M M A R Y ------------

Command Line: -Dclassworlds.conf=C:\Users\santi\AppData\Local\Programs\IntelliJ IDEA Ultimate 2025.2.3\plugins\maven\lib\maven3\bin\m2.conf -Dmaven.home=C:\Users\santi\AppData\Local\Programs\IntelliJ IDEA Ultimate 2025.2.3\plugins\maven\lib\maven3 -Dlibrary.jansi.path=C:\Users\santi\AppData\Local\Programs\IntelliJ IDEA Ultimate 2025.2.3\plugins\maven\lib\maven3\lib\jansi-native -Dmaven.multiModuleProjectDirectory=C:\Users\santi\75318-backend-1 org.codehaus.plexus.classworlds.launcher.Launcher -Didea.version=2025.2.3 -Dmaven.ext.class.path=C:\Users\santi\AppData\Local\Programs\IntelliJ IDEA Ultimate 2025.2.3\plugins\maven\lib\maven-event-listener.jar -Djansi.passthrough=true -Dstyle.color=always -Dmaven.repo.local=C:\Users\santi\.m2\repository org.springframework.boot:spring-boot-maven-plugin:2.7.18:run -f pom.xml

Host: 12th Gen Intel(R) Core(TM) i5-1235U, 12 cores, 11G,  Windows 11 , 64 bit Build 26100 (10.0.26100.5074)
Time: Fri Oct 24 18:44:22 2025 Hora est. Pac璗ico, Sudam廨ica elapsed time: 8.030732 seconds (0d 0h 0m 8s)

---------------  T H R E A D  ---------------

Current thread (0x0000021c7f1e2d10):  JavaThread "C2 CompilerThread1" daemon [_thread_in_native, id=22868, stack(0x0000006c78300000,0x0000006c78400000) (1024K)]


Current CompileTask:
C2:8030 5144       4       org.apache.maven.model.inheritance.DefaultInheritanceAssembler$InheritanceModelMerger::mergePluginContainer_Plugins (433 bytes)

Stack: [0x0000006c78300000,0x0000006c78400000]
Native frames: (J=compiled Java code, j=interpreted, Vv=VM code, C=native code)
V  [jvm.dll+0x6e1729]
V  [jvm.dll+0x8bf47b]
V  [jvm.dll+0x8c19aa]
V  [jvm.dll+0x8c2083]
V  [jvm.dll+0x289fd6]
V  [jvm.dll+0xc903d]
V  [jvm.dll+0xc958c]
V  [jvm.dll+0x30113e]
V  [jvm.dll+0x608897]
V  [jvm.dll+0x25af97]
V  [jvm.dll+0x25b36d]
V  [jvm.dll+0x253c69]
V  [jvm.dll+0x251171]
V  [jvm.dll+0x1d18bf]
V  [jvm.dll+0x260f4a]
V  [jvm.dll+0x25f2b5]
V  [jvm.dll+0x40151d]
V  [jvm.dll+0x86975d]
V  [jvm.dll+0x6dff2d]
C  [ucrtbase.dll+0x37b0]
C  [KERNEL32.DLL+0x2e8d7]
C  [ntdll.dll+0x8d9c]


---------------  P R O C E S S  ---------------

Threads class SMR info:
_java_thread_list=0x0000021c00895ff0, length=14, elements={
0x0000021c1bb24e10, 0x0000021c395f5f20, 0x0000021c395f6a70, 0x0000021c395fb0b0,
0x0000021c395fbc30, 0x0000021c395fd320, 0x0000021c395fe880, 0x0000021c7f00d240,
0x0000021c7f00e860, 0x0000021c7f1b5ca0, 0x0000021c7f1c0c30, 0x0000021c7f1e2d10,
0x0000021c7fbd6490, 0x0000021c00604850
}

Java Threads: ( => current thread )
  0x0000021c1bb24e10 JavaThread "main"                              [_thread_in_native, id=24328, stack(0x0000006c77100000,0x0000006c77200000) (1024K)]
  0x0000021c395f5f20 JavaThread "Reference Handler"          daemon [_thread_blocked, id=13672, stack(0x0000006c77900000,0x0000006c77a00000) (1024K)]
  0x0000021c395f6a70 JavaThread "Finalizer"                  daemon [_thread_blocked, id=8788, stack(0x0000006c77a00000,0x0000006c77b00000) (1024K)]
  0x0000021c395fb0b0 JavaThread "Signal Dispatcher"          daemon [_thread_blocked, id=10668, stack(0x0000006c77b00000,0x0000006c77c00000) (1024K)]
  0x0000021c395fbc30 JavaThread "Attach Listener"            daemon [_thread_blocked, id=20380, stack(0x0000006c77c00000,0x0000006c77d00000) (1024K)]
  0x0000021c395fd320 JavaThread "Service Thread"             daemon [_thread_blocked, id=22292, stack(0x0000006c77d00000,0x0000006c77e00000) (1024K)]
  0x0000021c395fe880 JavaThread "Monitor Deflation Thread"   daemon [_thread_blocked, id=18096, stack(0x0000006c77e00000,0x0000006c77f00000) (1024K)]
  0x0000021c7f00d240 JavaThread "C2 CompilerThread0"         daemon [_thread_blocked, id=21048, stack(0x0000006c77f00000,0x0000006c78000000) (1024K)]
  0x0000021c7f00e860 JavaThread "C1 CompilerThread0"         daemon [_thread_blocked, id=9404, stack(0x0000006c78000000,0x0000006c78100000) (1024K)]
  0x0000021c7f1b5ca0 JavaThread "Notification Thread"        daemon [_thread_blocked, id=11616, stack(0x0000006c78100000,0x0000006c78200000) (1024K)]
  0x0000021c7f1c0c30 JavaThread "Common-Cleaner"             daemon [_thread_blocked, id=17736, stack(0x0000006c78200000,0x0000006c78300000) (1024K)]
=>0x0000021c7f1e2d10 JavaThread "C2 CompilerThread1"         daemon [_thread_in_native, id=22868, stack(0x0000006c78300000,0x0000006c78400000) (1024K)]
  0x0000021c7fbd6490 JavaThread "C2 CompilerThread2"         daemon [_thread_blocked, id=22260, stack(0x0000006c78400000,0x0000006c78500000) (1024K)]
  0x0000021c00604850 JavaThread "Thread-1"                   daemon [_thread_blocked, id=10912, stack(0x0000006c78e00000,0x0000006c78f00000) (1024K)]
Total: 14

Other Threads:
  0x0000021c395dd010 VMThread "VM Thread"                           [id=19204, stack(0x0000006c77800000,0x0000006c77900000) (1024K)]
  0x0000021c395c4860 WatcherThread "VM Periodic Task Thread"        [id=24284, stack(0x0000006c77700000,0x0000006c77800000) (1024K)]
  0x0000021c1bb76d90 WorkerThread "GC Thread#0"                     [id=23836, stack(0x0000006c77200000,0x0000006c77300000) (1024K)]
  0x0000021c002d0960 WorkerThread "GC Thread#1"                     [id=7164, stack(0x0000006c78500000,0x0000006c78600000) (1024K)]
  0x0000021c002d1110 WorkerThread "GC Thread#2"                     [id=24016, stack(0x0000006c78600000,0x0000006c78700000) (1024K)]
  0x0000021c7fbd6b30 WorkerThread "GC Thread#3"                     [id=2260, stack(0x0000006c78700000,0x0000006c78800000) (1024K)]
  0x0000021c0008b400 WorkerThread "GC Thread#4"                     [id=15756, stack(0x0000006c78800000,0x0000006c78900000) (1024K)]
  0x0000021c001ba8e0 WorkerThread "GC Thread#5"                     [id=12356, stack(0x0000006c78900000,0x0000006c78a00000) (1024K)]
  0x0000021c001bb090 WorkerThread "GC Thread#6"                     [id=24440, stack(0x0000006c78a00000,0x0000006c78b00000) (1024K)]
  0x0000021c001bb430 WorkerThread "GC Thread#7"                     [id=6748, stack(0x0000006c78b00000,0x0000006c78c00000) (1024K)]
  0x0000021c006ed620 WorkerThread "GC Thread#8"                     [id=19652, stack(0x0000006c78c00000,0x0000006c78d00000) (1024K)]
  0x0000021c006ecee0 WorkerThread "GC Thread#9"                     [id=9976, stack(0x0000006c78d00000,0x0000006c78e00000) (1024K)]
  0x0000021c1bba3020 ConcurrentGCThread "G1 Main Marker"            [id=19228, stack(0x0000006c77300000,0x0000006c77400000) (1024K)]
  0x0000021c1bba58f0 WorkerThread "G1 Conc#0"                       [id=23520, stack(0x0000006c77400000,0x0000006c77500000) (1024K)]
  0x0000021c39496320 ConcurrentGCThread "G1 Refine#0"               [id=2812, stack(0x0000006c77500000,0x0000006c77600000) (1024K)]
  0x0000021c39496c40 ConcurrentGCThread "G1 Service"                [id=22300, stack(0x0000006c77600000,0x0000006c77700000) (1024K)]
Total: 16

Threads with active compile tasks:
C2 CompilerThread1  8060 5144       4       org.apache.maven.model.inheritance.DefaultInheritanceAssembler$InheritanceModelMerger::mergePluginContainer_Plugins (433 bytes)
Total: 1

VM state: not at safepoint (normal execution)

VM Mutex/Monitor currently owned by a thread: None

Heap address: 0x0000000744e00000, size: 2994 MB, Compressed Oops mode: Zero based, Oop shift amount: 3

CDS archive(s) mapped at: [0x0000021c3a000000-0x0000021c3ac80000-0x0000021c3ac80000), size 13107200, SharedBaseAddress: 0x0000021c3a000000, ArchiveRelocationMode: 1.
Compressed class space mapped at: 0x0000021c3b000000-0x0000021c7b000000, reserved size: 1073741824
Narrow klass base: 0x0000021c3a000000, Narrow klass shift: 0, Narrow klass range: 0x100000000

GC Precious Log:
 CardTable entry size: 512
 Card Set container configuration: InlinePtr #cards 4 size 8 Array Of Cards #cards 16 size 48 Howl #buckets 8 coarsen threshold 3686 Howl Bitmap #cards 512 size 80 coarsen threshold 460 Card regions per heap region 1 cards per card region 4096
 CPUs: 12 total, 12 available
 Memory: 11973M
 Large Page Support: Disabled
 NUMA Support: Disabled
 Compressed Oops: Enabled (Zero based)
 Heap Region Size: 2M
 Heap Min Capacity: 8M
 Heap Initial Capacity: 188M
 Heap Max Capacity: 2994M
 Pre-touch: Disabled
 Parallel Workers: 10
 Concurrent Workers: 3
 Concurrent Refinement Workers: 10
 Periodic GC: Disabled

Heap:
 garbage-first heap   total 192512K, used 114288K [0x0000000744e00000, 0x0000000800000000)
  region size 2048K, 40 young (81920K), 6 survivors (12288K)
 Metaspace       used 20004K, committed 20288K, reserved 1114112K
  class space    used 2241K, committed 2368K, reserved 1048576K

Heap Regions: E=young(eden), S=young(survivor), O=old, HS=humongous(starts), HC=humongous(continues), CS=collection set, F=free, TAMS=top-at-mark-start, PB=parsable bottom
|   0|0x0000000744e00000, 0x0000000745000000, 0x0000000745000000|100%| O|  |TAMS 0x0000000744e00000| PB 0x0000000744e00000| Untracked 
|   1|0x0000000745000000, 0x000000074516cb80, 0x0000000745200000| 71%| O|  |TAMS 0x0000000745000000| PB 0x0000000745000000| Untracked 
|   2|0x0000000745200000, 0x0000000745400000, 0x0000000745400000|100%|HS|  |TAMS 0x0000000745200000| PB 0x0000000745200000| Complete 
|   3|0x0000000745400000, 0x0000000745600000, 0x0000000745600000|100%|HC|  |TAMS 0x0000000745400000| PB 0x0000000745400000| Complete 
|   4|0x0000000745600000, 0x0000000745800000, 0x0000000745800000|100%|HC|  |TAMS 0x0000000745600000| PB 0x0000000745600000| Complete 
|   5|0x0000000745800000, 0x0000000745a00000, 0x0000000745a00000|100%|HC|  |TAMS 0x0000000745800000| PB 0x0000000745800000| Complete 
|   6|0x0000000745a00000, 0x0000000745c00000, 0x0000000745c00000|100%|HS|  |TAMS 0x0000000745a00000| PB 0x0000000745a00000| Complete 
|   7|0x0000000745c00000, 0x0000000745e00000, 0x0000000745e00000|100%|HC|  |TAMS 0x0000000745c00000| PB 0x0000000745c00000| Complete 
|   8|0x0000000745e00000, 0x0000000746000000, 0x0000000746000000|100%|HC|  |TAMS 0x0000000745e00000| PB 0x0000000745e00000| Complete 
|   9|0x0000000746000000, 0x0000000746200000, 0x0000000746200000|100%|HC|  |TAMS 0x0000000746000000| PB 0x0000000746000000| Complete 
|  10|0x0000000746200000, 0x0000000746400000, 0x0000000746400000|100%|HC|  |TAMS 0x0000000746200000| PB 0x0000000746200000| Complete 
|  11|0x0000000746400000, 0x0000000746600000, 0x0000000746600000|100%|HC|  |TAMS 0x0000000746400000| PB 0x0000000746400000| Complete 
|  12|0x0000000746600000, 0x0000000746800000, 0x0000000746800000|100%|HS|  |TAMS 0x0000000746600000| PB 0x0000000746600000| Complete 
|  13|0x0000000746800000, 0x0000000746a00000, 0x0000000746a00000|100%|HC|  |TAMS 0x0000000746800000| PB 0x0000000746800000| Complete 
|  14|0x0000000746a00000, 0x0000000746c00000, 0x0000000746c00000|100%|HC|  |TAMS 0x0000000746a00000| PB 0x0000000746a00000| Complete 
|  15|0x0000000746c00000, 0x0000000746e00000, 0x0000000746e00000|100%|HC|  |TAMS 0x0000000746c00000| PB 0x0000000746c00000| Complete 
|  16|0x0000000746e00000, 0x0000000747000000, 0x0000000747000000|100%|HC|  |TAMS 0x0000000746e00000| PB 0x0000000746e00000| Complete 
|  17|0x0000000747000000, 0x0000000747200000, 0x0000000747200000|100%|HC|  |TAMS 0x0000000747000000| PB 0x0000000747000000| Complete 
|  18|0x0000000747200000, 0x0000000747200000, 0x0000000747400000|  0%| F|  |TAMS 0x0000000747200000| PB 0x0000000747200000| Untracked 
|  19|0x0000000747400000, 0x0000000747400000, 0x0000000747600000|  0%| F|  |TAMS 0x0000000747400000| PB 0x0000000747400000| Untracked 
|  20|0x0000000747600000, 0x0000000747600000, 0x0000000747800000|  0%| F|  |TAMS 0x0000000747600000| PB 0x0000000747600000| Untracked 
|  21|0x0000000747800000, 0x0000000747800000, 0x0000000747a00000|  0%| F|  |TAMS 0x0000000747800000| PB 0x0000000747800000| Untracked 
|  22|0x0000000747a00000, 0x0000000747a00000, 0x0000000747c00000|  0%| F|  |TAMS 0x0000000747a00000| PB 0x0000000747a00000| Untracked 
|  23|0x0000000747c00000, 0x0000000747c00000, 0x0000000747e00000|  0%| F|  |TAMS 0x0000000747c00000| PB 0x0000000747c00000| Untracked 
|  24|0x0000000747e00000, 0x0000000747e00000, 0x0000000748000000|  0%| F|  |TAMS 0x0000000747e00000| PB 0x0000000747e00000| Untracked 
|  25|0x0000000748000000, 0x0000000748000000, 0x0000000748200000|  0%| F|  |TAMS 0x0000000748000000| PB 0x0000000748000000| Untracked 
|  26|0x0000000748200000, 0x0000000748200000, 0x0000000748400000|  0%| F|  |TAMS 0x0000000748200000| PB 0x0000000748200000| Untracked 
|  27|0x0000000748400000, 0x0000000748400000, 0x0000000748600000|  0%| F|  |TAMS 0x0000000748400000| PB 0x0000000748400000| Untracked 
|  28|0x0000000748600000, 0x0000000748600000, 0x0000000748800000|  0%| F|  |TAMS 0x0000000748600000| PB 0x0000000748600000| Untracked 
|  29|0x0000000748800000, 0x0000000748800000, 0x0000000748a00000|  0%| F|  |TAMS 0x0000000748800000| PB 0x0000000748800000| Untracked 
|  30|0x0000000748a00000, 0x0000000748a00000, 0x0000000748c00000|  0%| F|  |TAMS 0x0000000748a00000| PB 0x0000000748a00000| Untracked 
|  31|0x0000000748c00000, 0x0000000748c00000, 0x0000000748e00000|  0%| F|  |TAMS 0x0000000748c00000| PB 0x0000000748c00000| Untracked 
|  32|0x0000000748e00000, 0x0000000748e2f7d0, 0x0000000749000000|  9%| S|CS|TAMS 0x0000000748e00000| PB 0x0000000748e00000| Complete 
|  33|0x0000000749000000, 0x0000000749200000, 0x0000000749200000|100%| S|CS|TAMS 0x0000000749000000| PB 0x0000000749000000| Complete 
|  34|0x0000000749200000, 0x0000000749400000, 0x0000000749400000|100%| S|CS|TAMS 0x0000000749200000| PB 0x0000000749200000| Complete 
|  35|0x0000000749400000, 0x0000000749600000, 0x0000000749600000|100%| S|CS|TAMS 0x0000000749400000| PB 0x0000000749400000| Complete 
|  36|0x0000000749600000, 0x0000000749800000, 0x0000000749800000|100%| S|CS|TAMS 0x0000000749600000| PB 0x0000000749600000| Complete 
|  37|0x0000000749800000, 0x0000000749a00000, 0x0000000749a00000|100%| S|CS|TAMS 0x0000000749800000| PB 0x0000000749800000| Complete 
|  38|0x0000000749a00000, 0x0000000749a00000, 0x0000000749c00000|  0%| F|  |TAMS 0x0000000749a00000| PB 0x0000000749a00000| Untracked 
|  39|0x0000000749c00000, 0x0000000749c00000, 0x0000000749e00000|  0%| F|  |TAMS 0x0000000749c00000| PB 0x0000000749c00000| Untracked 
|  40|0x0000000749e00000, 0x0000000749e00000, 0x000000074a000000|  0%| F|  |TAMS 0x0000000749e00000| PB 0x0000000749e00000| Untracked 
|  41|0x000000074a000000, 0x000000074a000000, 0x000000074a200000|  0%| F|  |TAMS 0x000000074a000000| PB 0x000000074a000000| Untracked 
|  42|0x000000074a200000, 0x000000074a200000, 0x000000074a400000|  0%| F|  |TAMS 0x000000074a200000| PB 0x000000074a200000| Untracked 
|  43|0x000000074a400000, 0x000000074a400000, 0x000000074a600000|  0%| F|  |TAMS 0x000000074a400000| PB 0x000000074a400000| Untracked 
|  44|0x000000074a600000, 0x000000074a600000, 0x000000074a800000|  0%| F|  |TAMS 0x000000074a600000| PB 0x000000074a600000| Untracked 
|  45|0x000000074a800000, 0x000000074a800000, 0x000000074aa00000|  0%| F|  |TAMS 0x000000074a800000| PB 0x000000074a800000| Untracked 
|  46|0x000000074aa00000, 0x000000074aa00000, 0x000000074ac00000|  0%| F|  |TAMS 0x000000074aa00000| PB 0x000000074aa00000| Untracked 
|  47|0x000000074ac00000, 0x000000074ac00000, 0x000000074ae00000|  0%| F|  |TAMS 0x000000074ac00000| PB 0x000000074ac00000| Untracked 
|  48|0x000000074ae00000, 0x000000074ae00000, 0x000000074b000000|  0%| F|  |TAMS 0x000000074ae00000| PB 0x000000074ae00000| Untracked 
|  49|0x000000074b000000, 0x000000074b000000, 0x000000074b200000|  0%| F|  |TAMS 0x000000074b000000| PB 0x000000074b000000| Untracked 
|  50|0x000000074b200000, 0x000000074b200000, 0x000000074b400000|  0%| F|  |TAMS 0x000000074b200000| PB 0x000000074b200000| Untracked 
|  51|0x000000074b400000, 0x000000074b400000, 0x000000074b600000|  0%| F|  |TAMS 0x000000074b400000| PB 0x000000074b400000| Untracked 
|  52|0x000000074b600000, 0x000000074b600000, 0x000000074b800000|  0%| F|  |TAMS 0x000000074b600000| PB 0x000000074b600000| Untracked 
|  53|0x000000074b800000, 0x000000074b800000, 0x000000074ba00000|  0%| F|  |TAMS 0x000000074b800000| PB 0x000000074b800000| Untracked 
|  54|0x000000074ba00000, 0x000000074ba00000, 0x000000074bc00000|  0%| F|  |TAMS 0x000000074ba00000| PB 0x000000074ba00000| Untracked 
|  55|0x000000074bc00000, 0x000000074bc00000, 0x000000074be00000|  0%| F|  |TAMS 0x000000074bc00000| PB 0x000000074bc00000| Untracked 
|  56|0x000000074be00000, 0x000000074be00000, 0x000000074c000000|  0%| F|  |TAMS 0x000000074be00000| PB 0x000000074be00000| Untracked 
|  57|0x000000074c000000, 0x000000074c000000, 0x000000074c200000|  0%| F|  |TAMS 0x000000074c000000| PB 0x000000074c000000| Untracked 
|  58|0x000000074c200000, 0x000000074c200000, 0x000000074c400000|  0%| F|  |TAMS 0x000000074c200000| PB 0x000000074c200000| Untracked 
|  59|0x000000074c400000, 0x000000074c400000, 0x000000074c600000|  0%| F|  |TAMS 0x000000074c400000| PB 0x000000074c400000| Untracked 
|  60|0x000000074c600000, 0x000000074c700000, 0x000000074c800000| 50%| E|  |TAMS 0x000000074c600000| PB 0x000000074c600000| Complete 
|  61|0x000000074c800000, 0x000000074ca00000, 0x000000074ca00000|100%| E|CS|TAMS 0x000000074c800000| PB 0x000000074c800000| Complete 
|  62|0x000000074ca00000, 0x000000074cc00000, 0x000000074cc00000|100%| E|CS|TAMS 0x000000074ca00000| PB 0x000000074ca00000| Complete 
|  63|0x000000074cc00000, 0x000000074ce00000, 0x000000074ce00000|100%| E|CS|TAMS 0x000000074cc00000| PB 0x000000074cc00000| Complete 
|  64|0x000000074ce00000, 0x000000074d000000, 0x000000074d000000|100%| E|CS|TAMS 0x000000074ce00000| PB 0x000000074ce00000| Complete 
|  65|0x000000074d000000, 0x000000074d200000, 0x000000074d200000|100%| E|CS|TAMS 0x000000074d000000| PB 0x000000074d000000| Complete 
|  66|0x000000074d200000, 0x000000074d400000, 0x000000074d400000|100%| E|CS|TAMS 0x000000074d200000| PB 0x000000074d200000| Complete 
|  67|0x000000074d400000, 0x000000074d600000, 0x000000074d600000|100%| E|CS|TAMS 0x000000074d400000| PB 0x000000074d400000| Complete 
|  68|0x000000074d600000, 0x000000074d800000, 0x000000074d800000|100%| E|CS|TAMS 0x000000074d600000| PB 0x000000074d600000| Complete 
|  69|0x000000074d800000, 0x000000074da00000, 0x000000074da00000|100%| E|CS|TAMS 0x000000074d800000| PB 0x000000074d800000| Complete 
|  70|0x000000074da00000, 0x000000074dc00000, 0x000000074dc00000|100%| E|CS|TAMS 0x000000074da00000| PB 0x000000074da00000| Complete 
|  71|0x000000074dc00000, 0x000000074de00000, 0x000000074de00000|100%| E|CS|TAMS 0x000000074dc00000| PB 0x000000074dc00000| Complete 
|  72|0x000000074de00000, 0x000000074e000000, 0x000000074e000000|100%| E|CS|TAMS 0x000000074de00000| PB 0x000000074de00000| Complete 
|  73|0x000000074e000000, 0x000000074e200000, 0x000000074e200000|100%| E|CS|TAMS 0x000000074e000000| PB 0x000000074e000000| Complete 
|  74|0x000000074e200000, 0x000000074e400000, 0x000000074e400000|100%| E|CS|TAMS 0x000000074e200000| PB 0x000000074e200000| Complete 
|  75|0x000000074e400000, 0x000000074e600000, 0x000000074e600000|100%| E|CS|TAMS 0x000000074e400000| PB 0x000000074e400000| Complete 
|  76|0x000000074e600000, 0x000000074e800000, 0x000000074e800000|100%| E|CS|TAMS 0x000000074e600000| PB 0x000000074e600000| Complete 
|  77|0x000000074e800000, 0x000000074ea00000, 0x000000074ea00000|100%| E|CS|TAMS 0x000000074e800000| PB 0x000000074e800000| Complete 
|  78|0x000000074ea00000, 0x000000074ec00000, 0x000000074ec00000|100%| E|CS|TAMS 0x000000074ea00000| PB 0x000000074ea00000| Complete 
|  79|0x000000074ec00000, 0x000000074ee00000, 0x000000074ee00000|100%| E|CS|TAMS 0x000000074ec00000| PB 0x000000074ec00000| Complete 
|  80|0x000000074ee00000, 0x000000074f000000, 0x000000074f000000|100%| E|CS|TAMS 0x000000074ee00000| PB 0x000000074ee00000| Complete 
|  81|0x000000074f000000, 0x000000074f200000, 0x000000074f200000|100%| E|CS|TAMS 0x000000074f000000| PB 0x000000074f000000| Complete 
|  82|0x000000074f200000, 0x000000074f400000, 0x000000074f400000|100%| E|CS|TAMS 0x000000074f200000| PB 0x000000074f200000| Complete 
|  83|0x000000074f400000, 0x000000074f600000, 0x000000074f600000|100%| E|CS|TAMS 0x000000074f400000| PB 0x000000074f400000| Complete 
|  84|0x000000074f600000, 0x000000074f800000, 0x000000074f800000|100%| E|CS|TAMS 0x000000074f600000| PB 0x000000074f600000| Complete 
|  85|0x000000074f800000, 0x000000074fa00000, 0x000000074fa00000|100%| E|CS|TAMS 0x000000074f800000| PB 0x000000074f800000| Complete 
|  86|0x000000074fa00000, 0x000000074fc00000, 0x000000074fc00000|100%| E|CS|TAMS 0x000000074fa00000| PB 0x000000074fa00000| Complete 
|  87|0x000000074fc00000, 0x000000074fe00000, 0x000000074fe00000|100%| E|CS|TAMS 0x000000074fc00000| PB 0x000000074fc00000| Complete 
|  88|0x000000074fe00000, 0x0000000750000000, 0x0000000750000000|100%| E|CS|TAMS 0x000000074fe00000| PB 0x000000074fe00000| Complete 
|  89|0x0000000750000000, 0x0000000750200000, 0x0000000750200000|100%| E|CS|TAMS 0x0000000750000000| PB 0x0000000750000000| Complete 
|  90|0x0000000750200000, 0x0000000750400000, 0x0000000750400000|100%| E|CS|TAMS 0x0000000750200000| PB 0x0000000750200000| Complete 
|  91|0x0000000750400000, 0x0000000750600000, 0x0000000750600000|100%| E|CS|TAMS 0x0000000750400000| PB 0x0000000750400000| Complete 
|  92|0x0000000750600000, 0x0000000750800000, 0x0000000750800000|100%| E|CS|TAMS 0x0000000750600000| PB 0x0000000750600000| Complete 
|  93|0x0000000750800000, 0x0000000750a00000, 0x0000000750a00000|100%| E|CS|TAMS 0x0000000750800000| PB 0x0000000750800000| Complete 

Card table byte_map: [0x0000021c33d30000,0x0000021c34310000] _byte_map_base: 0x0000021c30309000

Marking Bits: (CMBitMap*) 0x0000021c1bb773a0
 Bits: [0x0000021c34310000, 0x0000021c371d8000)

Polling page: 0x0000021c1b2c0000

Metaspace:

Usage:
  Non-class:     17.35 MB used.
      Class:      2.19 MB used.
       Both:     19.54 MB used.

Virtual space:
  Non-class space:       64.00 MB reserved,      17.50 MB ( 27%) committed,  1 nodes.
      Class space:        1.00 GB reserved,       2.31 MB ( <1%) committed,  1 nodes.
             Both:        1.06 GB reserved,      19.81 MB (  2%) committed. 

Chunk freelists:
   Non-Class:  13.90 MB
       Class:  13.59 MB
        Both:  27.49 MB

MaxMetaspaceSize: unlimited
CompressedClassSpaceSize: 1.00 GB
Initial GC threshold: 21.00 MB
Current GC threshold: 21.00 MB
CDS: on
 - commit_granule_bytes: 65536.
 - commit_granule_words: 8192.
 - virtual_space_node_default_size: 8388608.
 - enlarge_chunks_in_place: 1.
 - use_allocation_guard: 0.


Internal statistics:

num_allocs_failed_limit: 0.
num_arena_births: 200.
num_arena_deaths: 0.
num_vsnodes_births: 2.
num_vsnodes_deaths: 0.
num_space_committed: 317.
num_space_uncommitted: 0.
num_chunks_returned_to_freelist: 0.
num_chunks_taken_from_freelist: 895.
num_chunk_merges: 0.
num_chunk_splits: 618.
num_chunks_enlarged: 507.
num_inconsistent_stats: 0.

CodeHeap 'non-profiled nmethods': size=120000Kb used=3068Kb max_used=3068Kb free=116931Kb
 bounds [0x0000021c2bcd0000, 0x0000021c2bfd0000, 0x0000021c33200000]
CodeHeap 'profiled nmethods': size=120000Kb used=11501Kb max_used=11501Kb free=108498Kb
 bounds [0x0000021c24200000, 0x0000021c24d40000, 0x0000021c2b730000]
CodeHeap 'non-nmethods': size=5760Kb used=1418Kb max_used=1464Kb free=4341Kb
 bounds [0x0000021c2b730000, 0x0000021c2b9a0000, 0x0000021c2bcd0000]
CodeCache: size=245760Kb, used=15987Kb, max_used=16033Kb, free=229770Kb
 total_blobs=5931, nmethods=5422, adapters=413, full_count=0
Compilation: enabled, stopped_count=0, restarted_count=0

Compilation events (20 events):
Event: 6.867 Thread 0x0000021c7f00d240 nmethod 5406 0x0000021c2bfc1190 code [0x0000021c2bfc1580, 0x0000021c2bfc4938]
Event: 6.868 Thread 0x0000021c7f00d240 5416       4       java.lang.Character::isWhitespace (5 bytes)
Event: 6.869 Thread 0x0000021c7f00e860 5421       3       jdk.internal.org.objectweb.asm.FieldVisitor::<init> (78 bytes)
Event: 6.869 Thread 0x0000021c7f00d240 nmethod 5416 0x0000021c2bfc6710 code [0x0000021c2bfc68a0, 0x0000021c2bfc69c0]
Event: 6.869 Thread 0x0000021c7f00d240 5408       4       java.lang.String::endsWith (15 bytes)
Event: 6.869 Thread 0x0000021c7f00e860 nmethod 5421 0x0000021c24d39290 code [0x0000021c24d394c0, 0x0000021c24d39c60]
Event: 6.869 Thread 0x0000021c7f00e860 5422       3       jdk.internal.org.objectweb.asm.FieldWriter::computeFieldInfoSize (86 bytes)
Event: 6.870 Thread 0x0000021c7f00e860 nmethod 5422 0x0000021c24d39f10 code [0x0000021c24d3a100, 0x0000021c24d3a3f8]
Event: 6.874 Thread 0x0000021c7f00e860 5423       3       jdk.internal.org.objectweb.asm.FieldWriter::putFieldInfo (269 bytes)
Event: 6.875 Thread 0x0000021c7f00e860 nmethod 5423 0x0000021c24d3a590 code [0x0000021c24d3a840, 0x0000021c24d3b1b8]
Event: 6.880 Thread 0x0000021c7f00d240 nmethod 5408 0x0000021c2bfc6b10 code [0x0000021c2bfc6cc0, 0x0000021c2bfc6fe0]
Event: 6.880 Thread 0x0000021c7f00d240 5415       4       java.lang.Character::getType (9 bytes)
Event: 6.882 Thread 0x0000021c7f00d240 nmethod 5415 0x0000021c2bfc7210 code [0x0000021c2bfc73c0, 0x0000021c2bfc7508]
Event: 6.882 Thread 0x0000021c7f00d240 5414       4       java.lang.CharacterDataLatin1::getType (11 bytes)
Event: 6.882 Thread 0x0000021c7f00d240 nmethod 5414 0x0000021c2bfc7690 code [0x0000021c2bfc7820, 0x0000021c2bfc78e0]
Event: 6.882 Thread 0x0000021c7f00d240 5424       4       java.lang.invoke.DirectMethodHandle::internalMemberName (8 bytes)
Event: 6.884 Thread 0x0000021c7f00d240 nmethod 5424 0x0000021c2bfc7990 code [0x0000021c2bfc7b20, 0x0000021c2bfc7bc8]
Event: 6.884 Thread 0x0000021c7f00d240 5417       4       java.lang.Character::isLetterOrDigit (5 bytes)
Event: 6.884 Thread 0x0000021c7f00d240 nmethod 5417 0x0000021c2bfc7c90 code [0x0000021c2bfc7e40, 0x0000021c2bfc7f98]
Event: 6.900 Thread 0x0000021c7fbd6490 nmethod 5407% 0x0000021c2bfc8110 code [0x0000021c2bfc85e0, 0x0000021c2bfccb38]

GC Heap History (6 events):
Event: 0.628 GC heap before
{Heap before GC invocations=0 (full 0):
 garbage-first heap   total 192512K, used 22528K [0x0000000744e00000, 0x0000000800000000)
  region size 2048K, 11 young (22528K), 0 survivors (0K)
 Metaspace       used 5621K, committed 5824K, reserved 1114112K
  class space    used 668K, committed 768K, reserved 1048576K
}
Event: 0.631 GC heap after
{Heap after GC invocations=1 (full 0):
 garbage-first heap   total 192512K, used 3984K [0x0000000744e00000, 0x0000000800000000)
  region size 2048K, 2 young (4096K), 2 survivors (4096K)
 Metaspace       used 5621K, committed 5824K, reserved 1114112K
  class space    used 668K, committed 768K, reserved 1048576K
}
Event: 1.149 GC heap before
{Heap before GC invocations=1 (full 0):
 garbage-first heap   total 192512K, used 36752K [0x0000000744e00000, 0x0000000800000000)
  region size 2048K, 18 young (36864K), 2 survivors (4096K)
 Metaspace       used 9693K, committed 9920K, reserved 1114112K
  class space    used 1170K, committed 1280K, reserved 1048576K
}
Event: 1.155 GC heap after
{Heap after GC invocations=2 (full 0):
 garbage-first heap   total 192512K, used 5373K [0x0000000744e00000, 0x0000000800000000)
  region size 2048K, 1 young (2048K), 1 survivors (2048K)
 Metaspace       used 9693K, committed 9920K, reserved 1114112K
  class space    used 1170K, committed 1280K, reserved 1048576K
}
Event: 4.436 GC heap before
{Heap before GC invocations=2 (full 0):
 garbage-first heap   total 192512K, used 115965K [0x0000000744e00000, 0x0000000800000000)
  region size 2048K, 56 young (114688K), 1 survivors (2048K)
 Metaspace       used 16944K, committed 17216K, reserved 1114112K
  class space    used 1945K, committed 2048K, reserved 1048576K
}
Event: 4.448 GC heap after
{Heap after GC invocations=3 (full 0):
 garbage-first heap   total 192512K, used 13936K [0x0000000744e00000, 0x0000000800000000)
  region size 2048K, 6 young (12288K), 6 survivors (12288K)
 Metaspace       used 16944K, committed 17216K, reserved 1114112K
  class space    used 1945K, committed 2048K, reserved 1048576K
}

Dll operation events (8 events):
Event: 0.014 Loaded shared library C:\Users\santi\.jdks\ms-21.0.8\bin\java.dll
Event: 0.137 Loaded shared library C:\Users\santi\.jdks\ms-21.0.8\bin\jsvml.dll
Event: 0.153 Loaded shared library C:\Users\santi\.jdks\ms-21.0.8\bin\net.dll
Event: 0.154 Loaded shared library C:\Users\santi\.jdks\ms-21.0.8\bin\nio.dll
Event: 0.156 Loaded shared library C:\Users\santi\.jdks\ms-21.0.8\bin\zip.dll
Event: 0.258 Loaded shared library C:\Users\santi\AppData\Local\Programs\IntelliJ IDEA Ultimate 2025.2.3\plugins\maven\lib\maven3\lib\jansi-native\Windows\x86_64\jansi.dll
Event: 0.262 Loaded shared library C:\Users\santi\.jdks\ms-21.0.8\bin\jimage.dll
Event: 0.270 Loaded shared library C:\Users\santi\.jdks\ms-21.0.8\bin\verify.dll

Deoptimization events (20 events):
Event: 5.827 Thread 0x0000021c1bb24e10 Uncommon trap: trap_request=0xffffffbe fr.pc=0x0000021c2bdcf090 relative=0x0000000000001270
Event: 5.827 Thread 0x0000021c1bb24e10 Uncommon trap: reason=profile_predicate action=maybe_recompile pc=0x0000021c2bdcf090 method=java.util.TimSort.binarySort([Ljava/lang/Object;IIILjava/util/Comparator;)V @ 34 c2
Event: 5.827 Thread 0x0000021c1bb24e10 DEOPT PACKING pc=0x0000021c2bdcf090 sp=0x0000006c771fdfe0
Event: 5.827 Thread 0x0000021c1bb24e10 DEOPT UNPACKING pc=0x0000021c2b7846a2 sp=0x0000006c771fdfb0 mode 2
Event: 6.881 Thread 0x0000021c1bb24e10 Uncommon trap: trap_request=0xffffff66 fr.pc=0x0000021c2bef9f04 relative=0x0000000000000064
Event: 6.881 Thread 0x0000021c1bb24e10 Uncommon trap: reason=speculate_class_check action=maybe_recompile pc=0x0000021c2bef9f04 method=java.lang.invoke.Invokers$Holder.linkToTargetMethod(Ljava/lang/Object;Ljava/lang/Object;)Ljava/lang/Object; @ 1 c2
Event: 6.881 Thread 0x0000021c1bb24e10 DEOPT PACKING pc=0x0000021c2bef9f04 sp=0x0000006c771fde20
Event: 6.881 Thread 0x0000021c1bb24e10 DEOPT UNPACKING pc=0x0000021c2b7846a2 sp=0x0000006c771fddc0 mode 2
Event: 6.881 Thread 0x0000021c1bb24e10 Uncommon trap: trap_request=0xffffff66 fr.pc=0x0000021c2bef9f04 relative=0x0000000000000064
Event: 6.881 Thread 0x0000021c1bb24e10 Uncommon trap: reason=speculate_class_check action=maybe_recompile pc=0x0000021c2bef9f04 method=java.lang.invoke.Invokers$Holder.linkToTargetMethod(Ljava/lang/Object;Ljava/lang/Object;)Ljava/lang/Object; @ 1 c2
Event: 6.881 Thread 0x0000021c1bb24e10 DEOPT PACKING pc=0x0000021c2bef9f04 sp=0x0000006c771fdc30
Event: 6.881 Thread 0x0000021c1bb24e10 DEOPT UNPACKING pc=0x0000021c2b7846a2 sp=0x0000006c771fdbd0 mode 2
Event: 6.881 Thread 0x0000021c1bb24e10 Uncommon trap: trap_request=0xffffff66 fr.pc=0x0000021c2bef9f04 relative=0x0000000000000064
Event: 6.881 Thread 0x0000021c1bb24e10 Uncommon trap: reason=speculate_class_check action=maybe_recompile pc=0x0000021c2bef9f04 method=java.lang.invoke.Invokers$Holder.linkToTargetMethod(Ljava/lang/Object;Ljava/lang/Object;)Ljava/lang/Object; @ 1 c2
Event: 6.881 Thread 0x0000021c1bb24e10 DEOPT PACKING pc=0x0000021c2bef9f04 sp=0x0000006c771fdd80
Event: 6.881 Thread 0x0000021c1bb24e10 DEOPT UNPACKING pc=0x0000021c2b7846a2 sp=0x0000006c771fdd20 mode 2
Event: 6.881 Thread 0x0000021c1bb24e10 Uncommon trap: trap_request=0xffffff66 fr.pc=0x0000021c2bef9f04 relative=0x0000000000000064
Event: 6.881 Thread 0x0000021c1bb24e10 Uncommon trap: reason=speculate_class_check action=maybe_recompile pc=0x0000021c2bef9f04 method=java.lang.invoke.Invokers$Holder.linkToTargetMethod(Ljava/lang/Object;Ljava/lang/Object;)Ljava/lang/Object; @ 1 c2
Event: 6.881 Thread 0x0000021c1bb24e10 DEOPT PACKING pc=0x0000021c2bef9f04 sp=0x0000006c771fdd80
Event: 6.881 Thread 0x0000021c1bb24e10 DEOPT UNPACKING pc=0x0000021c2b7846a2 sp=0x0000006c771fdd20 mode 2

Classes loaded (20 events):
Event: 6.879 Loading class jdk/internal/logger/LazyLoggers$LazyLoggerFactories
Event: 6.879 Loading class jdk/internal/logger/LazyLoggers$LazyLoggerFactories done
Event: 6.880 Loading class jdk/internal/logger/LoggerFinderLoader
Event: 6.880 Loading class jdk/internal/logger/LoggerFinderLoader done
Event: 6.880 Loading class jdk/internal/logger/LoggerFinderLoader$TemporaryLoggerFinder
Event: 6.881 Loading class jdk/internal/logger/LoggerFinderLoader$TemporaryLoggerFinder done
Event: 6.881 Loading class sun/util/logging/internal/LoggingProviderImpl$JULWrapper
Event: 6.881 Loading class sun/util/logging/PlatformLogger$ConfigurableBridge$LoggerConfiguration
Event: 6.881 Loading class sun/util/logging/PlatformLogger$ConfigurableBridge$LoggerConfiguration done
Event: 6.881 Loading class sun/util/logging/internal/LoggingProviderImpl$JULWrapper done
Event: 6.881 Loading class java/lang/System$Logger$Level
Event: 6.882 Loading class java/lang/System$Logger$Level done
Event: 6.883 Loading class sun/misc/Signal
Event: 6.883 Loading class sun/misc/Signal done
Event: 6.884 Loading class sun/misc/SignalHandler
Event: 6.884 Loading class sun/misc/SignalHandler done
Event: 6.884 Loading class sun/misc/Signal$InternalMiscHandler
Event: 6.884 Loading class sun/misc/Signal$InternalMiscHandler done
Event: 6.884 Loading class sun/misc/Signal$SunMiscHandler
Event: 6.884 Loading class sun/misc/Signal$SunMiscHandler done

Classes unloaded (0 events):
No events

Classes redefined (0 events):
No events

Internal exceptions (20 events):
Event: 1.788 Thread 0x0000021c1bb24e10 Exception <a 'java/lang/NoSuchMethodError'{0x000000074f1b6c30}: 'void java.lang.invoke.DirectMethodHandle$Holder.invokeSpecial(java.lang.Object, java.lang.Object, java.lang.Object, java.lang.Object, java.lang.Object)'> (0x000000074f1b6c30) 
thrown [s\src\hotspot\share\interpreter\linkResolver.cpp, line 773]
Event: 1.798 Thread 0x0000021c1bb24e10 Exception <a 'java/lang/NoSuchMethodError'{0x000000074f1d5570}: 'java.lang.Object java.lang.invoke.DirectMethodHandle$Holder.invokeVirtual(java.lang.Object, java.lang.Object, java.lang.Object)'> (0x000000074f1d5570) 
thrown [s\src\hotspot\share\interpreter\linkResolver.cpp, line 773]
Event: 1.801 Thread 0x0000021c1bb24e10 Exception <a 'java/lang/NoSuchMethodError'{0x000000074f1e2910}: 'void java.lang.invoke.DirectMethodHandle$Holder.invokeSpecial(java.lang.Object, java.lang.Object, java.lang.Object, java.lang.Object, java.lang.Object, java.lang.Object)'> (0x000000074f1e2910) 
thrown [s\src\hotspot\share\interpreter\linkResolver.cpp, line 773]
Event: 1.868 Thread 0x0000021c1bb24e10 Exception <a 'java/lang/NoSuchMethodError'{0x000000074efcc380}: 'void java.lang.invoke.DirectMethodHandle$Holder.invokeVirtual(java.lang.Object, java.lang.Object, int)'> (0x000000074efcc380) 
thrown [s\src\hotspot\share\interpreter\linkResolver.cpp, line 773]
Event: 1.869 Thread 0x0000021c1bb24e10 Exception <a 'java/lang/NoSuchMethodError'{0x000000074efd0190}: 'void java.lang.invoke.DirectMethodHandle$Holder.invokeSpecial(java.lang.Object, java.lang.Object, java.lang.Object, int)'> (0x000000074efd0190) 
thrown [s\src\hotspot\share\interpreter\linkResolver.cpp, line 773]
Event: 1.869 Thread 0x0000021c1bb24e10 Exception <a 'java/lang/NoSuchMethodError'{0x000000074efd3870}: 'void java.lang.invoke.DelegatingMethodHandle$Holder.reinvoke_L(java.lang.Object, java.lang.Object, int)'> (0x000000074efd3870) 
thrown [s\src\hotspot\share\interpreter\linkResolver.cpp, line 773]
Event: 3.258 Thread 0x0000021c1bb24e10 Implicit null exception at 0x0000021c2be1d14d to 0x0000021c2be1e508
Event: 3.258 Thread 0x0000021c1bb24e10 Implicit null exception at 0x0000021c2bd93f9d to 0x0000021c2bd941c0
Event: 3.258 Thread 0x0000021c1bb24e10 Implicit null exception at 0x0000021c2bdf1b0d to 0x0000021c2bdf239c
Event: 3.265 Thread 0x0000021c1bb24e10 Exception <a 'java/lang/NoSuchMethodError'{0x000000074d917150}: 'int java.lang.invoke.DirectMethodHandle$Holder.invokeSpecialIFC(java.lang.Object, java.lang.Object, java.lang.Object, java.lang.Object)'> (0x000000074d917150) 
thrown [s\src\hotspot\share\interpreter\linkResolver.cpp, line 773]
Event: 3.922 Thread 0x0000021c1bb24e10 Implicit null exception at 0x0000021c2bd6f03d to 0x0000021c2bd6f0c1
Event: 4.039 Thread 0x0000021c1bb24e10 Exception <a 'java/lang/NoSuchMethodError'{0x000000074b1ef480}: 'java.lang.Object java.lang.invoke.DirectMethodHandle$Holder.newInvokeSpecial(java.lang.Object, java.lang.Object, java.lang.Object, java.lang.Object, java.lang.Object, java.lang.Object, java.lang.Object)'> (0x000000074b1ef480) 
thrown [s\src\hotspot\share\interpreter\linkResolver.cpp, line 773]
Event: 4.519 Thread 0x0000021c1bb24e10 Implicit null exception at 0x0000021c2bec920b to 0x0000021c2bec99f4
Event: 4.537 Thread 0x0000021c1bb24e10 Exception <a 'java/lang/NoSuchMethodError'{0x00000007504659a8}: 'int java.lang.invoke.DirectMethodHandle$Holder.invokeVirtual(java.lang.Object, java.lang.Object)'> (0x00000007504659a8) 
thrown [s\src\hotspot\share\interpreter\linkResolver.cpp, line 773]
Event: 4.567 Thread 0x0000021c1bb24e10 Exception <a 'java/lang/NoSuchMethodError'{0x0000000750286160}: 'void java.lang.invoke.Invokers$Holder.invokeExact_MT(java.lang.Object, java.lang.Object, int, java.lang.Object)'> (0x0000000750286160) 
thrown [s\src\hotspot\share\interpreter\linkResolver.cpp, line 773]
Event: 5.606 Thread 0x0000021c1bb24e10 Exception <a 'java/lang/NoClassDefFoundError'{0x000000074d0efe38}: org/sonatype/aether/graph/Dependency> (0x000000074d0efe38) 
thrown [s\src\hotspot\share\classfile\systemDictionary.cpp, line 301]
Event: 6.865 Thread 0x0000021c1bb24e10 Exception <a 'java/lang/NoSuchMethodError'{0x000000074c6243d8}: 'void java.lang.invoke.DirectMethodHandle$Holder.invokeStatic(java.lang.Object, long)'> (0x000000074c6243d8) 
thrown [s\src\hotspot\share\interpreter\linkResolver.cpp, line 773]
Event: 6.866 Thread 0x0000021c1bb24e10 Exception <a 'java/lang/NoSuchMethodError'{0x000000074c6291a0}: 'java.lang.Object java.lang.invoke.DirectMethodHandle$Holder.newInvokeSpecial(java.lang.Object, long)'> (0x000000074c6291a0) 
thrown [s\src\hotspot\share\interpreter\linkResolver.cpp, line 773]
Event: 6.869 Thread 0x0000021c1bb24e10 Exception <a 'java/lang/NoSuchMethodError'{0x000000074c62fdb0}: 'java.lang.Object java.lang.invoke.DirectMethodHandle$Holder.invokeStatic(java.lang.Object, long, java.lang.Object)'> (0x000000074c62fdb0) 
thrown [s\src\hotspot\share\interpreter\linkResolver.cpp, line 773]
Event: 6.875 Thread 0x0000021c1bb24e10 Exception <a 'java/lang/NoSuchMethodError'{0x000000074c633548}: 'java.lang.Object java.lang.invoke.DirectMethodHandle$Holder.invokeStaticInit(java.lang.Object, long, java.lang.Object)'> (0x000000074c633548) 
thrown [s\src\hotspot\share\interpreter\linkResolver.cpp, line 773]

ZGC Phase Switch (0 events):
No events

VM Operations (20 events):
Event: 3.352 Executing VM operation: ICBufferFull
Event: 3.352 Executing VM operation: ICBufferFull done
Event: 3.845 Executing VM operation: ICBufferFull
Event: 3.845 Executing VM operation: ICBufferFull done
Event: 4.217 Executing VM operation: ICBufferFull
Event: 4.217 Executing VM operation: ICBufferFull done
Event: 4.436 Executing VM operation: G1CollectForAllocation (G1 Evacuation Pause)
Event: 4.448 Executing VM operation: G1CollectForAllocation (G1 Evacuation Pause) done
Event: 4.610 Executing VM operation: HandshakeAllThreads (Deoptimize)
Event: 4.610 Executing VM operation: HandshakeAllThreads (Deoptimize) done
Event: 4.748 Executing VM operation: ICBufferFull
Event: 4.748 Executing VM operation: ICBufferFull done
Event: 4.826 Executing VM operation: HandshakeAllThreads (Deoptimize)
Event: 4.826 Executing VM operation: HandshakeAllThreads (Deoptimize) done
Event: 5.421 Executing VM operation: ICBufferFull
Event: 5.421 Executing VM operation: ICBufferFull done
Event: 6.426 Executing VM operation: Cleanup
Event: 6.426 Executing VM operation: Cleanup done
Event: 7.437 Executing VM operation: Cleanup
Event: 7.437 Executing VM operation: Cleanup done

Memory protections (0 events):
No events

Nmethod flushes (0 events):
No events

Events (16 events):
Event: 0.120 Thread 0x0000021c1bb24e10 Thread added: 0x0000021c1bb24e10
Event: 0.134 Thread 0x0000021c1bb24e10 Thread added: 0x0000021c395f5f20
Event: 0.134 Thread 0x0000021c1bb24e10 Thread added: 0x0000021c395f6a70
Event: 0.135 Thread 0x0000021c1bb24e10 Thread added: 0x0000021c395fb0b0
Event: 0.135 Thread 0x0000021c1bb24e10 Thread added: 0x0000021c395fbc30
Event: 0.135 Thread 0x0000021c1bb24e10 Thread added: 0x0000021c395fd320
Event: 0.135 Thread 0x0000021c1bb24e10 Thread added: 0x0000021c395fe880
Event: 0.135 Thread 0x0000021c1bb24e10 Thread added: 0x0000021c7f00d240
Event: 0.135 Thread 0x0000021c1bb24e10 Thread added: 0x0000021c7f00e860
Event: 0.148 Thread 0x0000021c1bb24e10 Thread added: 0x0000021c7f1b5ca0
Event: 0.150 Thread 0x0000021c1bb24e10 Thread added: 0x0000021c7f1c0c30
Event: 0.186 Thread 0x0000021c7f00e860 Thread added: 0x0000021c7f1e2d10
Event: 0.256 Thread 0x0000021c1bb24e10 Thread added: 0x0000021c7f469b60
Event: 0.269 Thread 0x0000021c7f469b60 Thread exited: 0x0000021c7f469b60
Event: 0.615 Thread 0x0000021c7f00e860 Thread added: 0x0000021c7fbd6490
Event: 1.688 Thread 0x0000021c1bb24e10 Thread added: 0x0000021c00604850


Dynamic libraries:
0x00007ff70dc60000 - 0x00007ff70dc6e000 	C:\Users\santi\.jdks\ms-21.0.8\bin\java.exe
0x00007ffc220c0000 - 0x00007ffc22329000 	C:\WINDOWS\SYSTEM32\ntdll.dll
0x00007ffc215d0000 - 0x00007ffc21699000 	C:\WINDOWS\System32\KERNEL32.DLL
0x00007ffc1f620000 - 0x00007ffc1fa13000 	C:\WINDOWS\System32\KERNELBASE.dll
0x00007ffc1f430000 - 0x00007ffc1f57b000 	C:\WINDOWS\System32\ucrtbase.dll
0x00007ffc1e8f0000 - 0x00007ffc1e908000 	C:\Users\santi\.jdks\ms-21.0.8\bin\jli.dll
0x00007ffc191d0000 - 0x00007ffc191ee000 	C:\Users\santi\.jdks\ms-21.0.8\bin\VCRUNTIME140.dll
0x00007ffc21260000 - 0x00007ffc21424000 	C:\WINDOWS\System32\USER32.dll
0x00007ffc1fc30000 - 0x00007ffc1fc57000 	C:\WINDOWS\System32\win32u.dll
0x00007ffc204d0000 - 0x00007ffc204fb000 	C:\WINDOWS\System32\GDI32.dll
0x00007ffc1f250000 - 0x00007ffc1f37d000 	C:\WINDOWS\System32\gdi32full.dll
0x00007ffc1e400000 - 0x00007ffc1e693000 	C:\WINDOWS\WinSxS\amd64_microsoft.windows.common-controls_6595b64144ccf1df_6.0.26100.5074_none_3e0d6f78e32fd63f\COMCTL32.dll
0x00007ffc1f380000 - 0x00007ffc1f423000 	C:\WINDOWS\System32\msvcp_win.dll
0x00007ffc20320000 - 0x00007ffc203c9000 	C:\WINDOWS\System32\msvcrt.dll
0x00007ffc20050000 - 0x00007ffc2007f000 	C:\WINDOWS\System32\IMM32.DLL
0x000000005bf70000 - 0x000000005bf7c000 	C:\Program Files (x86)\360\Total Security\safemon\SafeWrapper.dll
0x00007ffc217a0000 - 0x00007ffc21854000 	C:\WINDOWS\System32\ADVAPI32.dll
0x00007ffc20090000 - 0x00007ffc20136000 	C:\WINDOWS\System32\sechost.dll
0x00007ffc21860000 - 0x00007ffc21978000 	C:\WINDOWS\System32\RPCRT4.dll
0x00007ffbe2420000 - 0x00007ffbe24cc000 	C:\Program Files (x86)\360\Total Security\safemon\libzdtp64.dll
0x00007ffc20500000 - 0x00007ffc20c4d000 	C:\WINDOWS\System32\SHELL32.dll
0x00007ffc1fd20000 - 0x00007ffc1fe8c000 	C:\WINDOWS\System32\wintypes.dll
0x00007ffc20d90000 - 0x00007ffc2110b000 	C:\WINDOWS\System32\combase.dll
0x00007ffc1ffc0000 - 0x00007ffc20022000 	C:\WINDOWS\System32\SHLWAPI.dll
0x00007ffc1ed50000 - 0x00007ffc1ed5b000 	C:\WINDOWS\SYSTEM32\VERSION.dll
0x00007ffc1e960000 - 0x00007ffc1e96c000 	C:\Users\santi\.jdks\ms-21.0.8\bin\vcruntime140_1.dll
0x00007ffc07dc0000 - 0x00007ffc07e49000 	C:\Users\santi\.jdks\ms-21.0.8\bin\msvcp140.dll
0x00007ffb9b5c0000 - 0x00007ffb9c36c000 	C:\Users\santi\.jdks\ms-21.0.8\bin\server\jvm.dll
0x00007ffc211e0000 - 0x00007ffc21254000 	C:\WINDOWS\System32\WS2_32.dll
0x00007ffc1f0b0000 - 0x00007ffc1f10e000 	C:\WINDOWS\SYSTEM32\POWRPROF.dll
0x00007ffc13720000 - 0x00007ffc13755000 	C:\WINDOWS\SYSTEM32\WINMM.dll
0x00007ffc1f090000 - 0x00007ffc1f0a4000 	C:\WINDOWS\SYSTEM32\UMPDC.dll
0x00007ffc1d690000 - 0x00007ffc1d6ab000 	C:\WINDOWS\SYSTEM32\kernel.appcore.dll
0x00007ffc1e8e0000 - 0x00007ffc1e8ea000 	C:\Users\santi\.jdks\ms-21.0.8\bin\jimage.dll
0x00007ffc1e9d0000 - 0x00007ffc1ec12000 	C:\WINDOWS\SYSTEM32\DBGHELP.DLL
0x00007ffc20cb0000 - 0x00007ffc20d87000 	C:\WINDOWS\System32\OLEAUT32.dll
0x00007ffc1e8a0000 - 0x00007ffc1e8dd000 	C:\WINDOWS\SYSTEM32\dbgcore.DLL
0x00007ffc1f580000 - 0x00007ffc1f619000 	C:\WINDOWS\System32\bcryptPrimitives.dll
0x00007ffc191a0000 - 0x00007ffc191c1000 	C:\Users\santi\.jdks\ms-21.0.8\bin\java.dll
0x00007ffc1c530000 - 0x00007ffc1cd89000 	C:\WINDOWS\SYSTEM32\windows.storage.dll
0x00007ffc1fe90000 - 0x00007ffc1ff80000 	C:\WINDOWS\System32\SHCORE.dll
0x00007ffc1f170000 - 0x00007ffc1f199000 	C:\WINDOWS\SYSTEM32\profapi.dll
0x00007ffbf1750000 - 0x00007ffbf1826000 	C:\Users\santi\.jdks\ms-21.0.8\bin\jsvml.dll
0x00007ffc19180000 - 0x00007ffc19191000 	C:\Users\santi\.jdks\ms-21.0.8\bin\net.dll
0x00007ffc0e0e0000 - 0x00007ffc0e1ff000 	C:\WINDOWS\SYSTEM32\WINHTTP.dll
0x00007ffc1dbd0000 - 0x00007ffc1dc3b000 	C:\WINDOWS\system32\mswsock.dll
0x00007ffc13300000 - 0x00007ffc13316000 	C:\Users\santi\.jdks\ms-21.0.8\bin\nio.dll
0x00007ffc0bc40000 - 0x00007ffc0bc58000 	C:\Users\santi\.jdks\ms-21.0.8\bin\zip.dll
0x00007ffbf77a0000 - 0x00007ffbf77c4000 	C:\Users\santi\AppData\Local\Programs\IntelliJ IDEA Ultimate 2025.2.3\plugins\maven\lib\maven3\lib\jansi-native\Windows\x86_64\jansi.dll
0x00007ffc19170000 - 0x00007ffc19180000 	C:\Users\santi\.jdks\ms-21.0.8\bin\verify.dll

JVMTI agents: none

dbghelp: loaded successfully - version: 4.0.5 - missing functions: none
symbol engine: initialized successfully - sym options: 0x614 - pdb path: .;C:\Users\santi\.jdks\ms-21.0.8\bin;C:\WINDOWS\SYSTEM32;C:\WINDOWS\WinSxS\amd64_microsoft.windows.common-controls_6595b64144ccf1df_6.0.26100.5074_none_3e0d6f78e32fd63f;C:\Program Files (x86)\360\Total Security\safemon;C:\Users\santi\.jdks\ms-21.0.8\bin\server;C:\Users\santi\AppData\Local\Programs\IntelliJ IDEA Ultimate 2025.2.3\plugins\maven\lib\maven3\lib\jansi-native\Windows\x86_64

VM Arguments:
jvm_args: -Dclassworlds.conf=C:\Users\santi\AppData\Local\Programs\IntelliJ IDEA Ultimate 2025.2.3\plugins\maven\lib\maven3\bin\m2.conf -Dmaven.home=C:\Users\santi\AppData\Local\Programs\IntelliJ IDEA Ultimate 2025.2.3\plugins\maven\lib\maven3 -Dlibrary.jansi.path=C:\Users\santi\AppData\Local\Programs\IntelliJ IDEA Ultimate 2025.2.3\plugins\maven\lib\maven3\lib\jansi-native -Dmaven.multiModuleProjectDirectory=C:\Users\santi\75318-backend-1 
java_command: org.codehaus.plexus.classworlds.launcher.Launcher -Didea.version=2025.2.3 -Dmaven.ext.class.path=C:\Users\santi\AppData\Local\Programs\IntelliJ IDEA Ultimate 2025.2.3\plugins\maven\lib\maven-event-listener.jar -Djansi.passthrough=true -Dstyle.color=always -Dmaven.repo.local=C:\Users\santi\.m2\repository org.springframework.boot:spring-boot-maven-plugin:2.7.18:run -f pom.xml
java_class_path (initial): C:\Users\santi\AppData\Local\Programs\IntelliJ IDEA Ultimate 2025.2.3\plugins\maven\lib\maven3\boot\plexus-classworlds-2.8.0.jar
Launcher Type: SUN_STANDARD

[Global flags]
     intx CICompilerCount                          = 4                                         {product} {ergonomic}
     uint ConcGCThreads                            = 3                                         {product} {ergonomic}
     uint G1ConcRefinementThreads                  = 10                                        {product} {ergonomic}
   size_t G1HeapRegionSize                         = 2097152                                   {product} {ergonomic}
    uintx GCDrainStackTargetSize                   = 64                                        {product} {ergonomic}
   size_t InitialHeapSize                          = 197132288                                 {product} {ergonomic}
   size_t MarkStackSize                            = 4194304                                   {product} {ergonomic}
   size_t MaxHeapSize                              = 3139436544                                {product} {ergonomic}
   size_t MaxNewSize                               = 1883242496                                {product} {ergonomic}
   size_t MinHeapDeltaBytes                        = 2097152                                   {product} {ergonomic}
   size_t MinHeapSize                              = 8388608                                   {product} {ergonomic}
    uintx NonNMethodCodeHeapSize                   = 5839372                                {pd product} {ergonomic}
    uintx NonProfiledCodeHeapSize                  = 122909434                              {pd product} {ergonomic}
    uintx ProfiledCodeHeapSize                     = 122909434                              {pd product} {ergonomic}
    uintx ReservedCodeCacheSize                    = 251658240                              {pd product} {ergonomic}
     bool SegmentedCodeCache                       = true                                      {product} {ergonomic}
   size_t SoftMaxHeapSize                          = 3139436544                             {manageable} {ergonomic}
     bool UseCompressedOops                        = true                           {product lp64_product} {ergonomic}
     bool UseG1GC                                  = true                                      {product} {ergonomic}
     bool UseLargePagesIndividualAllocation        = false                                  {pd product} {ergonomic}

Logging:
Log output configuration:
 #0: stdout all=warning uptime,level,tags foldmultilines=false
 #1: stderr all=off uptime,level,tags foldmultilines=false

Environment Variables:
JAVA_HOME=C:\Users\santi\.jdks\ms-21.0.8
PATH=C:\Program Files (x86)\Common Files\Oracle\Java\java8path;C:\Program Files (x86)\Common Files\Oracle\Java\javapath;C:\WINDOWS\system32;C:\WINDOWS;C:\WINDOWS\System32\Wbem;C:\WINDOWS\System32\WindowsPowerShell\v1.0\;C:\WINDOWS\System32\OpenSSH\;C:\Program Files\dotnet\;C:\Program Files\Git\cmd;C:\Users\santi\AppData\Local\Microsoft\WindowsApps\python.exe;C:\Program Files\nodejs\;C:\Users\santi\AppData\Local\Programs\Python\Python313\Scripts\;C:\Users\santi\AppData\Local\Programs\Python\Python313\;C:\Users\santi\AppData\Local\Programs\Python\Launcher\;C:\Users\santi\AppData\Local\Microsoft\WindowsApps;C:\Users\santi\AppData\Local\Programs\Microsoft VS Code\bin;C:\ProgramData\santi\GitHubDesktop\bin;C:\Users\santi\AppData\Roaming\npm
USERNAME=santi
OS=Windows_NT
PROCESSOR_IDENTIFIER=Intel64 Family 6 Model 154 Stepping 4, GenuineIntel
TMP=C:\Users\santi\AppData\Local\Temp
TEMP=C:\Users\santi\AppData\Local\Temp




Periodic native trim disabled

---------------  S Y S T E M  ---------------

OS:
 Windows 11 , 64 bit Build 26100 (10.0.26100.5074)
OS uptime: 2 days 18:24 hours
Hyper-V role detected

CPU: total 12 (initial active 12) (6 cores per cpu, 2 threads per core) family 6 model 154 stepping 4 microcode 0x42c, cx8, cmov, fxsr, ht, mmx, 3dnowpref, sse, sse2, sse3, ssse3, sse4.1, sse4.2, popcnt, lzcnt, tsc, tscinvbit, avx, avx2, aes, erms, clmul, bmi1, bmi2, adx, sha, fma, vzeroupper, clflush, clflushopt, clwb, hv, serialize, rdtscp, rdpid, fsrm, f16c, cet_ibt, cet_ss
Processor Information for processor 0
  Max Mhz: 1300, Current Mhz: 1300, Mhz Limit: 1300
Processor Information for processor 1
  Max Mhz: 1300, Current Mhz: 1300, Mhz Limit: 1300
Processor Information for processor 2
  Max Mhz: 1300, Current Mhz: 1300, Mhz Limit: 1300
Processor Information for processor 3
  Max Mhz: 1300, Current Mhz: 1300, Mhz Limit: 1300
Processor Information for processor 4
  Max Mhz: 1300, Current Mhz: 900, Mhz Limit: 897
Processor Information for processor 5
  Max Mhz: 1300, Current Mhz: 900, Mhz Limit: 897
Processor Information for processor 6
  Max Mhz: 1300, Current Mhz: 900, Mhz Limit: 897
Processor Information for processor 7
  Max Mhz: 1300, Current Mhz: 900, Mhz Limit: 897
Processor Information for processor 8
  Max Mhz: 1300, Current Mhz: 900, Mhz Limit: 897
Processor Information for processor 9
  Max Mhz: 1300, Current Mhz: 900, Mhz Limit: 897
Processor Information for processor 10
  Max Mhz: 1300, Current Mhz: 900, Mhz Limit: 897
Processor Information for processor 11
  Max Mhz: 1300, Current Mhz: 900, Mhz Limit: 897

Memory: 4k page, system-wide physical 11973M (1114M free)
TotalPageFile size 16069M (AvailPageFile size 7M)
current process WorkingSet (physical memory assigned to process): 268M, peak: 277M
current process commit charge ("private bytes"): 343M, peak: 354M

vm_info: OpenJDK 64-Bit Server VM (21.0.8+9-LTS) for windows-amd64 JRE (21.0.8+9-LTS), built on 2025-07-10T20:22:44Z by "MicrosoftCorporation" with unknown MS VC++:1944

END.
