#
# There is insufficient memory for the Java Runtime Environment to continue.
# Native memory allocation (malloc) failed to allocate 1982128 bytes. Error detail: Chunk::new
# Possible reasons:
#   The system is out of physical RAM or swap space
#   This process is running with CompressedOops enabled, and the Java Heap may be blocking the growth of the native heap
# Possible solutions:
#   Reduce memory load on the system
#   Increase physical memory or swap space
#   Check if swap backing store is full
#   Decrease Java heap size (-Xmx/-Xms)
#   Decrease number of Java threads
#   Decrease Java thread stack sizes (-Xss)
#   Set larger code cache with -XX:ReservedCodeCacheSize=
#   JVM is running with Zero Based Compressed Oops mode in which the Java heap is
#     placed in the first 32GB address space. The Java Heap base address is the
#     maximum limit for the native heap growth. Please use -XX:HeapBaseMinAddress
#     to set the Java Heap base and to place the Java Heap above 32GB virtual address.
# This output file may be truncated or incomplete.
#
#  Out of Memory Error (arena.cpp:168), pid=33884, tid=35176
#
# JRE version: OpenJDK Runtime Environment Microsoft-11933218 (21.0.8+9) (build 21.0.8+9-LTS)
# Java VM: OpenJDK 64-Bit Server VM Microsoft-11933218 (21.0.8+9-LTS, mixed mode, sharing, tiered, compressed oops, compressed class ptrs, g1 gc, windows-amd64)
# No core dump will be written. Minidumps are not enabled by default on client versions of Windows
#

---------------  S U M M A R Y ------------

Command Line: -Dclassworlds.conf=C:\Users\santi\AppData\Local\Programs\IntelliJ IDEA Ultimate 2025.2.3\plugins\maven\lib\maven3\bin\m2.conf -Dmaven.home=C:\Users\santi\AppData\Local\Programs\IntelliJ IDEA Ultimate 2025.2.3\plugins\maven\lib\maven3 -Dlibrary.jansi.path=C:\Users\santi\AppData\Local\Programs\IntelliJ IDEA Ultimate 2025.2.3\plugins\maven\lib\maven3\lib\jansi-native -Dmaven.multiModuleProjectDirectory=C:\Users\santi\75318-backend-1 org.codehaus.plexus.classworlds.launcher.Launcher -Didea.version=2025.2.3 -Dmaven.ext.class.path=C:\Users\santi\AppData\Local\Programs\IntelliJ IDEA Ultimate 2025.2.3\plugins\maven\lib\maven-event-listener.jar -Djansi.passthrough=true -Dstyle.color=always -Dmaven.repo.local=C:\Users\santi\.m2\repository org.springframework.boot:spring-boot-maven-plugin:2.7.18:run -f pom.xml

Host: 12th Gen Intel(R) Core(TM) i5-1235U, 12 cores, 11G,  Windows 11 , 64 bit Build 26100 (10.0.26100.5074)
Time: Wed Nov 19 19:40:06 2025 Hora est. Pac璗ico, Sudam廨ica elapsed time: 10.450046 seconds (0d 0h 0m 10s)

---------------  T H R E A D  ---------------

Current thread (0x00000226f913b030):  JavaThread "C2 CompilerThread1" daemon [_thread_in_native, id=35176, stack(0x000000a1a1000000,0x000000a1a1100000) (1024K)]


Current CompileTask:
C2:10450 7814   !   4       lombok.core.AST::buildWithField0 (121 bytes)

Stack: [0x000000a1a1000000,0x000000a1a1100000]
Native frames: (J=compiled Java code, j=interpreted, Vv=VM code, C=native code)
V  [jvm.dll+0x6e1729]
V  [jvm.dll+0x8bf47b]
V  [jvm.dll+0x8c19aa]
V  [jvm.dll+0x8c2083]
V  [jvm.dll+0x289fd6]
V  [jvm.dll+0xc903d]
V  [jvm.dll+0xc958c]
V  [jvm.dll+0x3c771c]
V  [jvm.dll+0x1ea5ad]
V  [jvm.dll+0x251db3]
V  [jvm.dll+0x251283]
V  [jvm.dll+0x1d18bf]
V  [jvm.dll+0x260f4a]
V  [jvm.dll+0x25f2b5]
V  [jvm.dll+0x40151d]
V  [jvm.dll+0x86975d]
V  [jvm.dll+0x6dff2d]
C  [ucrtbase.dll+0x37b0]
C  [KERNEL32.DLL+0x2e8d7]
C  [ntdll.dll+0x8d9c]


---------------  P R O C E S S  ---------------

Threads class SMR info:
_java_thread_list=0x00000226fed43220, length=14, elements={
0x00000226d87e1bb0, 0x00000226f9054ce0, 0x00000226f90563a0, 0x00000226f905e8d0,
0x00000226f905c170, 0x00000226f905ef60, 0x00000226f905dbb0, 0x00000226f9092aa0,
0x00000226f9094030, 0x00000226f905f5f0, 0x00000226f905d520, 0x00000226f905c800,
0x00000226f913b030, 0x00000226ffaf3ea0
}

Java Threads: ( => current thread )
  0x00000226d87e1bb0 JavaThread "main"                              [_thread_in_Java, id=21128, stack(0x000000a19f200000,0x000000a19f300000) (1024K)]
  0x00000226f9054ce0 JavaThread "Reference Handler"          daemon [_thread_blocked, id=12048, stack(0x000000a19fa00000,0x000000a19fb00000) (1024K)]
  0x00000226f90563a0 JavaThread "Finalizer"                  daemon [_thread_blocked, id=8844, stack(0x000000a19fb00000,0x000000a19fc00000) (1024K)]
  0x00000226f905e8d0 JavaThread "Signal Dispatcher"          daemon [_thread_blocked, id=25612, stack(0x000000a19fc00000,0x000000a19fd00000) (1024K)]
  0x00000226f905c170 JavaThread "Attach Listener"            daemon [_thread_blocked, id=16700, stack(0x000000a19fd00000,0x000000a19fe00000) (1024K)]
  0x00000226f905ef60 JavaThread "Service Thread"             daemon [_thread_blocked, id=31080, stack(0x000000a19fe00000,0x000000a19ff00000) (1024K)]
  0x00000226f905dbb0 JavaThread "Monitor Deflation Thread"   daemon [_thread_blocked, id=26896, stack(0x000000a19ff00000,0x000000a1a0000000) (1024K)]
  0x00000226f9092aa0 JavaThread "C2 CompilerThread0"         daemon [_thread_in_native, id=24840, stack(0x000000a1a0000000,0x000000a1a0100000) (1024K)]
  0x00000226f9094030 JavaThread "C1 CompilerThread0"         daemon [_thread_in_vm, id=3292, stack(0x000000a1a0100000,0x000000a1a0200000) (1024K)]
  0x00000226f905f5f0 JavaThread "Notification Thread"        daemon [_thread_blocked, id=28788, stack(0x000000a1a0200000,0x000000a1a0300000) (1024K)]
  0x00000226f905d520 JavaThread "Common-Cleaner"             daemon [_thread_blocked, id=23236, stack(0x000000a1a0300000,0x000000a1a0400000) (1024K)]
  0x00000226f905c800 JavaThread "Thread-1"                   daemon [_thread_blocked, id=21616, stack(0x000000a1a0f00000,0x000000a1a1000000) (1024K)]
=>0x00000226f913b030 JavaThread "C2 CompilerThread1"         daemon [_thread_in_native, id=35176, stack(0x000000a1a1000000,0x000000a1a1100000) (1024K)]
  0x00000226ffaf3ea0 JavaThread "C2 CompilerThread2"         daemon [_thread_in_native, id=2860, stack(0x000000a1a1100000,0x000000a1a1200000) (1024K)]
Total: 14

Other Threads:
  0x00000226f903dd80 VMThread "VM Thread"                           [id=35524, stack(0x000000a19f900000,0x000000a19fa00000) (1024K)]
  0x00000226f9026aa0 WatcherThread "VM Periodic Task Thread"        [id=27512, stack(0x000000a19f800000,0x000000a19f900000) (1024K)]
  0x00000226dad85550 WorkerThread "GC Thread#0"                     [id=25248, stack(0x000000a19f300000,0x000000a19f400000) (1024K)]
  0x00000226f903e860 WorkerThread "GC Thread#1"                     [id=19664, stack(0x000000a1a0600000,0x000000a1a0700000) (1024K)]
  0x00000226f903d640 WorkerThread "GC Thread#2"                     [id=27268, stack(0x000000a1a0700000,0x000000a1a0800000) (1024K)]
  0x00000226f903e120 WorkerThread "GC Thread#3"                     [id=28852, stack(0x000000a1a0800000,0x000000a1a0900000) (1024K)]
  0x00000226f903ec00 WorkerThread "GC Thread#4"                     [id=28500, stack(0x000000a1a0900000,0x000000a1a0a00000) (1024K)]
  0x00000226f903efa0 WorkerThread "GC Thread#5"                     [id=4796, stack(0x000000a1a0a00000,0x000000a1a0b00000) (1024K)]
  0x00000226f903d9e0 WorkerThread "GC Thread#6"                     [id=29468, stack(0x000000a1a0b00000,0x000000a1a0c00000) (1024K)]
  0x00000226fe374980 WorkerThread "GC Thread#7"                     [id=33116, stack(0x000000a1a0c00000,0x000000a1a0d00000) (1024K)]
  0x00000226fe3750c0 WorkerThread "GC Thread#8"                     [id=34460, stack(0x000000a1a0d00000,0x000000a1a0e00000) (1024K)]
  0x00000226fe373760 WorkerThread "GC Thread#9"                     [id=18036, stack(0x000000a1a0e00000,0x000000a1a0f00000) (1024K)]
  0x00000226dad92f60 ConcurrentGCThread "G1 Main Marker"            [id=34736, stack(0x000000a19f400000,0x000000a19f500000) (1024K)]
  0x00000226dad95940 WorkerThread "G1 Conc#0"                       [id=27656, stack(0x000000a19f500000,0x000000a19f600000) (1024K)]
  0x00000226fe375800 WorkerThread "G1 Conc#1"                       [id=6848, stack(0x000000a1a0400000,0x000000a1a0500000) (1024K)]
  0x00000226fe375ba0 WorkerThread "G1 Conc#2"                       [id=34108, stack(0x000000a1a0500000,0x000000a1a0600000) (1024K)]
  0x00000226f8ef4460 ConcurrentGCThread "G1 Refine#0"               [id=34772, stack(0x000000a19f600000,0x000000a19f700000) (1024K)]
  0x00000226f8ef6090 ConcurrentGCThread "G1 Service"                [id=18744, stack(0x000000a19f700000,0x000000a19f800000) (1024K)]
Total: 18

Threads with active compile tasks:
C2 CompilerThread0  10558 7802   !   4       lombok.javac.JavacAST::drill (146 bytes)
C1 CompilerThread0  10558 8453   !   2       com.sun.tools.javac.comp.Flow$AssignAnalyzer::visitVarDef (135 bytes)
C2 CompilerThread1  10558 7814   !   4       lombok.core.AST::buildWithField0 (121 bytes)
C2 CompilerThread2  10558 7808       4       lombok.core.AST::buildWithField (21 bytes)
Total: 4

VM state: not at safepoint (normal execution)

VM Mutex/Monitor currently owned by a thread: None

Heap address: 0x0000000744e00000, size: 2994 MB, Compressed Oops mode: Zero based, Oop shift amount: 3

CDS archive(s) mapped at: [0x0000022680000000-0x0000022680c80000-0x0000022680c80000), size 13107200, SharedBaseAddress: 0x0000022680000000, ArchiveRelocationMode: 1.
Compressed class space mapped at: 0x0000022681000000-0x00000226c1000000, reserved size: 1073741824
Narrow klass base: 0x0000022680000000, Narrow klass shift: 0, Narrow klass range: 0x100000000

GC Precious Log:
 CardTable entry size: 512
 Card Set container configuration: InlinePtr #cards 4 size 8 Array Of Cards #cards 16 size 48 Howl #buckets 8 coarsen threshold 3686 Howl Bitmap #cards 512 size 80 coarsen threshold 460 Card regions per heap region 1 cards per card region 4096
 CPUs: 12 total, 12 available
 Memory: 11973M
 Large Page Support: Disabled
 NUMA Support: Disabled
 Compressed Oops: Enabled (Zero based)
 Heap Region Size: 2M
 Heap Min Capacity: 8M
 Heap Initial Capacity: 188M
 Heap Max Capacity: 2994M
 Pre-touch: Disabled
 Parallel Workers: 10
 Concurrent Workers: 3
 Concurrent Refinement Workers: 10
 Periodic GC: Disabled

Heap:
 garbage-first heap   total 116736K, used 78673K [0x0000000744e00000, 0x0000000800000000)
  region size 2048K, 20 young (40960K), 2 survivors (4096K)
 Metaspace       used 31562K, committed 32128K, reserved 1114112K
  class space    used 3529K, committed 3776K, reserved 1048576K

Heap Regions: E=young(eden), S=young(survivor), O=old, HS=humongous(starts), HC=humongous(continues), CS=collection set, F=free, TAMS=top-at-mark-start, PB=parsable bottom
|   0|0x0000000744e00000, 0x0000000745000000, 0x0000000745000000|100%| O|  |TAMS 0x0000000744e00000| PB 0x0000000744e00000| Untracked 
|   1|0x0000000745000000, 0x0000000745200000, 0x0000000745200000|100%| O|  |TAMS 0x0000000745000000| PB 0x0000000745000000| Untracked 
|   2|0x0000000745200000, 0x0000000745400000, 0x0000000745400000|100%| O|  |TAMS 0x0000000745200000| PB 0x0000000745200000| Untracked 
|   3|0x0000000745400000, 0x0000000745600000, 0x0000000745600000|100%| O|  |TAMS 0x0000000745400000| PB 0x0000000745400000| Untracked 
|   4|0x0000000745600000, 0x0000000745800000, 0x0000000745800000|100%| O|  |TAMS 0x0000000745600000| PB 0x0000000745600000| Untracked 
|   5|0x0000000745800000, 0x0000000745a00000, 0x0000000745a00000|100%| O|  |TAMS 0x0000000745800000| PB 0x0000000745800000| Untracked 
|   6|0x0000000745a00000, 0x0000000745c00000, 0x0000000745c00000|100%| O|  |TAMS 0x0000000745a00000| PB 0x0000000745a00000| Untracked 
|   7|0x0000000745c00000, 0x0000000745e00000, 0x0000000745e00000|100%| O|  |TAMS 0x0000000745c00000| PB 0x0000000745c00000| Untracked 
|   8|0x0000000745e00000, 0x0000000746000000, 0x0000000746000000|100%| O|  |TAMS 0x0000000745e00000| PB 0x0000000745e00000| Untracked 
|   9|0x0000000746000000, 0x0000000746200000, 0x0000000746200000|100%| O|  |TAMS 0x0000000746000000| PB 0x0000000746000000| Untracked 
|  10|0x0000000746200000, 0x0000000746400000, 0x0000000746400000|100%| O|  |TAMS 0x0000000746200000| PB 0x0000000746200000| Untracked 
|  11|0x0000000746400000, 0x00000007465dff58, 0x0000000746600000| 93%| O|  |TAMS 0x0000000746400000| PB 0x0000000746400000| Untracked 
|  12|0x0000000746600000, 0x0000000746800000, 0x0000000746800000|100%| O|  |TAMS 0x0000000746600000| PB 0x0000000746600000| Untracked 
|  13|0x0000000746800000, 0x0000000746a00000, 0x0000000746a00000|100%| O|  |TAMS 0x0000000746800000| PB 0x0000000746800000| Untracked 
|  14|0x0000000746a00000, 0x0000000746a00000, 0x0000000746c00000|  0%| F|  |TAMS 0x0000000746a00000| PB 0x0000000746a00000| Untracked 
|  15|0x0000000746c00000, 0x0000000746c00000, 0x0000000746e00000|  0%| F|  |TAMS 0x0000000746c00000| PB 0x0000000746c00000| Untracked 
|  16|0x0000000746e00000, 0x0000000746e00000, 0x0000000747000000|  0%| F|  |TAMS 0x0000000746e00000| PB 0x0000000746e00000| Untracked 
|  17|0x0000000747000000, 0x0000000747000000, 0x0000000747200000|  0%| F|  |TAMS 0x0000000747000000| PB 0x0000000747000000| Untracked 
|  18|0x0000000747200000, 0x0000000747400000, 0x0000000747400000|100%| O|  |TAMS 0x0000000747200000| PB 0x0000000747200000| Untracked 
|  19|0x0000000747400000, 0x0000000747600000, 0x0000000747600000|100%| O|  |TAMS 0x0000000747400000| PB 0x0000000747400000| Untracked 
|  20|0x0000000747600000, 0x0000000747800000, 0x0000000747800000|100%| O|  |TAMS 0x0000000747600000| PB 0x0000000747600000| Untracked 
|  21|0x0000000747800000, 0x0000000747a00000, 0x0000000747a00000|100%| O|  |TAMS 0x0000000747800000| PB 0x0000000747800000| Untracked 
|  22|0x0000000747a00000, 0x0000000747af4590, 0x0000000747c00000| 47%| S|CS|TAMS 0x0000000747a00000| PB 0x0000000747a00000| Complete 
|  23|0x0000000747c00000, 0x0000000747c00000, 0x0000000747e00000|  0%| F|  |TAMS 0x0000000747c00000| PB 0x0000000747c00000| Untracked 
|  24|0x0000000747e00000, 0x0000000748000000, 0x0000000748000000|100%| S|CS|TAMS 0x0000000747e00000| PB 0x0000000747e00000| Complete 
|  25|0x0000000748000000, 0x0000000748000000, 0x0000000748200000|  0%| F|  |TAMS 0x0000000748000000| PB 0x0000000748000000| Untracked 
|  26|0x0000000748200000, 0x0000000748200000, 0x0000000748400000|  0%| F|  |TAMS 0x0000000748200000| PB 0x0000000748200000| Untracked 
|  27|0x0000000748400000, 0x0000000748400000, 0x0000000748600000|  0%| F|  |TAMS 0x0000000748400000| PB 0x0000000748400000| Untracked 
|  28|0x0000000748600000, 0x0000000748600000, 0x0000000748800000|  0%| F|  |TAMS 0x0000000748600000| PB 0x0000000748600000| Untracked 
|  29|0x0000000748800000, 0x0000000748800000, 0x0000000748a00000|  0%| F|  |TAMS 0x0000000748800000| PB 0x0000000748800000| Untracked 
|  30|0x0000000748a00000, 0x0000000748a00000, 0x0000000748c00000|  0%| F|  |TAMS 0x0000000748a00000| PB 0x0000000748a00000| Untracked 
|  31|0x0000000748c00000, 0x0000000748c00000, 0x0000000748e00000|  0%| F|  |TAMS 0x0000000748c00000| PB 0x0000000748c00000| Untracked 
|  32|0x0000000748e00000, 0x0000000748e00000, 0x0000000749000000|  0%| F|  |TAMS 0x0000000748e00000| PB 0x0000000748e00000| Untracked 
|  33|0x0000000749000000, 0x0000000749000000, 0x0000000749200000|  0%| F|  |TAMS 0x0000000749000000| PB 0x0000000749000000| Untracked 
|  34|0x0000000749200000, 0x0000000749200000, 0x0000000749400000|  0%| F|  |TAMS 0x0000000749200000| PB 0x0000000749200000| Untracked 
|  35|0x0000000749400000, 0x0000000749400000, 0x0000000749600000|  0%| F|  |TAMS 0x0000000749400000| PB 0x0000000749400000| Untracked 
|  36|0x0000000749600000, 0x0000000749600000, 0x0000000749800000|  0%| F|  |TAMS 0x0000000749600000| PB 0x0000000749600000| Untracked 
|  37|0x0000000749800000, 0x00000007498c0d98, 0x0000000749a00000| 37%| E|  |TAMS 0x0000000749800000| PB 0x0000000749800000| Complete 
|  38|0x0000000749a00000, 0x0000000749c00000, 0x0000000749c00000|100%| E|CS|TAMS 0x0000000749a00000| PB 0x0000000749a00000| Complete 
|  39|0x0000000749c00000, 0x0000000749e00000, 0x0000000749e00000|100%| E|CS|TAMS 0x0000000749c00000| PB 0x0000000749c00000| Complete 
|  40|0x0000000749e00000, 0x000000074a000000, 0x000000074a000000|100%| E|CS|TAMS 0x0000000749e00000| PB 0x0000000749e00000| Complete 
|  41|0x000000074a000000, 0x000000074a200000, 0x000000074a200000|100%| E|CS|TAMS 0x000000074a000000| PB 0x000000074a000000| Complete 
|  42|0x000000074a200000, 0x000000074a400000, 0x000000074a400000|100%| E|CS|TAMS 0x000000074a200000| PB 0x000000074a200000| Complete 
|  43|0x000000074a400000, 0x000000074a600000, 0x000000074a600000|100%| E|CS|TAMS 0x000000074a400000| PB 0x000000074a400000| Complete 
|  44|0x000000074a600000, 0x000000074a800000, 0x000000074a800000|100%| E|CS|TAMS 0x000000074a600000| PB 0x000000074a600000| Complete 
|  45|0x000000074a800000, 0x000000074aa00000, 0x000000074aa00000|100%| E|CS|TAMS 0x000000074a800000| PB 0x000000074a800000| Complete 
|  46|0x000000074aa00000, 0x000000074ac00000, 0x000000074ac00000|100%| E|CS|TAMS 0x000000074aa00000| PB 0x000000074aa00000| Complete 
|  47|0x000000074ac00000, 0x000000074ae00000, 0x000000074ae00000|100%| E|CS|TAMS 0x000000074ac00000| PB 0x000000074ac00000| Complete 
|  48|0x000000074ae00000, 0x000000074b000000, 0x000000074b000000|100%| E|CS|TAMS 0x000000074ae00000| PB 0x000000074ae00000| Complete 
|  49|0x000000074b000000, 0x000000074b200000, 0x000000074b200000|100%| E|CS|TAMS 0x000000074b000000| PB 0x000000074b000000| Complete 
|  50|0x000000074b200000, 0x000000074b400000, 0x000000074b400000|100%| E|CS|TAMS 0x000000074b200000| PB 0x000000074b200000| Complete 
|  51|0x000000074b400000, 0x000000074b600000, 0x000000074b600000|100%| E|CS|TAMS 0x000000074b400000| PB 0x000000074b400000| Complete 
|  76|0x000000074e600000, 0x000000074e800000, 0x000000074e800000|100%| E|CS|TAMS 0x000000074e600000| PB 0x000000074e600000| Complete 
|  77|0x000000074e800000, 0x000000074ea00000, 0x000000074ea00000|100%| E|CS|TAMS 0x000000074e800000| PB 0x000000074e800000| Complete 
|  93|0x0000000750800000, 0x0000000750a00000, 0x0000000750a00000|100%| E|CS|TAMS 0x0000000750800000| PB 0x0000000750800000| Complete 
|1495|0x00000007ffc00000, 0x00000007ffe00000, 0x00000007ffe00000|100%| O|  |TAMS 0x00000007ffc00000| PB 0x00000007ffc00000| Untracked 
|1496|0x00000007ffe00000, 0x0000000800000000, 0x0000000800000000|100%| O|  |TAMS 0x00000007ffe00000| PB 0x00000007ffe00000| Untracked 

Card table byte_map: [0x00000226f2f50000,0x00000226f3530000] _byte_map_base: 0x00000226ef529000

Marking Bits: (CMBitMap*) 0x00000226dad85b60
 Bits: [0x00000226f3530000, 0x00000226f63f8000)

Polling page: 0x00000226d8b10000

Metaspace:

Usage:
  Non-class:     27.38 MB used.
      Class:      3.45 MB used.
       Both:     30.82 MB used.

Virtual space:
  Non-class space:       64.00 MB reserved,      27.69 MB ( 43%) committed,  1 nodes.
      Class space:        1.00 GB reserved,       3.69 MB ( <1%) committed,  1 nodes.
             Both:        1.06 GB reserved,      31.38 MB (  3%) committed. 

Chunk freelists:
   Non-Class:  3.92 MB
       Class:  12.30 MB
        Both:  16.22 MB

MaxMetaspaceSize: unlimited
CompressedClassSpaceSize: 1.00 GB
Initial GC threshold: 21.00 MB
Current GC threshold: 35.25 MB
CDS: on
 - commit_granule_bytes: 65536.
 - commit_granule_words: 8192.
 - virtual_space_node_default_size: 8388608.
 - enlarge_chunks_in_place: 1.
 - use_allocation_guard: 0.


Internal statistics:

num_allocs_failed_limit: 3.
num_arena_births: 550.
num_arena_deaths: 0.
num_vsnodes_births: 2.
num_vsnodes_deaths: 0.
num_space_committed: 502.
num_space_uncommitted: 0.
num_chunks_returned_to_freelist: 3.
num_chunks_taken_from_freelist: 1754.
num_chunk_merges: 3.
num_chunk_splits: 1217.
num_chunks_enlarged: 892.
num_inconsistent_stats: 0.

CodeHeap 'non-profiled nmethods': size=120000Kb used=4237Kb max_used=4237Kb free=115762Kb
 bounds [0x00000226eaee0000, 0x00000226eb310000, 0x00000226f2410000]
CodeHeap 'profiled nmethods': size=120000Kb used=19190Kb max_used=19190Kb free=100809Kb
 bounds [0x00000226e3410000, 0x00000226e46d0000, 0x00000226ea940000]
CodeHeap 'non-nmethods': size=5760Kb used=1522Kb max_used=1539Kb free=4237Kb
 bounds [0x00000226ea940000, 0x00000226eabb0000, 0x00000226eaee0000]
CodeCache: size=245760Kb, used=24949Kb, max_used=24966Kb, free=220808Kb
 total_blobs=8896, nmethods=8349, adapters=449, full_count=0
Compilation: enabled, stopped_count=0, restarted_count=0

Compilation events (20 events):
Event: 10.297 Thread 0x00000226f9094030 nmethod 8361 0x00000226e4681090 code [0x00000226e4681260, 0x00000226e4681628]
Event: 10.297 Thread 0x00000226f9094030 8350       2       com.sun.tools.javac.code.Lint$AugmentVisitor::visitArray (36 bytes)
Event: 10.298 Thread 0x00000226f9094030 nmethod 8350 0x00000226e4681790 code [0x00000226e4681940, 0x00000226e4681b18]
Event: 10.298 Thread 0x00000226f9094030 8358       2       com.sun.tools.javac.comp.TransTypes::visitSelect (166 bytes)
Event: 10.300 Thread 0x00000226f9094030 nmethod 8358 0x00000226e4681c90 code [0x00000226e4681fe0, 0x00000226e4682ca8]
Event: 10.300 Thread 0x00000226f9094030 8356       2       com.sun.tools.javac.comp.Flow$CaptureAnalyzer::checkEffectivelyFinal (92 bytes)
Event: 10.301 Thread 0x00000226f9094030 nmethod 8356 0x00000226e4683390 code [0x00000226e4683580, 0x00000226e46838c0]
Event: 10.301 Thread 0x00000226f9094030 8360       2       com.sun.tools.javac.code.Type$PackageType::accept (9 bytes)
Event: 10.301 Thread 0x00000226f9094030 nmethod 8360 0x00000226e4683b10 code [0x00000226e4683cc0, 0x00000226e4683e00]
Event: 10.301 Thread 0x00000226f9094030 8362       2       com.sun.tools.javac.jvm.Target::hasNestmateAccess (16 bytes)
Event: 10.302 Thread 0x00000226f9094030 nmethod 8362 0x00000226e4683e90 code [0x00000226e4684040, 0x00000226e4684180]
Event: 10.302 Thread 0x00000226f9094030 8355       2       com.sun.tools.javac.tree.TreeInfo::firstConstructorCall (147 bytes)
Event: 10.303 Thread 0x00000226f9094030 nmethod 8355 0x00000226e4684210 code [0x00000226e4684460, 0x00000226e4684a48]
Event: 10.303 Thread 0x00000226f9094030 8367   !   3       com.sun.tools.javac.jvm.Gen::genExpr (201 bytes)
Event: 10.306 Thread 0x00000226f9094030 nmethod 8367 0x00000226e4684e10 code [0x00000226e4685220, 0x00000226e46873e8]
Event: 10.306 Thread 0x00000226f9094030 8368       3       com.sun.tools.javac.jvm.Code::emitop (117 bytes)
Event: 10.308 Thread 0x00000226f9094030 nmethod 8368 0x00000226e4688210 code [0x00000226e4688520, 0x00000226e46891b0]
Event: 10.309 Thread 0x00000226f9094030 8370       3       com.sun.tools.javac.jvm.Items$Item::coerce (99 bytes)
Event: 10.310 Thread 0x00000226f9094030 nmethod 8370 0x00000226e4689690 code [0x00000226e46898a0, 0x00000226e4689e88]
Event: 10.310 Thread 0x00000226f9094030 8369       2       com.sun.tools.javac.jvm.Gen::visitIdent (302 bytes)

GC Heap History (20 events):
Event: 1.352 GC heap before
{Heap before GC invocations=1 (full 0):
 garbage-first heap   total 192512K, used 36600K [0x0000000744e00000, 0x0000000800000000)
  region size 2048K, 18 young (36864K), 2 survivors (4096K)
 Metaspace       used 9720K, committed 9920K, reserved 1114112K
  class space    used 1165K, committed 1280K, reserved 1048576K
}
Event: 1.363 GC heap after
{Heap after GC invocations=2 (full 0):
 garbage-first heap   total 192512K, used 5286K [0x0000000744e00000, 0x0000000800000000)
  region size 2048K, 1 young (2048K), 1 survivors (2048K)
 Metaspace       used 9720K, committed 9920K, reserved 1114112K
  class space    used 1165K, committed 1280K, reserved 1048576K
}
Event: 4.521 GC heap before
{Heap before GC invocations=2 (full 0):
 garbage-first heap   total 192512K, used 117926K [0x0000000744e00000, 0x0000000800000000)
  region size 2048K, 56 young (114688K), 1 survivors (2048K)
 Metaspace       used 16828K, committed 17152K, reserved 1114112K
  class space    used 1933K, committed 2048K, reserved 1048576K
}
Event: 4.537 GC heap after
{Heap after GC invocations=3 (full 0):
 garbage-first heap   total 192512K, used 14221K [0x0000000744e00000, 0x0000000800000000)
  region size 2048K, 6 young (12288K), 6 survivors (12288K)
 Metaspace       used 16828K, committed 17152K, reserved 1114112K
  class space    used 1933K, committed 2048K, reserved 1048576K
}
Event: 5.806 GC heap before
{Heap before GC invocations=3 (full 0):
 garbage-first heap   total 192512K, used 77709K [0x0000000744e00000, 0x0000000800000000)
  region size 2048K, 22 young (45056K), 6 survivors (12288K)
 Metaspace       used 21210K, committed 21504K, reserved 1114112K
  class space    used 2474K, committed 2624K, reserved 1048576K
}
Event: 5.821 GC heap after
{Heap after GC invocations=4 (full 0):
 garbage-first heap   total 192512K, used 17334K [0x0000000744e00000, 0x0000000800000000)
  region size 2048K, 2 young (4096K), 2 survivors (4096K)
 Metaspace       used 21210K, committed 21504K, reserved 1114112K
  class space    used 2474K, committed 2624K, reserved 1048576K
}
Event: 6.990 GC heap before
{Heap before GC invocations=5 (full 0):
 garbage-first heap   total 61440K, used 60342K [0x0000000744e00000, 0x0000000800000000)
  region size 2048K, 23 young (47104K), 2 survivors (4096K)
 Metaspace       used 26561K, committed 26880K, reserved 1114112K
  class space    used 3044K, committed 3200K, reserved 1048576K
}
Event: 7.006 GC heap after
{Heap after GC invocations=6 (full 0):
 garbage-first heap   total 79872K, used 32311K [0x0000000744e00000, 0x0000000800000000)
  region size 2048K, 7 young (14336K), 7 survivors (14336K)
 Metaspace       used 26561K, committed 26880K, reserved 1114112K
  class space    used 3044K, committed 3200K, reserved 1048576K
}
Event: 7.478 GC heap before
{Heap before GC invocations=6 (full 0):
 garbage-first heap   total 79872K, used 58935K [0x0000000744e00000, 0x0000000800000000)
  region size 2048K, 20 young (40960K), 7 survivors (14336K)
 Metaspace       used 27089K, committed 27456K, reserved 1114112K
  class space    used 3085K, committed 3264K, reserved 1048576K
}
Event: 7.508 GC heap after
{Heap after GC invocations=7 (full 0):
 garbage-first heap   total 79872K, used 36628K [0x0000000744e00000, 0x0000000800000000)
  region size 2048K, 2 young (4096K), 2 survivors (4096K)
 Metaspace       used 27089K, committed 27456K, reserved 1114112K
  class space    used 3085K, committed 3264K, reserved 1048576K
}
Event: 8.445 GC heap before
{Heap before GC invocations=7 (full 0):
 garbage-first heap   total 79872K, used 65300K [0x0000000744e00000, 0x0000000800000000)
  region size 2048K, 16 young (32768K), 2 survivors (4096K)
 Metaspace       used 28385K, committed 28800K, reserved 1114112K
  class space    used 3219K, committed 3392K, reserved 1048576K
}
Event: 8.456 GC heap after
{Heap after GC invocations=8 (full 0):
 garbage-first heap   total 96256K, used 40501K [0x0000000744e00000, 0x0000000800000000)
  region size 2048K, 2 young (4096K), 2 survivors (4096K)
 Metaspace       used 28385K, committed 28800K, reserved 1114112K
  class space    used 3219K, committed 3392K, reserved 1048576K
}
Event: 9.026 GC heap before
{Heap before GC invocations=8 (full 0):
 garbage-first heap   total 96256K, used 73269K [0x0000000744e00000, 0x0000000800000000)
  region size 2048K, 19 young (38912K), 2 survivors (4096K)
 Metaspace       used 29893K, committed 30336K, reserved 1114112K
  class space    used 3396K, committed 3584K, reserved 1048576K
}
Event: 9.034 GC heap after
{Heap after GC invocations=9 (full 0):
 garbage-first heap   total 96256K, used 40996K [0x0000000744e00000, 0x0000000800000000)
  region size 2048K, 1 young (2048K), 1 survivors (2048K)
 Metaspace       used 29893K, committed 30336K, reserved 1114112K
  class space    used 3396K, committed 3584K, reserved 1048576K
}
Event: 9.329 GC heap before
{Heap before GC invocations=9 (full 0):
 garbage-first heap   total 96256K, used 77860K [0x0000000744e00000, 0x0000000800000000)
  region size 2048K, 19 young (38912K), 1 survivors (2048K)
 Metaspace       used 30224K, committed 30720K, reserved 1114112K
  class space    used 3411K, committed 3648K, reserved 1048576K
}
Event: 9.338 GC heap after
{Heap after GC invocations=10 (full 0):
 garbage-first heap   total 96256K, used 43055K [0x0000000744e00000, 0x0000000800000000)
  region size 2048K, 2 young (4096K), 2 survivors (4096K)
 Metaspace       used 30224K, committed 30720K, reserved 1114112K
  class space    used 3411K, committed 3648K, reserved 1048576K
}
Event: 9.526 GC heap before
{Heap before GC invocations=10 (full 0):
 garbage-first heap   total 96256K, used 79919K [0x0000000744e00000, 0x0000000800000000)
  region size 2048K, 20 young (40960K), 2 survivors (4096K)
 Metaspace       used 30342K, committed 30912K, reserved 1114112K
  class space    used 3416K, committed 3648K, reserved 1048576K
}
Event: 9.534 GC heap after
{Heap after GC invocations=11 (full 0):
 garbage-first heap   total 96256K, used 44024K [0x0000000744e00000, 0x0000000800000000)
  region size 2048K, 2 young (4096K), 2 survivors (4096K)
 Metaspace       used 30342K, committed 30912K, reserved 1114112K
  class space    used 3416K, committed 3648K, reserved 1048576K
}
Event: 9.751 GC heap before
{Heap before GC invocations=11 (full 0):
 garbage-first heap   total 96256K, used 82936K [0x0000000744e00000, 0x0000000800000000)
  region size 2048K, 21 young (43008K), 2 survivors (4096K)
 Metaspace       used 30445K, committed 30976K, reserved 1114112K
  class space    used 3417K, committed 3648K, reserved 1048576K
}
Event: 9.760 GC heap after
{Heap after GC invocations=12 (full 0):
 garbage-first heap   total 116736K, used 43857K [0x0000000744e00000, 0x0000000800000000)
  region size 2048K, 2 young (4096K), 2 survivors (4096K)
 Metaspace       used 30445K, committed 30976K, reserved 1114112K
  class space    used 3417K, committed 3648K, reserved 1048576K
}

Dll operation events (8 events):
Event: 0.008 Loaded shared library C:\Users\santi\.jdks\ms-21.0.8\bin\java.dll
Event: 0.037 Loaded shared library C:\Users\santi\.jdks\ms-21.0.8\bin\jsvml.dll
Event: 0.056 Loaded shared library C:\Users\santi\.jdks\ms-21.0.8\bin\net.dll
Event: 0.059 Loaded shared library C:\Users\santi\.jdks\ms-21.0.8\bin\nio.dll
Event: 0.061 Loaded shared library C:\Users\santi\.jdks\ms-21.0.8\bin\zip.dll
Event: 0.180 Loaded shared library C:\Users\santi\.jdks\ms-21.0.8\bin\jimage.dll
Event: 0.181 Loaded shared library C:\Users\santi\AppData\Local\Programs\IntelliJ IDEA Ultimate 2025.2.3\plugins\maven\lib\maven3\lib\jansi-native\Windows\x86_64\jansi.dll
Event: 0.193 Loaded shared library C:\Users\santi\.jdks\ms-21.0.8\bin\verify.dll

Deoptimization events (20 events):
Event: 10.080 Thread 0x00000226d87e1bb0 Uncommon trap: trap_request=0xffffff45 fr.pc=0x00000226eb235ee0 relative=0x0000000000002680
Event: 10.080 Thread 0x00000226d87e1bb0 Uncommon trap: reason=unstable_if action=reinterpret pc=0x00000226eb235ee0 method=com.sun.tools.javac.code.ClassFinder.completeOwners(Lcom/sun/tools/javac/code/Symbol;)V @ 7 c2
Event: 10.080 Thread 0x00000226d87e1bb0 DEOPT PACKING pc=0x00000226eb235ee0 sp=0x000000a19f2fbfd0
Event: 10.080 Thread 0x00000226d87e1bb0 DEOPT UNPACKING pc=0x00000226ea9946a2 sp=0x000000a19f2fbe88 mode 2
Event: 10.154 Thread 0x00000226d87e1bb0 Uncommon trap: trap_request=0xffffffde fr.pc=0x00000226eb0f4b28 relative=0x0000000000000088
Event: 10.154 Thread 0x00000226d87e1bb0 Uncommon trap: reason=class_check action=maybe_recompile pc=0x00000226eb0f4b28 method=java.lang.Integer.equals(Ljava/lang/Object;)Z @ 1 c2
Event: 10.154 Thread 0x00000226d87e1bb0 DEOPT PACKING pc=0x00000226eb0f4b28 sp=0x000000a19f2fd350
Event: 10.154 Thread 0x00000226d87e1bb0 DEOPT UNPACKING pc=0x00000226ea9946a2 sp=0x000000a19f2fd2e0 mode 2
Event: 10.154 Thread 0x00000226d87e1bb0 Uncommon trap: trap_request=0xffffffde fr.pc=0x00000226eb0f4b28 relative=0x0000000000000088
Event: 10.154 Thread 0x00000226d87e1bb0 Uncommon trap: reason=class_check action=maybe_recompile pc=0x00000226eb0f4b28 method=java.lang.Integer.equals(Ljava/lang/Object;)Z @ 1 c2
Event: 10.154 Thread 0x00000226d87e1bb0 DEOPT PACKING pc=0x00000226eb0f4b28 sp=0x000000a19f2fd250
Event: 10.154 Thread 0x00000226d87e1bb0 DEOPT UNPACKING pc=0x00000226ea9946a2 sp=0x000000a19f2fd1e0 mode 2
Event: 10.154 Thread 0x00000226d87e1bb0 Uncommon trap: trap_request=0xffffffde fr.pc=0x00000226eb0f4b28 relative=0x0000000000000088
Event: 10.154 Thread 0x00000226d87e1bb0 Uncommon trap: reason=class_check action=maybe_recompile pc=0x00000226eb0f4b28 method=java.lang.Integer.equals(Ljava/lang/Object;)Z @ 1 c2
Event: 10.154 Thread 0x00000226d87e1bb0 DEOPT PACKING pc=0x00000226eb0f4b28 sp=0x000000a19f2fd350
Event: 10.154 Thread 0x00000226d87e1bb0 DEOPT UNPACKING pc=0x00000226ea9946a2 sp=0x000000a19f2fd2e0 mode 2
Event: 10.219 Thread 0x00000226d87e1bb0 DEOPT PACKING pc=0x00000226e42a3c08 sp=0x000000a19f2fd110
Event: 10.219 Thread 0x00000226d87e1bb0 DEOPT UNPACKING pc=0x00000226ea994e42 sp=0x000000a19f2fc5f8 mode 0
Event: 10.445 Thread 0x00000226d87e1bb0 DEOPT PACKING pc=0x00000226e460178b sp=0x000000a19f2fd750
Event: 10.445 Thread 0x00000226d87e1bb0 DEOPT UNPACKING pc=0x00000226ea994e42 sp=0x000000a19f2fcbc0 mode 0

Classes loaded (20 events):
Event: 8.959 Loading class java/util/regex/Pattern$LazyLoop
Event: 8.959 Loading class java/util/regex/Pattern$LazyLoop done
Event: 10.065 Loading class java/util/function/ToIntBiFunction
Event: 10.065 Loading class java/util/function/ToIntBiFunction done
Event: 10.091 Loading class java/lang/runtime/ObjectMethods
Event: 10.091 Loading class java/lang/runtime/ObjectMethods done
Event: 10.094 Loading class java/lang/invoke/MethodHandleImpl$Makers
Event: 10.095 Loading class java/lang/invoke/MethodHandleImpl$Makers done
Event: 10.095 Loading class java/lang/invoke/MethodHandleImpl$Makers$1
Event: 10.095 Loading class java/lang/invoke/MethodHandleImpl$Makers$1 done
Event: 10.096 Loading class java/lang/invoke/MethodHandleImpl$Makers$2
Event: 10.096 Loading class java/lang/invoke/MethodHandleImpl$Makers$2 done
Event: 10.096 Loading class java/lang/invoke/MethodHandleImpl$Makers$3
Event: 10.096 Loading class java/lang/invoke/MethodHandleImpl$Makers$3 done
Event: 10.101 Loading class java/lang/runtime/ObjectMethods$1
Event: 10.101 Loading class java/lang/runtime/ObjectMethods$1 done
Event: 10.108 Loading class java/lang/invoke/DirectMethodHandle$1
Event: 10.108 Loading class java/lang/invoke/DirectMethodHandle$1 done
Event: 10.115 Loading class java/io/DataOutputStream
Event: 10.116 Loading class java/io/DataOutputStream done

Classes unloaded (0 events):
No events

Classes redefined (0 events):
No events

Internal exceptions (20 events):
Event: 10.192 Thread 0x00000226d87e1bb0 Exception <a 'sun/nio/fs/WindowsException'{0x0000000749feacd0}> (0x0000000749feacd0) 
thrown [s\src\hotspot\share\prims\jni.cpp, line 520]
Event: 10.192 Thread 0x00000226d87e1bb0 Exception <a 'sun/nio/fs/WindowsException'{0x0000000749feb450}> (0x0000000749feb450) 
thrown [s\src\hotspot\share\prims\jni.cpp, line 520]
Event: 10.219 Thread 0x00000226d87e1bb0 Exception <a 'sun/nio/fs/WindowsException'{0x0000000749c89710}> (0x0000000749c89710) 
thrown [s\src\hotspot\share\prims\jni.cpp, line 520]
Event: 10.219 Thread 0x00000226d87e1bb0 Exception <a 'sun/nio/fs/WindowsException'{0x0000000749c89db0}> (0x0000000749c89db0) 
thrown [s\src\hotspot\share\prims\jni.cpp, line 520]
Event: 10.219 Thread 0x00000226d87e1bb0 Exception <a 'sun/nio/fs/WindowsException'{0x0000000749c8a530}> (0x0000000749c8a530) 
thrown [s\src\hotspot\share\prims\jni.cpp, line 520]
Event: 10.264 Thread 0x00000226d87e1bb0 Exception <a 'sun/nio/fs/WindowsException'{0x0000000749d6b950}> (0x0000000749d6b950) 
thrown [s\src\hotspot\share\prims\jni.cpp, line 520]
Event: 10.264 Thread 0x00000226d87e1bb0 Exception <a 'sun/nio/fs/WindowsException'{0x0000000749d6bff8}> (0x0000000749d6bff8) 
thrown [s\src\hotspot\share\prims\jni.cpp, line 520]
Event: 10.264 Thread 0x00000226d87e1bb0 Exception <a 'sun/nio/fs/WindowsException'{0x0000000749d6c7c8}> (0x0000000749d6c7c8) 
thrown [s\src\hotspot\share\prims\jni.cpp, line 520]
Event: 10.306 Thread 0x00000226d87e1bb0 Exception <a 'sun/nio/fs/WindowsException'{0x0000000749a2f1d8}> (0x0000000749a2f1d8) 
thrown [s\src\hotspot\share\prims\jni.cpp, line 520]
Event: 10.307 Thread 0x00000226d87e1bb0 Exception <a 'sun/nio/fs/WindowsException'{0x0000000749a2f878}> (0x0000000749a2f878) 
thrown [s\src\hotspot\share\prims\jni.cpp, line 520]
Event: 10.307 Thread 0x00000226d87e1bb0 Exception <a 'sun/nio/fs/WindowsException'{0x0000000749a2fff8}> (0x0000000749a2fff8) 
thrown [s\src\hotspot\share\prims\jni.cpp, line 520]
Event: 10.331 Thread 0x00000226d87e1bb0 Exception <a 'sun/nio/fs/WindowsException'{0x0000000749aa2f60}> (0x0000000749aa2f60) 
thrown [s\src\hotspot\share\prims\jni.cpp, line 520]
Event: 10.332 Thread 0x00000226d87e1bb0 Exception <a 'sun/nio/fs/WindowsException'{0x0000000749aa3610}> (0x0000000749aa3610) 
thrown [s\src\hotspot\share\prims\jni.cpp, line 520]
Event: 10.332 Thread 0x00000226d87e1bb0 Exception <a 'sun/nio/fs/WindowsException'{0x0000000749aa3e00}> (0x0000000749aa3e00) 
thrown [s\src\hotspot\share\prims\jni.cpp, line 520]
Event: 10.339 Thread 0x00000226d87e1bb0 Exception <a 'sun/nio/fs/WindowsException'{0x0000000749ab8e38}> (0x0000000749ab8e38) 
thrown [s\src\hotspot\share\prims\jni.cpp, line 520]
Event: 10.339 Thread 0x00000226d87e1bb0 Exception <a 'sun/nio/fs/WindowsException'{0x0000000749ab94f0}> (0x0000000749ab94f0) 
thrown [s\src\hotspot\share\prims\jni.cpp, line 520]
Event: 10.340 Thread 0x00000226d87e1bb0 Exception <a 'sun/nio/fs/WindowsException'{0x0000000749ab9d18}> (0x0000000749ab9d18) 
thrown [s\src\hotspot\share\prims\jni.cpp, line 520]
Event: 10.350 Thread 0x00000226d87e1bb0 Exception <a 'sun/nio/fs/WindowsException'{0x0000000749adff78}> (0x0000000749adff78) 
thrown [s\src\hotspot\share\prims\jni.cpp, line 520]
Event: 10.350 Thread 0x00000226d87e1bb0 Exception <a 'sun/nio/fs/WindowsException'{0x0000000749ae0620}> (0x0000000749ae0620) 
thrown [s\src\hotspot\share\prims\jni.cpp, line 520]
Event: 10.351 Thread 0x00000226d87e1bb0 Exception <a 'sun/nio/fs/WindowsException'{0x0000000749ae0df0}> (0x0000000749ae0df0) 
thrown [s\src\hotspot\share\prims\jni.cpp, line 520]

ZGC Phase Switch (0 events):
No events

VM Operations (20 events):
Event: 9.026 Executing VM operation: G1CollectForAllocation (G1 Evacuation Pause)
Event: 9.034 Executing VM operation: G1CollectForAllocation (G1 Evacuation Pause) done
Event: 9.329 Executing VM operation: G1CollectForAllocation (G1 Evacuation Pause)
Event: 9.338 Executing VM operation: G1CollectForAllocation (G1 Evacuation Pause) done
Event: 9.513 Executing VM operation: ICBufferFull
Event: 9.513 Executing VM operation: ICBufferFull done
Event: 9.526 Executing VM operation: G1CollectForAllocation (G1 Evacuation Pause)
Event: 9.534 Executing VM operation: G1CollectForAllocation (G1 Evacuation Pause) done
Event: 9.751 Executing VM operation: G1CollectForAllocation (G1 Evacuation Pause)
Event: 9.760 Executing VM operation: G1CollectForAllocation (G1 Evacuation Pause) done
Event: 9.975 Executing VM operation: HandshakeAllThreads (Deoptimize)
Event: 9.975 Executing VM operation: HandshakeAllThreads (Deoptimize) done
Event: 10.020 Executing VM operation: HandshakeAllThreads (Deoptimize)
Event: 10.020 Executing VM operation: HandshakeAllThreads (Deoptimize) done
Event: 10.023 Executing VM operation: ICBufferFull
Event: 10.023 Executing VM operation: ICBufferFull done
Event: 10.065 Executing VM operation: HandshakeAllThreads (Deoptimize)
Event: 10.065 Executing VM operation: HandshakeAllThreads (Deoptimize) done
Event: 10.201 Executing VM operation: ICBufferFull
Event: 10.201 Executing VM operation: ICBufferFull done

Memory protections (0 events):
No events

Nmethod flushes (0 events):
No events

Events (20 events):
Event: 0.034 Thread 0x00000226d87e1bb0 Thread added: 0x00000226f90563a0
Event: 0.034 Thread 0x00000226d87e1bb0 Thread added: 0x00000226f905e8d0
Event: 0.034 Thread 0x00000226d87e1bb0 Thread added: 0x00000226f905c170
Event: 0.034 Thread 0x00000226d87e1bb0 Thread added: 0x00000226f905ef60
Event: 0.034 Thread 0x00000226d87e1bb0 Thread added: 0x00000226f905dbb0
Event: 0.034 Thread 0x00000226d87e1bb0 Thread added: 0x00000226f9092aa0
Event: 0.035 Thread 0x00000226d87e1bb0 Thread added: 0x00000226f9094030
Event: 0.051 Thread 0x00000226d87e1bb0 Thread added: 0x00000226f905f5f0
Event: 0.053 Thread 0x00000226d87e1bb0 Thread added: 0x00000226f905d520
Event: 0.109 Thread 0x00000226f9092aa0 Thread added: 0x00000226f9252b90
Event: 0.179 Thread 0x00000226d87e1bb0 Thread added: 0x00000226f905c800
Event: 0.188 Thread 0x00000226f905c800 Thread exited: 0x00000226f905c800
Event: 0.636 Thread 0x00000226f9094030 Thread added: 0x00000226f9c27430
Event: 2.176 Thread 0x00000226d87e1bb0 Thread added: 0x00000226f905c800
Event: 4.492 Thread 0x00000226f9c27430 Thread exited: 0x00000226f9c27430
Event: 5.382 Thread 0x00000226f9252b90 Thread exited: 0x00000226f9252b90
Event: 6.046 Thread 0x00000226f9094030 Thread added: 0x00000226f913b030
Event: 6.348 Thread 0x00000226f9094030 Thread added: 0x00000226fe0bd020
Event: 8.391 Thread 0x00000226fe0bd020 Thread exited: 0x00000226fe0bd020
Event: 8.772 Thread 0x00000226f9094030 Thread added: 0x00000226ffaf3ea0


Dynamic libraries:
0x00007ff7cb0e0000 - 0x00007ff7cb0ee000 	C:\Users\santi\.jdks\ms-21.0.8\bin\java.exe
0x00007ff9cab20000 - 0x00007ff9cad89000 	C:\WINDOWS\SYSTEM32\ntdll.dll
0x00007ff9c8f80000 - 0x00007ff9c9049000 	C:\WINDOWS\System32\KERNEL32.DLL
0x00007ff9c7cb0000 - 0x00007ff9c80a3000 	C:\WINDOWS\System32\KERNELBASE.dll
0x00007ff9c8620000 - 0x00007ff9c876b000 	C:\WINDOWS\System32\ucrtbase.dll
0x00007ff9beae0000 - 0x00007ff9beafe000 	C:\Users\santi\.jdks\ms-21.0.8\bin\VCRUNTIME140.dll
0x00007ff9b67f0000 - 0x00007ff9b6808000 	C:\Users\santi\.jdks\ms-21.0.8\bin\jli.dll
0x00007ff9ca910000 - 0x00007ff9caad4000 	C:\WINDOWS\System32\USER32.dll
0x00007ff9c8140000 - 0x00007ff9c8167000 	C:\WINDOWS\System32\win32u.dll
0x00007ff9c96e0000 - 0x00007ff9c970b000 	C:\WINDOWS\System32\GDI32.dll
0x00007ff9c82c0000 - 0x00007ff9c83ed000 	C:\WINDOWS\System32\gdi32full.dll
0x00007ff9c8210000 - 0x00007ff9c82b3000 	C:\WINDOWS\System32\msvcp_win.dll
0x00007ff9add70000 - 0x00007ff9ae003000 	C:\WINDOWS\WinSxS\amd64_microsoft.windows.common-controls_6595b64144ccf1df_6.0.26100.5074_none_3e0d6f78e32fd63f\COMCTL32.dll
0x00007ff9c8d20000 - 0x00007ff9c8dc9000 	C:\WINDOWS\System32\msvcrt.dll
0x00007ff9c8a80000 - 0x00007ff9c8aaf000 	C:\WINDOWS\System32\IMM32.DLL
0x000000005b8c0000 - 0x000000005b8cc000 	C:\Program Files (x86)\360\Total Security\safemon\SafeWrapper.dll
0x00007ff9c9480000 - 0x00007ff9c9534000 	C:\WINDOWS\System32\ADVAPI32.dll
0x00007ff9c93d0000 - 0x00007ff9c9476000 	C:\WINDOWS\System32\sechost.dll
0x00007ff9ca370000 - 0x00007ff9ca488000 	C:\WINDOWS\System32\RPCRT4.dll
0x00007ff9a16e0000 - 0x00007ff9a178c000 	C:\Program Files (x86)\360\Total Security\safemon\libzdtp64.dll
0x00007ff9c9c20000 - 0x00007ff9ca36d000 	C:\WINDOWS\System32\SHELL32.dll
0x00007ff9c83f0000 - 0x00007ff9c855c000 	C:\WINDOWS\System32\wintypes.dll
0x00007ff9c9050000 - 0x00007ff9c93cb000 	C:\WINDOWS\System32\combase.dll
0x00007ff9c9710000 - 0x00007ff9c9772000 	C:\WINDOWS\System32\SHLWAPI.dll
0x00007ff9c75f0000 - 0x00007ff9c75fb000 	C:\WINDOWS\SYSTEM32\VERSION.dll
0x00007ff9c1ec0000 - 0x00007ff9c1ecc000 	C:\Users\santi\.jdks\ms-21.0.8\bin\vcruntime140_1.dll
0x00007ff9b3790000 - 0x00007ff9b3819000 	C:\Users\santi\.jdks\ms-21.0.8\bin\msvcp140.dll
0x00007ff95b5f0000 - 0x00007ff95c39c000 	C:\Users\santi\.jdks\ms-21.0.8\bin\server\jvm.dll
0x00007ff9c8970000 - 0x00007ff9c89e4000 	C:\WINDOWS\System32\WS2_32.dll
0x00007ff9c7b10000 - 0x00007ff9c7b6e000 	C:\WINDOWS\SYSTEM32\POWRPROF.dll
0x00007ff9bc0e0000 - 0x00007ff9bc115000 	C:\WINDOWS\SYSTEM32\WINMM.dll
0x00007ff9c7af0000 - 0x00007ff9c7b04000 	C:\WINDOWS\SYSTEM32\UMPDC.dll
0x00007ff9c6a20000 - 0x00007ff9c6a3b000 	C:\WINDOWS\SYSTEM32\kernel.appcore.dll
0x00007ff9c1e50000 - 0x00007ff9c1e5a000 	C:\Users\santi\.jdks\ms-21.0.8\bin\jimage.dll
0x00007ff9c54b0000 - 0x00007ff9c56f2000 	C:\WINDOWS\SYSTEM32\DBGHELP.DLL
0x00007ff9c8dd0000 - 0x00007ff9c8ea7000 	C:\WINDOWS\System32\OLEAUT32.dll
0x00007ff9a6ec0000 - 0x00007ff9a6efd000 	C:\WINDOWS\SYSTEM32\dbgcore.DLL
0x00007ff9c8170000 - 0x00007ff9c8209000 	C:\WINDOWS\System32\bcryptPrimitives.dll
0x00007ff9b67c0000 - 0x00007ff9b67e1000 	C:\Users\santi\.jdks\ms-21.0.8\bin\java.dll
0x00007ff9c5700000 - 0x00007ff9c5f59000 	C:\WINDOWS\SYSTEM32\windows.storage.dll
0x00007ff9c8c20000 - 0x00007ff9c8d10000 	C:\WINDOWS\System32\SHCORE.dll
0x00007ff9c7bd0000 - 0x00007ff9c7bf9000 	C:\WINDOWS\SYSTEM32\profapi.dll
0x00007ff9a1810000 - 0x00007ff9a18e6000 	C:\Users\santi\.jdks\ms-21.0.8\bin\jsvml.dll
0x00007ff9b67a0000 - 0x00007ff9b67b1000 	C:\Users\santi\.jdks\ms-21.0.8\bin\net.dll
0x00007ff9b76e0000 - 0x00007ff9b77ff000 	C:\WINDOWS\SYSTEM32\WINHTTP.dll
0x00007ff9c6fa0000 - 0x00007ff9c700b000 	C:\WINDOWS\system32\mswsock.dll
0x00007ff9b6780000 - 0x00007ff9b6796000 	C:\Users\santi\.jdks\ms-21.0.8\bin\nio.dll
0x00007ff9b6600000 - 0x00007ff9b6618000 	C:\Users\santi\.jdks\ms-21.0.8\bin\zip.dll
0x00007ff9beb20000 - 0x00007ff9beb44000 	C:\Users\santi\AppData\Local\Programs\IntelliJ IDEA Ultimate 2025.2.3\plugins\maven\lib\maven3\lib\jansi-native\Windows\x86_64\jansi.dll
0x00007ff9b6770000 - 0x00007ff9b6780000 	C:\Users\santi\.jdks\ms-21.0.8\bin\verify.dll

JVMTI agents: none

dbghelp: loaded successfully - version: 4.0.5 - missing functions: none
symbol engine: initialized successfully - sym options: 0x614 - pdb path: .;C:\Users\santi\.jdks\ms-21.0.8\bin;C:\WINDOWS\SYSTEM32;C:\WINDOWS\WinSxS\amd64_microsoft.windows.common-controls_6595b64144ccf1df_6.0.26100.5074_none_3e0d6f78e32fd63f;C:\Program Files (x86)\360\Total Security\safemon;C:\Users\santi\.jdks\ms-21.0.8\bin\server;C:\Users\santi\AppData\Local\Programs\IntelliJ IDEA Ultimate 2025.2.3\plugins\maven\lib\maven3\lib\jansi-native\Windows\x86_64

VM Arguments:
jvm_args: -Dclassworlds.conf=C:\Users\santi\AppData\Local\Programs\IntelliJ IDEA Ultimate 2025.2.3\plugins\maven\lib\maven3\bin\m2.conf -Dmaven.home=C:\Users\santi\AppData\Local\Programs\IntelliJ IDEA Ultimate 2025.2.3\plugins\maven\lib\maven3 -Dlibrary.jansi.path=C:\Users\santi\AppData\Local\Programs\IntelliJ IDEA Ultimate 2025.2.3\plugins\maven\lib\maven3\lib\jansi-native -Dmaven.multiModuleProjectDirectory=C:\Users\santi\75318-backend-1 
java_command: org.codehaus.plexus.classworlds.launcher.Launcher -Didea.version=2025.2.3 -Dmaven.ext.class.path=C:\Users\santi\AppData\Local\Programs\IntelliJ IDEA Ultimate 2025.2.3\plugins\maven\lib\maven-event-listener.jar -Djansi.passthrough=true -Dstyle.color=always -Dmaven.repo.local=C:\Users\santi\.m2\repository org.springframework.boot:spring-boot-maven-plugin:2.7.18:run -f pom.xml
java_class_path (initial): C:\Users\santi\AppData\Local\Programs\IntelliJ IDEA Ultimate 2025.2.3\plugins\maven\lib\maven3\boot\plexus-classworlds-2.8.0.jar
Launcher Type: SUN_STANDARD

[Global flags]
     intx CICompilerCount                          = 4                                         {product} {ergonomic}
     uint ConcGCThreads                            = 3                                         {product} {ergonomic}
     uint G1ConcRefinementThreads                  = 10                                        {product} {ergonomic}
   size_t G1HeapRegionSize                         = 2097152                                   {product} {ergonomic}
    uintx GCDrainStackTargetSize                   = 64                                        {product} {ergonomic}
   size_t InitialHeapSize                          = 197132288                                 {product} {ergonomic}
   size_t MarkStackSize                            = 4194304                                   {product} {ergonomic}
   size_t MaxHeapSize                              = 3139436544                                {product} {ergonomic}
   size_t MaxNewSize                               = 1883242496                                {product} {ergonomic}
   size_t MinHeapDeltaBytes                        = 2097152                                   {product} {ergonomic}
   size_t MinHeapSize                              = 8388608                                   {product} {ergonomic}
    uintx NonNMethodCodeHeapSize                   = 5839372                                {pd product} {ergonomic}
    uintx NonProfiledCodeHeapSize                  = 122909434                              {pd product} {ergonomic}
    uintx ProfiledCodeHeapSize                     = 122909434                              {pd product} {ergonomic}
    uintx ReservedCodeCacheSize                    = 251658240                              {pd product} {ergonomic}
     bool SegmentedCodeCache                       = true                                      {product} {ergonomic}
   size_t SoftMaxHeapSize                          = 3139436544                             {manageable} {ergonomic}
     bool UseCompressedOops                        = true                           {product lp64_product} {ergonomic}
     bool UseG1GC                                  = true                                      {product} {ergonomic}
     bool UseLargePagesIndividualAllocation        = false                                  {pd product} {ergonomic}

Logging:
Log output configuration:
 #0: stdout all=warning uptime,level,tags foldmultilines=false
 #1: stderr all=off uptime,level,tags foldmultilines=false

Environment Variables:
JAVA_HOME=C:\Users\santi\.jdks\ms-21.0.8
PATH=C:\Program Files (x86)\Common Files\Oracle\Java\java8path;C:\Program Files (x86)\Common Files\Oracle\Java\javapath;C:\WINDOWS\system32;C:\WINDOWS;C:\WINDOWS\System32\Wbem;C:\WINDOWS\System32\WindowsPowerShell\v1.0\;C:\WINDOWS\System32\OpenSSH\;C:\Program Files\dotnet\;C:\Program Files\Git\cmd;C:\Users\santi\AppData\Local\Microsoft\WindowsApps\python.exe;C:\Program Files\nodejs\;C:\Users\santi\AppData\Local\Programs\Python\Python313\Scripts\;C:\Users\santi\AppData\Local\Programs\Python\Python313\;C:\Users\santi\AppData\Local\Programs\Python\Launcher\;C:\Users\santi\AppData\Local\Microsoft\WindowsApps;C:\Users\santi\AppData\Local\Programs\Microsoft VS Code\bin;C:\ProgramData\santi\GitHubDesktop\bin;C:\Users\santi\AppData\Roaming\npm
USERNAME=santi
OS=Windows_NT
PROCESSOR_IDENTIFIER=Intel64 Family 6 Model 154 Stepping 4, GenuineIntel
TMP=C:\Users\santi\AppData\Local\Temp
TEMP=C:\Users\santi\AppData\Local\Temp




Periodic native trim disabled

---------------  S Y S T E M  ---------------

OS:
 Windows 11 , 64 bit Build 26100 (10.0.26100.5074)
OS uptime: 25 days 7:50 hours
Hyper-V role detected

CPU: total 12 (initial active 12) (6 cores per cpu, 2 threads per core) family 6 model 154 stepping 4 microcode 0x42c, cx8, cmov, fxsr, ht, mmx, 3dnowpref, sse, sse2, sse3, ssse3, sse4.1, sse4.2, popcnt, lzcnt, tsc, tscinvbit, avx, avx2, aes, erms, clmul, bmi1, bmi2, adx, sha, fma, vzeroupper, clflush, clflushopt, clwb, hv, serialize, rdtscp, rdpid, fsrm, f16c, cet_ibt, cet_ss
Processor Information for processor 0
  Max Mhz: 1300, Current Mhz: 1300, Mhz Limit: 1300
Processor Information for processor 1
  Max Mhz: 1300, Current Mhz: 1300, Mhz Limit: 1300
Processor Information for processor 2
  Max Mhz: 1300, Current Mhz: 1300, Mhz Limit: 1300
Processor Information for processor 3
  Max Mhz: 1300, Current Mhz: 1300, Mhz Limit: 1300
Processor Information for processor 4
  Max Mhz: 1300, Current Mhz: 900, Mhz Limit: 897
Processor Information for processor 5
  Max Mhz: 1300, Current Mhz: 900, Mhz Limit: 897
Processor Information for processor 6
  Max Mhz: 1300, Current Mhz: 900, Mhz Limit: 897
Processor Information for processor 7
  Max Mhz: 1300, Current Mhz: 900, Mhz Limit: 897
Processor Information for processor 8
  Max Mhz: 1300, Current Mhz: 900, Mhz Limit: 897
Processor Information for processor 9
  Max Mhz: 1300, Current Mhz: 900, Mhz Limit: 897
Processor Information for processor 10
  Max Mhz: 1300, Current Mhz: 900, Mhz Limit: 897
Processor Information for processor 11
  Max Mhz: 1300, Current Mhz: 900, Mhz Limit: 897

Memory: 4k page, system-wide physical 11973M (896M free)
TotalPageFile size 16069M (AvailPageFile size 27M)
current process WorkingSet (physical memory assigned to process): 306M, peak: 319M
current process commit charge ("private bytes"): 343M, peak: 356M

vm_info: OpenJDK 64-Bit Server VM (21.0.8+9-LTS) for windows-amd64 JRE (21.0.8+9-LTS), built on 2025-07-10T20:22:44Z by "MicrosoftCorporation" with unknown MS VC++:1944

END.
