#
# There is insufficient memory for the Java Runtime Environment to continue.
# Native memory allocation (mmap) failed to map 65536 bytes. Error detail: Failed to commit metaspace.
# Possible reasons:
#   The system is out of physical RAM or swap space
#   This process is running with CompressedOops enabled, and the Java Heap may be blocking the growth of the native heap
# Possible solutions:
#   Reduce memory load on the system
#   Increase physical memory or swap space
#   Check if swap backing store is full
#   Decrease Java heap size (-Xmx/-Xms)
#   Decrease number of Java threads
#   Decrease Java thread stack sizes (-Xss)
#   Set larger code cache with -XX:ReservedCodeCacheSize=
#   JVM is running with Zero Based Compressed Oops mode in which the Java heap is
#     placed in the first 32GB address space. The Java Heap base address is the
#     maximum limit for the native heap growth. Please use -XX:HeapBaseMinAddress
#     to set the Java Heap base and to place the Java Heap above 32GB virtual address.
# This output file may be truncated or incomplete.
#
#  Out of Memory Error (virtualSpaceNode.cpp:113), pid=20576, tid=22216
#
# JRE version: OpenJDK Runtime Environment Microsoft-11933218 (21.0.8+9) (build 21.0.8+9-LTS)
# Java VM: OpenJDK 64-Bit Server VM Microsoft-11933218 (21.0.8+9-LTS, mixed mode, sharing, tiered, compressed oops, compressed class ptrs, g1 gc, windows-amd64)
# No core dump will be written. Minidumps are not enabled by default on client versions of Windows
#

---------------  S U M M A R Y ------------

Command Line: -Dclassworlds.conf=C:\Users\santi\AppData\Local\Programs\IntelliJ IDEA Ultimate 2025.2.3\plugins\maven\lib\maven3\bin\m2.conf -Dmaven.home=C:\Users\santi\AppData\Local\Programs\IntelliJ IDEA Ultimate 2025.2.3\plugins\maven\lib\maven3 -Dlibrary.jansi.path=C:\Users\santi\AppData\Local\Programs\IntelliJ IDEA Ultimate 2025.2.3\plugins\maven\lib\maven3\lib\jansi-native -Dmaven.multiModuleProjectDirectory=C:\Users\santi\75318-backend-1 org.codehaus.plexus.classworlds.launcher.Launcher -Didea.version=2025.2.3 -Dmaven.ext.class.path=C:\Users\santi\AppData\Local\Programs\IntelliJ IDEA Ultimate 2025.2.3\plugins\maven\lib\maven-event-listener.jar -Djansi.passthrough=true -Dstyle.color=always -Dmaven.repo.local=C:\Users\santi\.m2\repository clean -f pom.xml

Host: 12th Gen Intel(R) Core(TM) i5-1235U, 12 cores, 11G,  Windows 11 , 64 bit Build 26100 (10.0.26100.5074)
Time: Sat Oct 25 20:37:37 2025 Hora est. Pac璗ico, Sudam廨ica elapsed time: 13.357734 seconds (0d 0h 0m 13s)

---------------  T H R E A D  ---------------

Current thread (0x000002191eb5efa0):  JavaThread "main"             [_thread_in_vm, id=22216, stack(0x0000005d8a100000,0x0000005d8a200000) (1024K)]

Stack: [0x0000005d8a100000,0x0000005d8a200000]
Native frames: (J=compiled Java code, j=interpreted, Vv=VM code, C=native code)
V  [jvm.dll+0x6e1729]
V  [jvm.dll+0x8bf47b]
V  [jvm.dll+0x8c19aa]
V  [jvm.dll+0x8c2083]
V  [jvm.dll+0x289fd6]
V  [jvm.dll+0x8bb208]
V  [jvm.dll+0x683354]
V  [jvm.dll+0x1ee8d7]
V  [jvm.dll+0x1ee69e]
V  [jvm.dll+0x685c5f]
V  [jvm.dll+0x685a92]
V  [jvm.dll+0x683d2e]
V  [jvm.dll+0x273a40]
V  [jvm.dll+0x68e085]
V  [jvm.dll+0x21f70b]
V  [jvm.dll+0x21fbb5]
V  [jvm.dll+0x22059c]
V  [jvm.dll+0x215a8e]
V  [jvm.dll+0x5c064f]
V  [jvm.dll+0x838c15]
V  [jvm.dll+0x4827e7]
V  [jvm.dll+0x488838]
C  [java.dll+0x1818]

Java frames: (J=compiled Java code, j=interpreted, Vv=VM code)
j  java.lang.ClassLoader.defineClass1(Ljava/lang/ClassLoader;Ljava/lang/String;[BIILjava/security/ProtectionDomain;Ljava/lang/String;)Ljava/lang/Class;+0 java.base@21.0.8
j  java.lang.ClassLoader.defineClass(Ljava/lang/String;[BIILjava/security/ProtectionDomain;)Ljava/lang/Class;+27 java.base@21.0.8
j  java.security.SecureClassLoader.defineClass(Ljava/lang/String;[BIILjava/security/CodeSource;)Ljava/lang/Class;+12 java.base@21.0.8
j  java.net.URLClassLoader.defineClass(Ljava/lang/String;Ljdk/internal/loader/Resource;)Ljava/lang/Class;+220 java.base@21.0.8
j  java.net.URLClassLoader$1.run()Ljava/lang/Class;+43 java.base@21.0.8
j  java.net.URLClassLoader$1.run()Ljava/lang/Object;+1 java.base@21.0.8
j  java.security.AccessController.executePrivileged(Ljava/security/PrivilegedExceptionAction;Ljava/security/AccessControlContext;Ljava/lang/Class;)Ljava/lang/Object;+29 java.base@21.0.8
j  java.security.AccessController.doPrivileged(Ljava/security/PrivilegedExceptionAction;Ljava/security/AccessControlContext;)Ljava/lang/Object;+13 java.base@21.0.8
j  java.net.URLClassLoader.findClass(Ljava/lang/String;)Ljava/lang/Class;+13 java.base@21.0.8
j  org.codehaus.plexus.classworlds.realm.ClassRealm.findClassInternal(Ljava/lang/String;)Ljava/lang/Class;+2
j  org.codehaus.plexus.classworlds.realm.ClassRealm.loadClassFromSelf(Ljava/lang/String;)Ljava/lang/Class;+20
j  org.codehaus.plexus.classworlds.strategy.SelfFirstStrategy.loadClass(Ljava/lang/String;)Ljava/lang/Class;+18
j  org.codehaus.plexus.classworlds.realm.ClassRealm.unsynchronizedLoadClass(Ljava/lang/String;Z)Ljava/lang/Class;+13
j  org.codehaus.plexus.classworlds.realm.ClassRealm.loadClass(Ljava/lang/String;Z)Ljava/lang/Class;+9
j  org.codehaus.plexus.classworlds.realm.ClassRealm.loadClass(Ljava/lang/String;)Ljava/lang/Class;+3
v  ~StubRoutines::call_stub 0x0000021930b3100d
j  org.apache.maven.cli.MavenCli.main([Ljava/lang/String;Lorg/codehaus/plexus/classworlds/ClassWorld;)I+8
j  java.lang.invoke.DirectMethodHandle$Holder.invokeStatic(Ljava/lang/Object;Ljava/lang/Object;Ljava/lang/Object;)I+11 java.base@21.0.8
j  java.lang.invoke.LambdaForm$MH+0x0000021941009400.invoke(Ljava/lang/Object;Ljava/lang/Object;Ljava/lang/Object;Ljava/lang/Object;)Ljava/lang/Object;+54 java.base@21.0.8
j  java.lang.invoke.LambdaForm$MH+0x0000021941009800.invokeExact_MT(Ljava/lang/Object;Ljava/lang/Object;Ljava/lang/Object;Ljava/lang/Object;Ljava/lang/Object;)Ljava/lang/Object;+22 java.base@21.0.8
j  jdk.internal.reflect.DirectMethodHandleAccessor.invokeImpl(Ljava/lang/Object;[Ljava/lang/Object;)Ljava/lang/Object;+72 java.base@21.0.8
j  jdk.internal.reflect.DirectMethodHandleAccessor.invoke(Ljava/lang/Object;[Ljava/lang/Object;)Ljava/lang/Object;+23 java.base@21.0.8
j  java.lang.reflect.Method.invoke(Ljava/lang/Object;[Ljava/lang/Object;)Ljava/lang/Object;+102 java.base@21.0.8
j  org.codehaus.plexus.classworlds.launcher.Launcher.launchEnhanced([Ljava/lang/String;)V+45
j  org.codehaus.plexus.classworlds.launcher.Launcher.launch([Ljava/lang/String;)V+2
j  org.codehaus.plexus.classworlds.launcher.Launcher.mainWithExitCode([Ljava/lang/String;)I+108
j  org.codehaus.plexus.classworlds.launcher.Launcher.main([Ljava/lang/String;)V+1
v  ~StubRoutines::call_stub 0x0000021930b3100d

---------------  P R O C E S S  ---------------

Threads class SMR info:
_java_thread_list=0x000002193f384050, length=11, elements={
0x000002191eb5efa0, 0x000002193ebfba10, 0x000002193ebfe570, 0x000002193ebff1c0,
0x000002193ec00980, 0x000002193ec043e0, 0x000002193ec0ae30, 0x000002193ec0e160,
0x000002193f290090, 0x000002193ec09a80, 0x000002193ec0bb50
}

Java Threads: ( => current thread )
=>0x000002191eb5efa0 JavaThread "main"                              [_thread_in_vm, id=22216, stack(0x0000005d8a100000,0x0000005d8a200000) (1024K)]
  0x000002193ebfba10 JavaThread "Reference Handler"          daemon [_thread_blocked, id=16404, stack(0x0000005d8a900000,0x0000005d8aa00000) (1024K)]
  0x000002193ebfe570 JavaThread "Finalizer"                  daemon [_thread_blocked, id=22396, stack(0x0000005d8aa00000,0x0000005d8ab00000) (1024K)]
  0x000002193ebff1c0 JavaThread "Signal Dispatcher"          daemon [_thread_blocked, id=20496, stack(0x0000005d8ab00000,0x0000005d8ac00000) (1024K)]
  0x000002193ec00980 JavaThread "Attach Listener"            daemon [_thread_blocked, id=10156, stack(0x0000005d8ac00000,0x0000005d8ad00000) (1024K)]
  0x000002193ec043e0 JavaThread "Service Thread"             daemon [_thread_blocked, id=22980, stack(0x0000005d8ad00000,0x0000005d8ae00000) (1024K)]
  0x000002193ec0ae30 JavaThread "Monitor Deflation Thread"   daemon [_thread_blocked, id=12704, stack(0x0000005d8ae00000,0x0000005d8af00000) (1024K)]
  0x000002193ec0e160 JavaThread "C2 CompilerThread0"         daemon [_thread_blocked, id=22636, stack(0x0000005d8af00000,0x0000005d8b000000) (1024K)]
  0x000002193f290090 JavaThread "C1 CompilerThread0"         daemon [_thread_blocked, id=16952, stack(0x0000005d8b000000,0x0000005d8b100000) (1024K)]
  0x000002193ec09a80 JavaThread "Notification Thread"        daemon [_thread_blocked, id=24504, stack(0x0000005d8b100000,0x0000005d8b200000) (1024K)]
  0x000002193ec0bb50 JavaThread "Common-Cleaner"             daemon [_thread_blocked, id=12812, stack(0x0000005d8b200000,0x0000005d8b300000) (1024K)]
Total: 11

Other Threads:
  0x000002193ebe5830 VMThread "VM Thread"                           [id=16592, stack(0x0000005d8a800000,0x0000005d8a900000) (1024K)] _threads_hazard_ptr=0x000002193f384050
  0x000002193ebd0b10 WatcherThread "VM Periodic Task Thread"        [id=1344, stack(0x0000005d8a700000,0x0000005d8a800000) (1024K)]
  0x0000021920f73bd0 WorkerThread "GC Thread#0"                     [id=15960, stack(0x0000005d8a200000,0x0000005d8a300000) (1024K)]
  0x0000021920f816d0 ConcurrentGCThread "G1 Main Marker"            [id=21836, stack(0x0000005d8a300000,0x0000005d8a400000) (1024K)]
  0x0000021920f821d0 WorkerThread "G1 Conc#0"                       [id=23664, stack(0x0000005d8a400000,0x0000005d8a500000) (1024K)]
  0x0000021920fbead0 ConcurrentGCThread "G1 Refine#0"               [id=3932, stack(0x0000005d8a500000,0x0000005d8a600000) (1024K)]
  0x000002193eaa1600 ConcurrentGCThread "G1 Service"                [id=22104, stack(0x0000005d8a600000,0x0000005d8a700000) (1024K)]
Total: 7

Threads with active compile tasks:
Total: 0

VM state: synchronizing (normal execution)

VM Mutex/Monitor currently owned by a thread:  ([mutex/lock_event])
[0x00007ff929af87c8] Metaspace_lock - owner thread: 0x000002191eb5efa0
[0x00007ff929afa7c8] Threads_lock - owner thread: 0x000002193ebe5830

Heap address: 0x0000000744e00000, size: 2994 MB, Compressed Oops mode: Zero based, Oop shift amount: 3

CDS archive(s) mapped at: [0x0000021940000000-0x0000021940c80000-0x0000021940c80000), size 13107200, SharedBaseAddress: 0x0000021940000000, ArchiveRelocationMode: 1.
Compressed class space mapped at: 0x0000021941000000-0x0000021981000000, reserved size: 1073741824
Narrow klass base: 0x0000021940000000, Narrow klass shift: 0, Narrow klass range: 0x100000000

GC Precious Log:
 CardTable entry size: 512
 Card Set container configuration: InlinePtr #cards 4 size 8 Array Of Cards #cards 16 size 48 Howl #buckets 8 coarsen threshold 3686 Howl Bitmap #cards 512 size 80 coarsen threshold 460 Card regions per heap region 1 cards per card region 4096
 CPUs: 12 total, 12 available
 Memory: 11973M
 Large Page Support: Disabled
 NUMA Support: Disabled
 Compressed Oops: Enabled (Zero based)
 Heap Region Size: 2M
 Heap Min Capacity: 8M
 Heap Initial Capacity: 188M
 Heap Max Capacity: 2994M
 Pre-touch: Disabled
 Parallel Workers: 10
 Concurrent Workers: 3
 Concurrent Refinement Workers: 10
 Periodic GC: Disabled

Heap:
 garbage-first heap   total 192512K, used 4096K [0x0000000744e00000, 0x0000000800000000)
  region size 2048K, 3 young (6144K), 0 survivors (0K)
 Metaspace       used 1002K, committed 1088K, reserved 1114112K
  class space    used 78K, committed 128K, reserved 1048576K

Heap Regions: E=young(eden), S=young(survivor), O=old, HS=humongous(starts), HC=humongous(continues), CS=collection set, F=free, TAMS=top-at-mark-start, PB=parsable bottom
|   0|0x0000000744e00000, 0x0000000744e00000, 0x0000000745000000|  0%| F|  |TAMS 0x0000000744e00000| PB 0x0000000744e00000| Untracked 
|   1|0x0000000745000000, 0x0000000745000000, 0x0000000745200000|  0%| F|  |TAMS 0x0000000745000000| PB 0x0000000745000000| Untracked 
|   2|0x0000000745200000, 0x0000000745200000, 0x0000000745400000|  0%| F|  |TAMS 0x0000000745200000| PB 0x0000000745200000| Untracked 
|   3|0x0000000745400000, 0x0000000745400000, 0x0000000745600000|  0%| F|  |TAMS 0x0000000745400000| PB 0x0000000745400000| Untracked 
|   4|0x0000000745600000, 0x0000000745600000, 0x0000000745800000|  0%| F|  |TAMS 0x0000000745600000| PB 0x0000000745600000| Untracked 
|   5|0x0000000745800000, 0x0000000745800000, 0x0000000745a00000|  0%| F|  |TAMS 0x0000000745800000| PB 0x0000000745800000| Untracked 
|   6|0x0000000745a00000, 0x0000000745a00000, 0x0000000745c00000|  0%| F|  |TAMS 0x0000000745a00000| PB 0x0000000745a00000| Untracked 
|   7|0x0000000745c00000, 0x0000000745c00000, 0x0000000745e00000|  0%| F|  |TAMS 0x0000000745c00000| PB 0x0000000745c00000| Untracked 
|   8|0x0000000745e00000, 0x0000000745e00000, 0x0000000746000000|  0%| F|  |TAMS 0x0000000745e00000| PB 0x0000000745e00000| Untracked 
|   9|0x0000000746000000, 0x0000000746000000, 0x0000000746200000|  0%| F|  |TAMS 0x0000000746000000| PB 0x0000000746000000| Untracked 
|  10|0x0000000746200000, 0x0000000746200000, 0x0000000746400000|  0%| F|  |TAMS 0x0000000746200000| PB 0x0000000746200000| Untracked 
|  11|0x0000000746400000, 0x0000000746400000, 0x0000000746600000|  0%| F|  |TAMS 0x0000000746400000| PB 0x0000000746400000| Untracked 
|  12|0x0000000746600000, 0x0000000746600000, 0x0000000746800000|  0%| F|  |TAMS 0x0000000746600000| PB 0x0000000746600000| Untracked 
|  13|0x0000000746800000, 0x0000000746800000, 0x0000000746a00000|  0%| F|  |TAMS 0x0000000746800000| PB 0x0000000746800000| Untracked 
|  14|0x0000000746a00000, 0x0000000746a00000, 0x0000000746c00000|  0%| F|  |TAMS 0x0000000746a00000| PB 0x0000000746a00000| Untracked 
|  15|0x0000000746c00000, 0x0000000746c00000, 0x0000000746e00000|  0%| F|  |TAMS 0x0000000746c00000| PB 0x0000000746c00000| Untracked 
|  16|0x0000000746e00000, 0x0000000746e00000, 0x0000000747000000|  0%| F|  |TAMS 0x0000000746e00000| PB 0x0000000746e00000| Untracked 
|  17|0x0000000747000000, 0x0000000747000000, 0x0000000747200000|  0%| F|  |TAMS 0x0000000747000000| PB 0x0000000747000000| Untracked 
|  18|0x0000000747200000, 0x0000000747200000, 0x0000000747400000|  0%| F|  |TAMS 0x0000000747200000| PB 0x0000000747200000| Untracked 
|  19|0x0000000747400000, 0x0000000747400000, 0x0000000747600000|  0%| F|  |TAMS 0x0000000747400000| PB 0x0000000747400000| Untracked 
|  20|0x0000000747600000, 0x0000000747600000, 0x0000000747800000|  0%| F|  |TAMS 0x0000000747600000| PB 0x0000000747600000| Untracked 
|  21|0x0000000747800000, 0x0000000747800000, 0x0000000747a00000|  0%| F|  |TAMS 0x0000000747800000| PB 0x0000000747800000| Untracked 
|  22|0x0000000747a00000, 0x0000000747a00000, 0x0000000747c00000|  0%| F|  |TAMS 0x0000000747a00000| PB 0x0000000747a00000| Untracked 
|  23|0x0000000747c00000, 0x0000000747c00000, 0x0000000747e00000|  0%| F|  |TAMS 0x0000000747c00000| PB 0x0000000747c00000| Untracked 
|  24|0x0000000747e00000, 0x0000000747e00000, 0x0000000748000000|  0%| F|  |TAMS 0x0000000747e00000| PB 0x0000000747e00000| Untracked 
|  25|0x0000000748000000, 0x0000000748000000, 0x0000000748200000|  0%| F|  |TAMS 0x0000000748000000| PB 0x0000000748000000| Untracked 
|  26|0x0000000748200000, 0x0000000748200000, 0x0000000748400000|  0%| F|  |TAMS 0x0000000748200000| PB 0x0000000748200000| Untracked 
|  27|0x0000000748400000, 0x0000000748400000, 0x0000000748600000|  0%| F|  |TAMS 0x0000000748400000| PB 0x0000000748400000| Untracked 
|  28|0x0000000748600000, 0x0000000748600000, 0x0000000748800000|  0%| F|  |TAMS 0x0000000748600000| PB 0x0000000748600000| Untracked 
|  29|0x0000000748800000, 0x0000000748800000, 0x0000000748a00000|  0%| F|  |TAMS 0x0000000748800000| PB 0x0000000748800000| Untracked 
|  30|0x0000000748a00000, 0x0000000748a00000, 0x0000000748c00000|  0%| F|  |TAMS 0x0000000748a00000| PB 0x0000000748a00000| Untracked 
|  31|0x0000000748c00000, 0x0000000748c00000, 0x0000000748e00000|  0%| F|  |TAMS 0x0000000748c00000| PB 0x0000000748c00000| Untracked 
|  32|0x0000000748e00000, 0x0000000748e00000, 0x0000000749000000|  0%| F|  |TAMS 0x0000000748e00000| PB 0x0000000748e00000| Untracked 
|  33|0x0000000749000000, 0x0000000749000000, 0x0000000749200000|  0%| F|  |TAMS 0x0000000749000000| PB 0x0000000749000000| Untracked 
|  34|0x0000000749200000, 0x0000000749200000, 0x0000000749400000|  0%| F|  |TAMS 0x0000000749200000| PB 0x0000000749200000| Untracked 
|  35|0x0000000749400000, 0x0000000749400000, 0x0000000749600000|  0%| F|  |TAMS 0x0000000749400000| PB 0x0000000749400000| Untracked 
|  36|0x0000000749600000, 0x0000000749600000, 0x0000000749800000|  0%| F|  |TAMS 0x0000000749600000| PB 0x0000000749600000| Untracked 
|  37|0x0000000749800000, 0x0000000749800000, 0x0000000749a00000|  0%| F|  |TAMS 0x0000000749800000| PB 0x0000000749800000| Untracked 
|  38|0x0000000749a00000, 0x0000000749a00000, 0x0000000749c00000|  0%| F|  |TAMS 0x0000000749a00000| PB 0x0000000749a00000| Untracked 
|  39|0x0000000749c00000, 0x0000000749c00000, 0x0000000749e00000|  0%| F|  |TAMS 0x0000000749c00000| PB 0x0000000749c00000| Untracked 
|  40|0x0000000749e00000, 0x0000000749e00000, 0x000000074a000000|  0%| F|  |TAMS 0x0000000749e00000| PB 0x0000000749e00000| Untracked 
|  41|0x000000074a000000, 0x000000074a000000, 0x000000074a200000|  0%| F|  |TAMS 0x000000074a000000| PB 0x000000074a000000| Untracked 
|  42|0x000000074a200000, 0x000000074a200000, 0x000000074a400000|  0%| F|  |TAMS 0x000000074a200000| PB 0x000000074a200000| Untracked 
|  43|0x000000074a400000, 0x000000074a400000, 0x000000074a600000|  0%| F|  |TAMS 0x000000074a400000| PB 0x000000074a400000| Untracked 
|  44|0x000000074a600000, 0x000000074a600000, 0x000000074a800000|  0%| F|  |TAMS 0x000000074a600000| PB 0x000000074a600000| Untracked 
|  45|0x000000074a800000, 0x000000074a800000, 0x000000074aa00000|  0%| F|  |TAMS 0x000000074a800000| PB 0x000000074a800000| Untracked 
|  46|0x000000074aa00000, 0x000000074aa00000, 0x000000074ac00000|  0%| F|  |TAMS 0x000000074aa00000| PB 0x000000074aa00000| Untracked 
|  47|0x000000074ac00000, 0x000000074ac00000, 0x000000074ae00000|  0%| F|  |TAMS 0x000000074ac00000| PB 0x000000074ac00000| Untracked 
|  48|0x000000074ae00000, 0x000000074ae00000, 0x000000074b000000|  0%| F|  |TAMS 0x000000074ae00000| PB 0x000000074ae00000| Untracked 
|  49|0x000000074b000000, 0x000000074b000000, 0x000000074b200000|  0%| F|  |TAMS 0x000000074b000000| PB 0x000000074b000000| Untracked 
|  50|0x000000074b200000, 0x000000074b200000, 0x000000074b400000|  0%| F|  |TAMS 0x000000074b200000| PB 0x000000074b200000| Untracked 
|  51|0x000000074b400000, 0x000000074b400000, 0x000000074b600000|  0%| F|  |TAMS 0x000000074b400000| PB 0x000000074b400000| Untracked 
|  52|0x000000074b600000, 0x000000074b600000, 0x000000074b800000|  0%| F|  |TAMS 0x000000074b600000| PB 0x000000074b600000| Untracked 
|  53|0x000000074b800000, 0x000000074b800000, 0x000000074ba00000|  0%| F|  |TAMS 0x000000074b800000| PB 0x000000074b800000| Untracked 
|  54|0x000000074ba00000, 0x000000074ba00000, 0x000000074bc00000|  0%| F|  |TAMS 0x000000074ba00000| PB 0x000000074ba00000| Untracked 
|  55|0x000000074bc00000, 0x000000074bc00000, 0x000000074be00000|  0%| F|  |TAMS 0x000000074bc00000| PB 0x000000074bc00000| Untracked 
|  56|0x000000074be00000, 0x000000074be00000, 0x000000074c000000|  0%| F|  |TAMS 0x000000074be00000| PB 0x000000074be00000| Untracked 
|  57|0x000000074c000000, 0x000000074c000000, 0x000000074c200000|  0%| F|  |TAMS 0x000000074c000000| PB 0x000000074c000000| Untracked 
|  58|0x000000074c200000, 0x000000074c200000, 0x000000074c400000|  0%| F|  |TAMS 0x000000074c200000| PB 0x000000074c200000| Untracked 
|  59|0x000000074c400000, 0x000000074c400000, 0x000000074c600000|  0%| F|  |TAMS 0x000000074c400000| PB 0x000000074c400000| Untracked 
|  60|0x000000074c600000, 0x000000074c600000, 0x000000074c800000|  0%| F|  |TAMS 0x000000074c600000| PB 0x000000074c600000| Untracked 
|  61|0x000000074c800000, 0x000000074c800000, 0x000000074ca00000|  0%| F|  |TAMS 0x000000074c800000| PB 0x000000074c800000| Untracked 
|  62|0x000000074ca00000, 0x000000074ca00000, 0x000000074cc00000|  0%| F|  |TAMS 0x000000074ca00000| PB 0x000000074ca00000| Untracked 
|  63|0x000000074cc00000, 0x000000074cc00000, 0x000000074ce00000|  0%| F|  |TAMS 0x000000074cc00000| PB 0x000000074cc00000| Untracked 
|  64|0x000000074ce00000, 0x000000074ce00000, 0x000000074d000000|  0%| F|  |TAMS 0x000000074ce00000| PB 0x000000074ce00000| Untracked 
|  65|0x000000074d000000, 0x000000074d000000, 0x000000074d200000|  0%| F|  |TAMS 0x000000074d000000| PB 0x000000074d000000| Untracked 
|  66|0x000000074d200000, 0x000000074d200000, 0x000000074d400000|  0%| F|  |TAMS 0x000000074d200000| PB 0x000000074d200000| Untracked 
|  67|0x000000074d400000, 0x000000074d400000, 0x000000074d600000|  0%| F|  |TAMS 0x000000074d400000| PB 0x000000074d400000| Untracked 
|  68|0x000000074d600000, 0x000000074d600000, 0x000000074d800000|  0%| F|  |TAMS 0x000000074d600000| PB 0x000000074d600000| Untracked 
|  69|0x000000074d800000, 0x000000074d800000, 0x000000074da00000|  0%| F|  |TAMS 0x000000074d800000| PB 0x000000074d800000| Untracked 
|  70|0x000000074da00000, 0x000000074da00000, 0x000000074dc00000|  0%| F|  |TAMS 0x000000074da00000| PB 0x000000074da00000| Untracked 
|  71|0x000000074dc00000, 0x000000074dc00000, 0x000000074de00000|  0%| F|  |TAMS 0x000000074dc00000| PB 0x000000074dc00000| Untracked 
|  72|0x000000074de00000, 0x000000074de00000, 0x000000074e000000|  0%| F|  |TAMS 0x000000074de00000| PB 0x000000074de00000| Untracked 
|  73|0x000000074e000000, 0x000000074e000000, 0x000000074e200000|  0%| F|  |TAMS 0x000000074e000000| PB 0x000000074e000000| Untracked 
|  74|0x000000074e200000, 0x000000074e200000, 0x000000074e400000|  0%| F|  |TAMS 0x000000074e200000| PB 0x000000074e200000| Untracked 
|  75|0x000000074e400000, 0x000000074e400000, 0x000000074e600000|  0%| F|  |TAMS 0x000000074e400000| PB 0x000000074e400000| Untracked 
|  76|0x000000074e600000, 0x000000074e600000, 0x000000074e800000|  0%| F|  |TAMS 0x000000074e600000| PB 0x000000074e600000| Untracked 
|  77|0x000000074e800000, 0x000000074e800000, 0x000000074ea00000|  0%| F|  |TAMS 0x000000074e800000| PB 0x000000074e800000| Untracked 
|  78|0x000000074ea00000, 0x000000074ea00000, 0x000000074ec00000|  0%| F|  |TAMS 0x000000074ea00000| PB 0x000000074ea00000| Untracked 
|  79|0x000000074ec00000, 0x000000074ec00000, 0x000000074ee00000|  0%| F|  |TAMS 0x000000074ec00000| PB 0x000000074ec00000| Untracked 
|  80|0x000000074ee00000, 0x000000074ee00000, 0x000000074f000000|  0%| F|  |TAMS 0x000000074ee00000| PB 0x000000074ee00000| Untracked 
|  81|0x000000074f000000, 0x000000074f000000, 0x000000074f200000|  0%| F|  |TAMS 0x000000074f000000| PB 0x000000074f000000| Untracked 
|  82|0x000000074f200000, 0x000000074f200000, 0x000000074f400000|  0%| F|  |TAMS 0x000000074f200000| PB 0x000000074f200000| Untracked 
|  83|0x000000074f400000, 0x000000074f400000, 0x000000074f600000|  0%| F|  |TAMS 0x000000074f400000| PB 0x000000074f400000| Untracked 
|  84|0x000000074f600000, 0x000000074f600000, 0x000000074f800000|  0%| F|  |TAMS 0x000000074f600000| PB 0x000000074f600000| Untracked 
|  85|0x000000074f800000, 0x000000074f800000, 0x000000074fa00000|  0%| F|  |TAMS 0x000000074f800000| PB 0x000000074f800000| Untracked 
|  86|0x000000074fa00000, 0x000000074fa00000, 0x000000074fc00000|  0%| F|  |TAMS 0x000000074fa00000| PB 0x000000074fa00000| Untracked 
|  87|0x000000074fc00000, 0x000000074fc00000, 0x000000074fe00000|  0%| F|  |TAMS 0x000000074fc00000| PB 0x000000074fc00000| Untracked 
|  88|0x000000074fe00000, 0x000000074fe00000, 0x0000000750000000|  0%| F|  |TAMS 0x000000074fe00000| PB 0x000000074fe00000| Untracked 
|  89|0x0000000750000000, 0x0000000750000000, 0x0000000750200000|  0%| F|  |TAMS 0x0000000750000000| PB 0x0000000750000000| Untracked 
|  90|0x0000000750200000, 0x0000000750200000, 0x0000000750400000|  0%| F|  |TAMS 0x0000000750200000| PB 0x0000000750200000| Untracked 
|  91|0x0000000750400000, 0x0000000750551f50, 0x0000000750600000| 66%| E|  |TAMS 0x0000000750400000| PB 0x0000000750400000| Complete 
|  92|0x0000000750600000, 0x0000000750800000, 0x0000000750800000|100%| E|CS|TAMS 0x0000000750600000| PB 0x0000000750600000| Complete 
|  93|0x0000000750800000, 0x0000000750a00000, 0x0000000750a00000|100%| E|CS|TAMS 0x0000000750800000| PB 0x0000000750800000| Complete 

Card table byte_map: [0x0000021939130000,0x0000021939710000] _byte_map_base: 0x0000021935709000

Marking Bits: (CMBitMap*) 0x0000021920f742d0
 Bits: [0x0000021939710000, 0x000002193c5d8000)

Polling page: 0x000002191eb10000

Metaspace:

Usage:
  Non-class:    923.84 KB used.
      Class:     78.21 KB used.
       Both:   1002.05 KB used.

Virtual space:
  Non-class space:       64.00 MB reserved,     960.00 KB (  1%) committed,  1 nodes.
      Class space:        1.00 GB reserved,     128.00 KB ( <1%) committed,  1 nodes.
             Both:        1.06 GB reserved,       1.06 MB ( <1%) committed. 

Chunk freelists:
   Non-Class:  11.80 MB
       Class:  15.71 MB
        Both:  27.51 MB

MaxMetaspaceSize: unlimited
CompressedClassSpaceSize: 1.00 GB
Initial GC threshold: 21.00 MB
Current GC threshold: 21.00 MB
CDS: on
 - commit_granule_bytes: 65536.
 - commit_granule_words: 8192.
 - virtual_space_node_default_size: 8388608.
 - enlarge_chunks_in_place: 1.
 - use_allocation_guard: 0.


Internal statistics:

num_allocs_failed_limit: 0.
num_arena_births: 26.
num_arena_deaths: 0.
num_vsnodes_births: 2.
num_vsnodes_deaths: 0.
num_space_committed: 17.
num_space_uncommitted: 0.
num_chunks_returned_to_freelist: 0.
num_chunks_taken_from_freelist: 42.
num_chunk_merges: 0.
num_chunk_splits: 28.
num_chunks_enlarged: 19.
num_inconsistent_stats: 0.

CodeHeap 'non-profiled nmethods': size=120000Kb used=134Kb max_used=134Kb free=119865Kb
 bounds [0x00000219310d0000, 0x0000021931340000, 0x0000021938600000]
CodeHeap 'profiled nmethods': size=120000Kb used=472Kb max_used=472Kb free=119527Kb
 bounds [0x0000021929600000, 0x0000021929870000, 0x0000021930b30000]
CodeHeap 'non-nmethods': size=5760Kb used=1291Kb max_used=1307Kb free=4468Kb
 bounds [0x0000021930b30000, 0x0000021930da0000, 0x00000219310d0000]
CodeCache: size=245760Kb, used=1897Kb, max_used=1913Kb, free=243860Kb
 total_blobs=771, nmethods=364, adapters=312, full_count=0
Compilation: enabled, stopped_count=0, restarted_count=0

Compilation events (20 events):
Event: 11.329 Thread 0x000002193f290090  350       1       java.lang.invoke.MethodTypeForm::parameterSlotCount (5 bytes)
Event: 11.329 Thread 0x000002193f290090 nmethod 350 0x00000219310f0010 code [0x00000219310f01a0, 0x00000219310f0268]
Event: 11.330 Thread 0x000002193f290090  353       1       java.lang.invoke.MethodTypeForm::erasedType (5 bytes)
Event: 11.330 Thread 0x000002193f290090 nmethod 353 0x00000219310f0a10 code [0x00000219310f0ba0, 0x00000219310f0c70]
Event: 11.330 Thread 0x000002193f290090  355       3       java.lang.invoke.LambdaForm$Name::initIndex (26 bytes)
Event: 11.330 Thread 0x000002193f290090 nmethod 355 0x0000021929673b10 code [0x0000021929673cc0, 0x0000021929673e68]
Event: 11.330 Thread 0x000002193f290090  356       1       sun.invoke.util.Wrapper::basicTypeChar (5 bytes)
Event: 11.330 Thread 0x000002193f290090 nmethod 356 0x00000219310f1110 code [0x00000219310f12a0, 0x00000219310f1370]
Event: 11.330 Thread 0x000002193f290090  359       3       jdk.internal.org.objectweb.asm.ByteVector::putByte (39 bytes)
Event: 11.330 Thread 0x000002193f290090 nmethod 359 0x0000021929673f10 code [0x00000219296740c0, 0x00000219296742a8]
Event: 11.330 Thread 0x000002193f290090  360       3       java.lang.String::toString (2 bytes)
Event: 11.331 Thread 0x000002193f290090 nmethod 360 0x0000021929674410 code [0x00000219296745a0, 0x00000219296746b0]
Event: 11.331 Thread 0x000002193f290090  361       3       java.lang.StringConcatHelper::newArray (40 bytes)
Event: 11.331 Thread 0x000002193f290090 nmethod 361 0x0000021929674710 code [0x00000219296748e0, 0x0000021929674c08]
Event: 11.331 Thread 0x000002193f290090  362       3       java.nio.CharBuffer::position (6 bytes)
Event: 11.331 Thread 0x000002193f290090 nmethod 362 0x0000021929674d10 code [0x0000021929674ec0, 0x0000021929675070]
Event: 11.331 Thread 0x000002193f290090  363       3       java.nio.Buffer::flip (20 bytes)
Event: 11.331 Thread 0x000002193f290090 nmethod 363 0x0000021929675190 code [0x0000021929675320, 0x0000021929675440]
Event: 11.331 Thread 0x000002193f290090  364       3       jdk.internal.misc.Unsafe::allocateUninitializedArray0 (90 bytes)
Event: 11.331 Thread 0x000002193f290090 nmethod 364 0x0000021929675510 code [0x0000021929675740, 0x0000021929676018]

GC Heap History (0 events):
No events

Dll operation events (5 events):
Event: 0.008 Loaded shared library C:\Users\santi\.jdks\ms-21.0.8\bin\java.dll
Event: 0.078 Loaded shared library C:\Users\santi\.jdks\ms-21.0.8\bin\jsvml.dll
Event: 1.095 Loaded shared library C:\Users\santi\.jdks\ms-21.0.8\bin\net.dll
Event: 1.097 Loaded shared library C:\Users\santi\.jdks\ms-21.0.8\bin\nio.dll
Event: 1.100 Loaded shared library C:\Users\santi\.jdks\ms-21.0.8\bin\zip.dll

Deoptimization events (12 events):
Event: 3.192 Thread 0x000002191eb5efa0 DEOPT PACKING pc=0x0000021929614949 sp=0x0000005d8a1fe030
Event: 3.192 Thread 0x000002191eb5efa0 DEOPT UNPACKING pc=0x0000021930b84e42 sp=0x0000005d8a1fd4a0 mode 0
Event: 3.192 Thread 0x000002191eb5efa0 DEOPT PACKING pc=0x0000021929614949 sp=0x0000005d8a1fe030
Event: 3.192 Thread 0x000002191eb5efa0 DEOPT UNPACKING pc=0x0000021930b84e42 sp=0x0000005d8a1fd4a0 mode 0
Event: 3.192 Thread 0x000002191eb5efa0 DEOPT PACKING pc=0x0000021929614949 sp=0x0000005d8a1fe030
Event: 3.192 Thread 0x000002191eb5efa0 DEOPT UNPACKING pc=0x0000021930b84e42 sp=0x0000005d8a1fd4a0 mode 0
Event: 3.192 Thread 0x000002191eb5efa0 DEOPT PACKING pc=0x0000021929614949 sp=0x0000005d8a1fe030
Event: 3.192 Thread 0x000002191eb5efa0 DEOPT UNPACKING pc=0x0000021930b84e42 sp=0x0000005d8a1fd4a0 mode 0
Event: 10.285 Thread 0x000002191eb5efa0 Uncommon trap: trap_request=0xffffff45 fr.pc=0x00000219310e11cc relative=0x000000000000012c
Event: 10.285 Thread 0x000002191eb5efa0 Uncommon trap: reason=unstable_if action=reinterpret pc=0x00000219310e11cc method=java.lang.StringCoding.countPositives([BII)I @ 17 c2
Event: 10.285 Thread 0x000002191eb5efa0 DEOPT PACKING pc=0x00000219310e11cc sp=0x0000005d8a1fa520
Event: 10.285 Thread 0x000002191eb5efa0 DEOPT UNPACKING pc=0x0000021930b846a2 sp=0x0000005d8a1fa4a8 mode 2

Classes loaded (20 events):
Event: 3.205 Loading class java/net/URLConnection
Event: 3.205 Loading class java/net/URLConnection done
Event: 3.205 Loading class sun/net/www/URLConnection done
Event: 3.205 Loading class sun/net/www/protocol/file/FileURLConnection done
Event: 3.205 Loading class sun/net/www/MessageHeader
Event: 3.205 Loading class sun/net/www/MessageHeader done
Event: 3.205 Loading class java/io/FilePermission$1
Event: 3.205 Loading class jdk/internal/access/JavaIOFilePermissionAccess
Event: 3.205 Loading class jdk/internal/access/JavaIOFilePermissionAccess done
Event: 3.205 Loading class java/io/FilePermission$1 done
Event: 3.208 Loading class java/io/FilePermissionCollection
Event: 3.208 Loading class java/io/FilePermissionCollection done
Event: 3.208 Loading class java/util/Vector
Event: 3.208 Loading class java/util/Vector done
Event: 10.285 Loading class java/lang/IllegalStateException
Event: 10.285 Loading class java/lang/IllegalStateException done
Event: 10.289 Loading class java/lang/NumberFormatException
Event: 11.301 Loading class java/lang/NumberFormatException done
Event: 11.325 Loading class sun/invoke/util/VerifyAccess$1
Event: 11.325 Loading class sun/invoke/util/VerifyAccess$1 done

Classes unloaded (0 events):
No events

Classes redefined (0 events):
No events

Internal exceptions (2 events):
Event: 3.171 Thread 0x000002191eb5efa0 Exception <a 'java/lang/NoSuchMethodError'{0x00000007506e9190}: 'int java.lang.invoke.DirectMethodHandle$Holder.invokeSpecial(java.lang.Object, java.lang.Object, java.lang.Object)'> (0x00000007506e9190) 
thrown [s\src\hotspot\share\interpreter\linkResolver.cpp, line 773]
Event: 11.330 Thread 0x000002191eb5efa0 Exception <a 'java/lang/NoSuchMethodError'{0x0000000750535a28}: 'java.lang.Object java.lang.invoke.Invokers$Holder.invokeExact_MT(java.lang.Object, java.lang.Object, java.lang.Object, java.lang.Object, java.lang.Object)'> (0x0000000750535a28) 
thrown [s\src\hotspot\share\interpreter\linkResolver.cpp, line 773]

ZGC Phase Switch (0 events):
No events

VM Operations (11 events):
Event: 1.101 Executing VM operation: HandshakeAllThreads (Deoptimize)
Event: 1.101 Executing VM operation: HandshakeAllThreads (Deoptimize) done
Event: 1.101 Executing VM operation: Cleanup
Event: 1.101 Executing VM operation: Cleanup done
Event: 3.104 Executing VM operation: Cleanup
Event: 3.152 Executing VM operation: Cleanup done
Event: 4.153 Executing VM operation: Cleanup
Event: 4.153 Executing VM operation: Cleanup done
Event: 11.204 Executing VM operation: Cleanup
Event: 11.316 Executing VM operation: Cleanup done
Event: 12.326 Executing VM operation: Cleanup

Memory protections (0 events):
No events

Nmethod flushes (0 events):
No events

Events (11 events):
Event: 0.067 Thread 0x000002191eb5efa0 Thread added: 0x000002191eb5efa0
Event: 0.076 Thread 0x000002191eb5efa0 Thread added: 0x000002193ebfba10
Event: 0.076 Thread 0x000002191eb5efa0 Thread added: 0x000002193ebfe570
Event: 0.076 Thread 0x000002191eb5efa0 Thread added: 0x000002193ebff1c0
Event: 0.076 Thread 0x000002191eb5efa0 Thread added: 0x000002193ec00980
Event: 0.076 Thread 0x000002191eb5efa0 Thread added: 0x000002193ec043e0
Event: 0.076 Thread 0x000002191eb5efa0 Thread added: 0x000002193ec0ae30
Event: 0.076 Thread 0x000002191eb5efa0 Thread added: 0x000002193ec0e160
Event: 0.076 Thread 0x000002191eb5efa0 Thread added: 0x000002193f290090
Event: 1.088 Thread 0x000002191eb5efa0 Thread added: 0x000002193ec09a80
Event: 1.090 Thread 0x000002191eb5efa0 Thread added: 0x000002193ec0bb50


Dynamic libraries:
0x00007ff6032f0000 - 0x00007ff6032fe000 	C:\Users\santi\.jdks\ms-21.0.8\bin\java.exe
0x00007ff9cab20000 - 0x00007ff9cad89000 	C:\WINDOWS\SYSTEM32\ntdll.dll
0x00007ff9c8f80000 - 0x00007ff9c9049000 	C:\WINDOWS\System32\KERNEL32.DLL
0x00007ff9c7cb0000 - 0x00007ff9c80a3000 	C:\WINDOWS\System32\KERNELBASE.dll
0x00007ff9c8620000 - 0x00007ff9c876b000 	C:\WINDOWS\System32\ucrtbase.dll
0x00007ff993f20000 - 0x00007ff993f38000 	C:\Users\santi\.jdks\ms-21.0.8\bin\jli.dll
0x00007ff9ca910000 - 0x00007ff9caad4000 	C:\WINDOWS\System32\USER32.dll
0x00007ff9c8140000 - 0x00007ff9c8167000 	C:\WINDOWS\System32\win32u.dll
0x00007ff9c96e0000 - 0x00007ff9c970b000 	C:\WINDOWS\System32\GDI32.dll
0x00007ff9c82c0000 - 0x00007ff9c83ed000 	C:\WINDOWS\System32\gdi32full.dll
0x00007ff9c8210000 - 0x00007ff9c82b3000 	C:\WINDOWS\System32\msvcp_win.dll
0x00007ff9b6a80000 - 0x00007ff9b6a9e000 	C:\Users\santi\.jdks\ms-21.0.8\bin\VCRUNTIME140.dll
0x00007ff9add70000 - 0x00007ff9ae003000 	C:\WINDOWS\WinSxS\amd64_microsoft.windows.common-controls_6595b64144ccf1df_6.0.26100.5074_none_3e0d6f78e32fd63f\COMCTL32.dll
0x00007ff9c8d20000 - 0x00007ff9c8dc9000 	C:\WINDOWS\System32\msvcrt.dll
0x00007ff9c8a80000 - 0x00007ff9c8aaf000 	C:\WINDOWS\System32\IMM32.DLL
0x000000005b8c0000 - 0x000000005b8cc000 	C:\Program Files (x86)\360\Total Security\safemon\SafeWrapper.dll
0x00007ff9c9480000 - 0x00007ff9c9534000 	C:\WINDOWS\System32\ADVAPI32.dll
0x00007ff9c93d0000 - 0x00007ff9c9476000 	C:\WINDOWS\System32\sechost.dll
0x00007ff9ca370000 - 0x00007ff9ca488000 	C:\WINDOWS\System32\RPCRT4.dll
0x00007ff987740000 - 0x00007ff9877ec000 	C:\Program Files (x86)\360\Total Security\safemon\libzdtp64.dll
0x00007ff9c9c20000 - 0x00007ff9ca36d000 	C:\WINDOWS\System32\SHELL32.dll
0x00007ff9c83f0000 - 0x00007ff9c855c000 	C:\WINDOWS\System32\wintypes.dll
0x00007ff9c9050000 - 0x00007ff9c93cb000 	C:\WINDOWS\System32\combase.dll
0x00007ff9c9710000 - 0x00007ff9c9772000 	C:\WINDOWS\System32\SHLWAPI.dll
0x00007ff9c75f0000 - 0x00007ff9c75fb000 	C:\WINDOWS\SYSTEM32\VERSION.dll
0x00007ff9bfef0000 - 0x00007ff9bfefc000 	C:\Users\santi\.jdks\ms-21.0.8\bin\vcruntime140_1.dll
0x00007ff992380000 - 0x00007ff992409000 	C:\Users\santi\.jdks\ms-21.0.8\bin\msvcp140.dll
0x00007ff928e30000 - 0x00007ff929bdc000 	C:\Users\santi\.jdks\ms-21.0.8\bin\server\jvm.dll
0x00007ff9c8970000 - 0x00007ff9c89e4000 	C:\WINDOWS\System32\WS2_32.dll
0x00007ff9c7b10000 - 0x00007ff9c7b6e000 	C:\WINDOWS\SYSTEM32\POWRPROF.dll
0x00007ff9bc0e0000 - 0x00007ff9bc115000 	C:\WINDOWS\SYSTEM32\WINMM.dll
0x00007ff9c7af0000 - 0x00007ff9c7b04000 	C:\WINDOWS\SYSTEM32\UMPDC.dll
0x00007ff9c6a20000 - 0x00007ff9c6a3b000 	C:\WINDOWS\SYSTEM32\kernel.appcore.dll
0x00007ff996140000 - 0x00007ff99614a000 	C:\Users\santi\.jdks\ms-21.0.8\bin\jimage.dll
0x00007ff9c54b0000 - 0x00007ff9c56f2000 	C:\WINDOWS\SYSTEM32\DBGHELP.DLL
0x00007ff9c8dd0000 - 0x00007ff9c8ea7000 	C:\WINDOWS\System32\OLEAUT32.dll
0x00007ff9a6ec0000 - 0x00007ff9a6efd000 	C:\WINDOWS\SYSTEM32\dbgcore.DLL
0x00007ff9c8170000 - 0x00007ff9c8209000 	C:\WINDOWS\System32\bcryptPrimitives.dll
0x00007ff98b060000 - 0x00007ff98b081000 	C:\Users\santi\.jdks\ms-21.0.8\bin\java.dll
0x00007ff9c5700000 - 0x00007ff9c5f59000 	C:\WINDOWS\SYSTEM32\windows.storage.dll
0x00007ff9c8c20000 - 0x00007ff9c8d10000 	C:\WINDOWS\System32\SHCORE.dll
0x00007ff9c7bd0000 - 0x00007ff9c7bf9000 	C:\WINDOWS\SYSTEM32\profapi.dll
0x00007ff963930000 - 0x00007ff963a06000 	C:\Users\santi\.jdks\ms-21.0.8\bin\jsvml.dll
0x00007ff993f00000 - 0x00007ff993f11000 	C:\Users\santi\.jdks\ms-21.0.8\bin\net.dll
0x00007ff9b76e0000 - 0x00007ff9b77ff000 	C:\WINDOWS\SYSTEM32\WINHTTP.dll
0x00007ff9c6fa0000 - 0x00007ff9c700b000 	C:\WINDOWS\system32\mswsock.dll
0x00007ff992360000 - 0x00007ff992376000 	C:\Users\santi\.jdks\ms-21.0.8\bin\nio.dll
0x00007ff991f50000 - 0x00007ff991f68000 	C:\Users\santi\.jdks\ms-21.0.8\bin\zip.dll

JVMTI agents: none

dbghelp: loaded successfully - version: 4.0.5 - missing functions: none
symbol engine: initialized successfully - sym options: 0x614 - pdb path: .;C:\Users\santi\.jdks\ms-21.0.8\bin;C:\WINDOWS\SYSTEM32;C:\WINDOWS\WinSxS\amd64_microsoft.windows.common-controls_6595b64144ccf1df_6.0.26100.5074_none_3e0d6f78e32fd63f;C:\Program Files (x86)\360\Total Security\safemon;C:\Users\santi\.jdks\ms-21.0.8\bin\server

VM Arguments:
jvm_args: -Dclassworlds.conf=C:\Users\santi\AppData\Local\Programs\IntelliJ IDEA Ultimate 2025.2.3\plugins\maven\lib\maven3\bin\m2.conf -Dmaven.home=C:\Users\santi\AppData\Local\Programs\IntelliJ IDEA Ultimate 2025.2.3\plugins\maven\lib\maven3 -Dlibrary.jansi.path=C:\Users\santi\AppData\Local\Programs\IntelliJ IDEA Ultimate 2025.2.3\plugins\maven\lib\maven3\lib\jansi-native -Dmaven.multiModuleProjectDirectory=C:\Users\santi\75318-backend-1 
java_command: org.codehaus.plexus.classworlds.launcher.Launcher -Didea.version=2025.2.3 -Dmaven.ext.class.path=C:\Users\santi\AppData\Local\Programs\IntelliJ IDEA Ultimate 2025.2.3\plugins\maven\lib\maven-event-listener.jar -Djansi.passthrough=true -Dstyle.color=always -Dmaven.repo.local=C:\Users\santi\.m2\repository clean -f pom.xml
java_class_path (initial): C:\Users\santi\AppData\Local\Programs\IntelliJ IDEA Ultimate 2025.2.3\plugins\maven\lib\maven3\boot\plexus-classworlds-2.8.0.jar
Launcher Type: SUN_STANDARD

[Global flags]
     intx CICompilerCount                          = 4                                         {product} {ergonomic}
     uint ConcGCThreads                            = 3                                         {product} {ergonomic}
     uint G1ConcRefinementThreads                  = 10                                        {product} {ergonomic}
   size_t G1HeapRegionSize                         = 2097152                                   {product} {ergonomic}
    uintx GCDrainStackTargetSize                   = 64                                        {product} {ergonomic}
   size_t InitialHeapSize                          = 197132288                                 {product} {ergonomic}
   size_t MarkStackSize                            = 4194304                                   {product} {ergonomic}
   size_t MaxHeapSize                              = 3139436544                                {product} {ergonomic}
   size_t MaxNewSize                               = 1883242496                                {product} {ergonomic}
   size_t MinHeapDeltaBytes                        = 2097152                                   {product} {ergonomic}
   size_t MinHeapSize                              = 8388608                                   {product} {ergonomic}
    uintx NonNMethodCodeHeapSize                   = 5839372                                {pd product} {ergonomic}
    uintx NonProfiledCodeHeapSize                  = 122909434                              {pd product} {ergonomic}
    uintx ProfiledCodeHeapSize                     = 122909434                              {pd product} {ergonomic}
    uintx ReservedCodeCacheSize                    = 251658240                              {pd product} {ergonomic}
     bool SegmentedCodeCache                       = true                                      {product} {ergonomic}
   size_t SoftMaxHeapSize                          = 3139436544                             {manageable} {ergonomic}
     bool UseCompressedOops                        = true                           {product lp64_product} {ergonomic}
     bool UseG1GC                                  = true                                      {product} {ergonomic}
     bool UseLargePagesIndividualAllocation        = false                                  {pd product} {ergonomic}

Logging:
Log output configuration:
 #0: stdout all=warning uptime,level,tags foldmultilines=false
 #1: stderr all=off uptime,level,tags foldmultilines=false

Environment Variables:
JAVA_HOME=C:\Users\santi\.jdks\ms-21.0.8
PATH=C:\Program Files (x86)\Common Files\Oracle\Java\java8path;C:\Program Files (x86)\Common Files\Oracle\Java\javapath;C:\WINDOWS\system32;C:\WINDOWS;C:\WINDOWS\System32\Wbem;C:\WINDOWS\System32\WindowsPowerShell\v1.0\;C:\WINDOWS\System32\OpenSSH\;C:\Program Files\dotnet\;C:\Program Files\Git\cmd;C:\Users\santi\AppData\Local\Microsoft\WindowsApps\python.exe;C:\Program Files\nodejs\;C:\Users\santi\AppData\Local\Programs\Python\Python313\Scripts\;C:\Users\santi\AppData\Local\Programs\Python\Python313\;C:\Users\santi\AppData\Local\Programs\Python\Launcher\;C:\Users\santi\AppData\Local\Microsoft\WindowsApps;C:\Users\santi\AppData\Local\Programs\Microsoft VS Code\bin;C:\ProgramData\santi\GitHubDesktop\bin;C:\Users\santi\AppData\Roaming\npm
USERNAME=santi
OS=Windows_NT
PROCESSOR_IDENTIFIER=Intel64 Family 6 Model 154 Stepping 4, GenuineIntel
TMP=C:\Users\santi\AppData\Local\Temp
TEMP=C:\Users\santi\AppData\Local\Temp




Periodic native trim disabled

---------------  S Y S T E M  ---------------

OS:
 Windows 11 , 64 bit Build 26100 (10.0.26100.5074)
OS uptime: 0 days 8:47 hours
Hyper-V role detected

CPU: total 12 (initial active 12) (6 cores per cpu, 2 threads per core) family 6 model 154 stepping 4 microcode 0x42c, cx8, cmov, fxsr, ht, mmx, 3dnowpref, sse, sse2, sse3, ssse3, sse4.1, sse4.2, popcnt, lzcnt, tsc, tscinvbit, avx, avx2, aes, erms, clmul, bmi1, bmi2, adx, sha, fma, vzeroupper, clflush, clflushopt, clwb, hv, serialize, rdtscp, rdpid, fsrm, f16c, cet_ibt, cet_ss
Processor Information for processor 0
  Max Mhz: 1300, Current Mhz: 1300, Mhz Limit: 1300
Processor Information for processor 1
  Max Mhz: 1300, Current Mhz: 1300, Mhz Limit: 1300
Processor Information for processor 2
  Max Mhz: 1300, Current Mhz: 1300, Mhz Limit: 1300
Processor Information for processor 3
  Max Mhz: 1300, Current Mhz: 1300, Mhz Limit: 1300
Processor Information for processor 4
  Max Mhz: 1300, Current Mhz: 900, Mhz Limit: 897
Processor Information for processor 5
  Max Mhz: 1300, Current Mhz: 900, Mhz Limit: 897
Processor Information for processor 6
  Max Mhz: 1300, Current Mhz: 900, Mhz Limit: 897
Processor Information for processor 7
  Max Mhz: 1300, Current Mhz: 900, Mhz Limit: 897
Processor Information for processor 8
  Max Mhz: 1300, Current Mhz: 900, Mhz Limit: 897
Processor Information for processor 9
  Max Mhz: 1300, Current Mhz: 900, Mhz Limit: 897
Processor Information for processor 10
  Max Mhz: 1300, Current Mhz: 900, Mhz Limit: 897
Processor Information for processor 11
  Max Mhz: 1300, Current Mhz: 900, Mhz Limit: 897

Memory: 4k page, system-wide physical 11973M (1512M free)
TotalPageFile size 16069M (AvailPageFile size 0M)
current process WorkingSet (physical memory assigned to process): 44M, peak: 45M
current process commit charge ("private bytes"): 277M, peak: 278M

vm_info: OpenJDK 64-Bit Server VM (21.0.8+9-LTS) for windows-amd64 JRE (21.0.8+9-LTS), built on 2025-07-10T20:22:44Z by "MicrosoftCorporation" with unknown MS VC++:1944

END.
